Log file open, 04/13/20 20:34:45
LogWindows: Failed to load 'aqProf.dll' (GetLastError=126)
LogWindows: File 'aqProf.dll' does not exist
LogWindows: Failed to load 'VtuneApi.dll' (GetLastError=126)
LogWindows: File 'VtuneApi.dll' does not exist
LogWindows: Failed to load 'VtuneApi32e.dll' (GetLastError=126)
LogWindows: File 'VtuneApi32e.dll' does not exist
LogConsoleResponse: Display: Failed to find resolution value strings in scalability ini. Falling back to default.
LogInit: Display: Running engine for game: FPSProject
LogPlatformFile: Not using cached read wrapper
LogTaskGraph: Started task graph with 5 named threads and 47 total threads with 3 sets of task threads.
LogStats: Stats thread started at 0.158027
LogD3D11RHI: Loaded GFSDK_Aftermath_Lib.x64.dll
LogICUInternationalization: ICU TimeZone Detection - Raw Offset: -8:00, Platform Override: ''
LogPluginManager: Mounting plugin Paper2D
LogPluginManager: Mounting plugin AISupport
LogPluginManager: Mounting plugin LightPropagationVolume
LogPluginManager: Mounting plugin ActorLayerUtilities
LogPluginManager: Mounting plugin AnimationSharing
LogPluginManager: Mounting plugin CLionSourceCodeAccess
LogPluginManager: Mounting plugin CodeLiteSourceCodeAccess
LogPluginManager: Mounting plugin GitSourceControl
LogPluginManager: Mounting plugin KDevelopSourceCodeAccess
LogPluginManager: Mounting plugin NullSourceCodeAccess
LogPluginManager: Mounting plugin PerforceSourceControl
LogPluginManager: Mounting plugin PlasticSourceControl
LogPluginManager: Mounting plugin SubversionSourceControl
LogPluginManager: Mounting plugin UObjectPlugin
LogPluginManager: Mounting plugin VisualStudioCodeSourceCodeAccess
LogPluginManager: Mounting plugin VisualStudioSourceCodeAccess
LogPluginManager: Mounting plugin XCodeSourceCodeAccess
LogPluginManager: Mounting plugin AssetManagerEditor
LogPluginManager: Mounting plugin CryptoKeys
LogPluginManager: Mounting plugin CurveEditorTools
LogPluginManager: Mounting plugin DataValidation
LogPluginManager: Mounting plugin FacialAnimation
LogPluginManager: Mounting plugin GameplayTagsEditor
LogPluginManager: Mounting plugin MacGraphicsSwitching
LogPluginManager: Mounting plugin MaterialAnalyzer
LogPluginManager: Mounting plugin MobileLauncherProfileWizard
LogPluginManager: Mounting plugin PluginBrowser
LogPluginManager: Mounting plugin SpeedTreeImporter
LogPluginManager: Mounting plugin DatasmithContent
LogPluginManager: Mounting plugin VariantManagerContent
LogPluginManager: Mounting plugin AlembicImporter
LogPluginManager: Mounting plugin AutomationUtils
LogPluginManager: Mounting plugin BackChannel
LogPluginManager: Mounting plugin CharacterAI
LogPluginManager: Mounting plugin GeometryCache
LogPluginManager: Mounting plugin PlatformCrypto
LogPluginManager: Mounting plugin ProxyLODPlugin
LogPluginManager: Mounting plugin SkeletalReduction
LogPluginManager: Mounting plugin MagicLeap
LogPluginManager: Mounting plugin MagicLeapMedia
LogPluginManager: Mounting plugin MLSDK
LogPluginManager: Mounting plugin AndroidMedia
LogPluginManager: Mounting plugin AvfMedia
LogPluginManager: Mounting plugin ImgMedia
LogPluginManager: Mounting plugin MediaCompositing
LogPluginManager: Mounting plugin MediaPlayerEditor
LogPluginManager: Mounting plugin WebMMedia
LogPluginManager: Mounting plugin WmfMedia
LogPluginManager: Mounting plugin TcpMessaging
LogPluginManager: Mounting plugin UdpMessaging
LogPluginManager: Mounting plugin ActorSequence
LogPluginManager: Mounting plugin LevelSequenceEditor
LogPluginManager: Mounting plugin MatineeToLevelSequence
LogPluginManager: Mounting plugin NetcodeUnitTest
LogPluginManager: Mounting plugin NUTUnrealEngine4
LogPluginManager: Mounting plugin OnlineSubsystemGooglePlay
LogPluginManager: Mounting plugin OnlineSubsystemIOS
LogPluginManager: Mounting plugin OnlineSubsystem
LogPluginManager: Mounting plugin OnlineSubsystemNull
LogPluginManager: Mounting plugin OnlineSubsystemUtils
LogPluginManager: Mounting plugin LauncherChunkInstaller
LogPluginManager: Mounting plugin AndroidDeviceProfileSelector
LogPluginManager: Mounting plugin AndroidMoviePlayer
LogPluginManager: Mounting plugin AndroidPermission
LogPluginManager: Mounting plugin AppleImageUtils
LogPluginManager: Mounting plugin AppleMoviePlayer
LogPluginManager: Mounting plugin ArchVisCharacter
LogPluginManager: Mounting plugin AssetTags
LogPluginManager: Mounting plugin AudioCapture
LogPluginManager: Mounting plugin CableComponent
LogPluginManager: Mounting plugin CustomMeshComponent
LogPluginManager: Mounting plugin EditableMesh
LogPluginManager: Mounting plugin ExampleDeviceProfileSelector
LogPluginManager: Mounting plugin GoogleCloudMessaging
LogPluginManager: Mounting plugin IOSDeviceProfileSelector
LogPluginManager: Mounting plugin LinuxDeviceProfileSelector
LogPluginManager: Mounting plugin LocationServicesBPLibrary
LogPluginManager: Mounting plugin MobilePatchingUtils
LogPluginManager: Mounting plugin OculusVR
LogPluginManager: Mounting plugin PhysXVehicles
LogPluginManager: Mounting plugin PostSplashScreen
LogPluginManager: Mounting plugin ProceduralMeshComponent
LogPluginManager: Mounting plugin RuntimePhysXCooking
LogPluginManager: Mounting plugin SignificanceManager
LogPluginManager: Mounting plugin SteamVR
LogPluginManager: Mounting plugin WebMMoviePlayer
LogPluginManager: Mounting plugin WindowsMoviePlayer
LogPluginManager: Mounting plugin ScreenshotTools
LogInit: Using libcurl 7.55.1-DEV
LogInit:  - built for x86_64-pc-win32
LogInit:  - supports SSL with OpenSSL/1.1.1
LogInit:  - supports HTTP deflate (compression) using libz 1.2.8
LogInit:  - other features:
LogInit:      CURL_VERSION_SSL
LogInit:      CURL_VERSION_LIBZ
LogInit:      CURL_VERSION_IPV6
LogInit:      CURL_VERSION_ASYNCHDNS
LogInit:      CURL_VERSION_LARGEFILE
LogInit:      CURL_VERSION_IDN
LogInit:  CurlRequestOptions (configurable via config and command line):
LogInit:  - bVerifyPeer = true  - Libcurl will verify peer certificate
LogInit:  - bUseHttpProxy = false  - Libcurl will NOT use HTTP proxy
LogInit:  - bDontReuseConnections = false  - Libcurl will reuse connections
LogInit:  - MaxHostConnections = 16  - Libcurl will limit the number of connections to a host
LogInit:  - LocalHostAddr = Default
LogInit:  - BufferSize = 65536
LogOnline: OSS: Creating online subsystem instance for: NULL
LogInit: WinSock: version 1.1 (2.2), MaxSocks=32767, MaxUdp=65467
LogOnline: OSS: TryLoadSubsystemAndSetDefault: Loaded subsystem for module [NULL]
LogInit: Build: ++UE4+Release-4.24-CL-11590370
LogInit: Engine Version: 4.24.3-11590370+++UE4+Release-4.24
LogInit: Compatible Engine Version: 4.24.0-10570792+++UE4+Release-4.24
LogInit: Net CL: 10570792
LogInit: OS: Windows 10 (Release 1903) (), CPU: AMD Ryzen 7 2700X Eight-Core Processor         , GPU: NVIDIA GeForce RTX 2070
LogInit: Compiled (64-bit): Feb 24 2020 15:39:18
LogInit: Compiled with Visual C++: 19.16.27032.01
LogInit: Build Configuration: Development
LogInit: Branch Name: ++UE4+Release-4.24
LogInit: Command Line:  -skipcompile
LogInit: Base Directory: C:/Program Files/Epic Games/UE_4.24/Engine/Binaries/Win64/
LogInit: Installed Engine Build: 1
LogDevObjectVersion: Number of dev versions registered: 25
LogDevObjectVersion:   Dev-Blueprints (B0D832E4-1F89-4F0D-ACCF-7EB736FD4AA2): 10
LogDevObjectVersion:   Dev-Build (E1C64328-A22C-4D53-A36C-8E866417BD8C): 0
LogDevObjectVersion:   Dev-Core (375EC13C-06E4-48FB-B500-84F0262A717E): 3
LogDevObjectVersion:   Dev-Editor (E4B068ED-F494-42E9-A231-DA0B2E46BB41): 37
LogDevObjectVersion:   Dev-Framework (CFFC743F-43B0-4480-9391-14DF171D2073): 36
LogDevObjectVersion:   Dev-Mobile (B02B49B5-BB20-44E9-A304-32B752E40360): 2
LogDevObjectVersion:   Dev-Networking (A4E4105C-59A1-49B5-A7C5-40C4547EDFEE): 0
LogDevObjectVersion:   Dev-Online (39C831C9-5AE6-47DC-9A44-9C173E1C8E7C): 0
LogDevObjectVersion:   Dev-Physics (78F01B33-EBEA-4F98-B9B4-84EACCB95AA2): 2
LogDevObjectVersion:   Dev-Platform (6631380F-2D4D-43E0-8009-CF276956A95A): 0
LogDevObjectVersion:   Dev-Rendering (12F88B9F-8875-4AFC-A67C-D90C383ABD29): 36
LogDevObjectVersion:   Dev-Sequencer (7B5AE74C-D270-4C10-A958-57980B212A5A): 11
LogDevObjectVersion:   Dev-VR (D7296918-1DD6-4BDD-9DE2-64A83CC13884): 2
LogDevObjectVersion:   Dev-LoadTimes (C2A15278-BFE7-4AFE-6C17-90FF531DF755): 1
LogDevObjectVersion:   Private-Geometry (6EACA3D4-40EC-4CC1-B786-8BED09428FC5): 3
LogDevObjectVersion:   Dev-AnimPhys (29E575DD-E0A3-4627-9D10-D276232CDCEA): 17
LogDevObjectVersion:   Dev-Anim (AF43A65D-7FD3-4947-9873-3E8ED9C1BB05): 2
LogDevObjectVersion:   Dev-ReflectionCapture (6B266CEC-1EC7-4B8F-A30B-E4D90942FC07): 1
LogDevObjectVersion:   Dev-Automation (0DF73D61-A23F-47EA-B727-89E90C41499A): 1
LogDevObjectVersion:   FortniteMain (601D1886-AC64-4F84-AA16-D3DE0DEAC7D6): 31
LogDevObjectVersion:   Dev-Enterprise (9DFFBCD6-494F-0158-E221-12823C92A888): 8
LogDevObjectVersion:   Dev-Niagara (F2AED0AC-9AFE-416F-8664-AA7FFA26D6FC): 1
LogDevObjectVersion:   Dev-Destruction (174F1F0B-B4C6-45A5-B13F-2EE8D0FB917D): 9
LogDevObjectVersion:   Dev-Physics-Ext (35F94A83-E258-406C-A318-09F59610247C): 8
LogDevObjectVersion:   Dev-CineCamera (B2E18506-4273-CFC2-A54E-F4BB758BBA07): 1
LogInit: Presizing for max 25165824 objects, including 0 objects not considered by GC, pre-allocating 0 bytes for permanent pool.
LogInit: Object subsystem initialized
LogConfig: Setting CVar [[con.DebugEarlyDefault:1]]
LogConfig: Setting CVar [[r.setres:1280x720]]
[2020.04.14-03.34.46:137][  0]LogConfig: Setting CVar [[r.VSync:0]]
[2020.04.14-03.34.46:137][  0]LogConfig: Setting CVar [[r.RHICmdBypass:0]]
[2020.04.14-03.34.46:138][  0]LogConfig: Applying CVar settings from Section [/Script/Engine.RendererSettings] File [C:/Users/sfg55/Documents/Unreal Projects/FPSProject/Saved/Config/Windows/Engine.ini]
[2020.04.14-03.34.46:138][  0]LogConfig: Setting CVar [[r.GPUCrashDebugging:0]]
[2020.04.14-03.34.46:138][  0]LogConfig: Applying CVar settings from Section [/Script/Engine.RendererOverrideSettings] File [C:/Users/sfg55/Documents/Unreal Projects/FPSProject/Saved/Config/Windows/Engine.ini]
[2020.04.14-03.34.46:138][  0]LogConfig: Applying CVar settings from Section [/Script/Engine.StreamingSettings] File [C:/Users/sfg55/Documents/Unreal Projects/FPSProject/Saved/Config/Windows/Engine.ini]
[2020.04.14-03.34.46:138][  0]LogConfig: Setting CVar [[s.MinBulkDataSizeForAsyncLoading:131072]]
[2020.04.14-03.34.46:138][  0]LogConfig: Setting CVar [[s.AsyncLoadingThreadEnabled:0]]
[2020.04.14-03.34.46:138][  0]LogConfig: Setting CVar [[s.EventDrivenLoaderEnabled:1]]
[2020.04.14-03.34.46:138][  0]LogConfig: Setting CVar [[s.WarnIfTimeLimitExceeded:0]]
[2020.04.14-03.34.46:138][  0]LogConfig: Setting CVar [[s.TimeLimitExceededMultiplier:1.5]]
[2020.04.14-03.34.46:138][  0]LogConfig: Setting CVar [[s.TimeLimitExceededMinTime:0.005]]
[2020.04.14-03.34.46:138][  0]LogConfig: Setting CVar [[s.UseBackgroundLevelStreaming:1]]
[2020.04.14-03.34.46:138][  0]LogConfig: Setting CVar [[s.PriorityAsyncLoadingExtraTime:15.0]]
[2020.04.14-03.34.46:138][  0]LogConfig: Setting CVar [[s.LevelStreamingActorsUpdateTimeLimit:5.0]]
[2020.04.14-03.34.46:138][  0]LogConfig: Setting CVar [[s.PriorityLevelStreamingActorsUpdateExtraTime:5.0]]
[2020.04.14-03.34.46:138][  0]LogConfig: Setting CVar [[s.LevelStreamingComponentsRegistrationGranularity:10]]
[2020.04.14-03.34.46:138][  0]LogConfig: Setting CVar [[s.UnregisterComponentsTimeLimit:1.0]]
[2020.04.14-03.34.46:138][  0]LogConfig: Setting CVar [[s.LevelStreamingComponentsUnregistrationGranularity:5]]
[2020.04.14-03.34.46:138][  0]LogConfig: Setting CVar [[s.FlushStreamingOnExit:1]]
[2020.04.14-03.34.46:138][  0]LogConfig: Applying CVar settings from Section [/Script/Engine.GarbageCollectionSettings] File [C:/Users/sfg55/Documents/Unreal Projects/FPSProject/Saved/Config/Windows/Engine.ini]
[2020.04.14-03.34.46:138][  0]LogConfig: Setting CVar [[gc.MaxObjectsNotConsideredByGC:1]]
[2020.04.14-03.34.46:138][  0]LogConfig: Setting CVar [[gc.SizeOfPermanentObjectPool:0]]
[2020.04.14-03.34.46:139][  0]LogConfig: Setting CVar [[gc.FlushStreamingOnGC:0]]
[2020.04.14-03.34.46:139][  0]LogConfig: Setting CVar [[gc.NumRetriesBeforeForcingGC:10]]
[2020.04.14-03.34.46:139][  0]LogConfig: Setting CVar [[gc.AllowParallelGC:1]]
[2020.04.14-03.34.46:139][  0]LogConfig: Setting CVar [[gc.TimeBetweenPurgingPendingKillObjects:61.1]]
[2020.04.14-03.34.46:139][  0]LogConfig: Setting CVar [[gc.MaxObjectsInEditor:25165824]]
[2020.04.14-03.34.46:139][  0]LogConfig: Setting CVar [[gc.IncrementalBeginDestroyEnabled:1]]
[2020.04.14-03.34.46:139][  0]LogConfig: Setting CVar [[gc.CreateGCClusters:1]]
[2020.04.14-03.34.46:139][  0]LogConfig: Setting CVar [[gc.MinGCClusterSize:5]]
[2020.04.14-03.34.46:139][  0]LogConfig: Setting CVar [[gc.ActorClusteringEnabled:0]]
[2020.04.14-03.34.46:139][  0]LogConfig: Setting CVar [[gc.BlueprintClusteringEnabled:0]]
[2020.04.14-03.34.46:139][  0]LogConfig: Setting CVar [[gc.UseDisregardForGCOnDedicatedServers:0]]
[2020.04.14-03.34.46:139][  0]LogConfig: Applying CVar settings from Section [/Script/Engine.NetworkSettings] File [C:/Users/sfg55/Documents/Unreal Projects/FPSProject/Saved/Config/Windows/Engine.ini]
[2020.04.14-03.34.46:139][  0]LogConfig: Applying CVar settings from Section [/Script/UnrealEd.CookerSettings] File [C:/Users/sfg55/Documents/Unreal Projects/FPSProject/Saved/Config/Windows/Engine.ini]
[2020.04.14-03.34.46:150][  0]LogConfig: Applying CVar settings from Section [ViewDistanceQuality@3] File [C:/Users/sfg55/Documents/Unreal Projects/FPSProject/Saved/Config/Windows/Scalability.ini]
[2020.04.14-03.34.46:150][  0]LogConfig: Setting CVar [[r.SkeletalMeshLODBias:0]]
[2020.04.14-03.34.46:150][  0]LogConfig: Setting CVar [[r.ViewDistanceScale:1.0]]
[2020.04.14-03.34.46:150][  0]LogConfig: Applying CVar settings from Section [AntiAliasingQuality@3] File [C:/Users/sfg55/Documents/Unreal Projects/FPSProject/Saved/Config/Windows/Scalability.ini]
[2020.04.14-03.34.46:150][  0]LogConfig: Setting CVar [[r.PostProcessAAQuality:4]]
[2020.04.14-03.34.46:150][  0]LogConfig: Applying CVar settings from Section [ShadowQuality@3] File [C:/Users/sfg55/Documents/Unreal Projects/FPSProject/Saved/Config/Windows/Scalability.ini]
[2020.04.14-03.34.46:150][  0]LogConfig: Setting CVar [[r.LightFunctionQuality:1]]
[2020.04.14-03.34.46:150][  0]LogConfig: Setting CVar [[r.ShadowQuality:5]]
[2020.04.14-03.34.46:150][  0]LogConfig: Setting CVar [[r.Shadow.CSM.MaxCascades:10]]
[2020.04.14-03.34.46:150][  0]LogConfig: Setting CVar [[r.Shadow.MaxResolution:2048]]
[2020.04.14-03.34.46:151][  0]LogConfig: Setting CVar [[r.Shadow.MaxCSMResolution:2048]]
[2020.04.14-03.34.46:151][  0]LogConfig: Setting CVar [[r.Shadow.RadiusThreshold:0.01]]
[2020.04.14-03.34.46:151][  0]LogConfig: Setting CVar [[r.Shadow.DistanceScale:1.0]]
[2020.04.14-03.34.46:151][  0]LogConfig: Setting CVar [[r.Shadow.CSM.TransitionScale:1.0]]
[2020.04.14-03.34.46:151][  0]LogConfig: Setting CVar [[r.Shadow.PreShadowResolutionFactor:1.0]]
[2020.04.14-03.34.46:151][  0]LogConfig: Setting CVar [[r.DistanceFieldShadowing:1]]
[2020.04.14-03.34.46:151][  0]LogConfig: Setting CVar [[r.DistanceFieldAO:1]]
[2020.04.14-03.34.46:151][  0]LogConfig: Setting CVar [[r.AOQuality:2]]
[2020.04.14-03.34.46:151][  0]LogConfig: Setting CVar [[r.VolumetricFog:1]]
[2020.04.14-03.34.46:151][  0]LogConfig: Setting CVar [[r.VolumetricFog.GridPixelSize:8]]
[2020.04.14-03.34.46:151][  0]LogConfig: Setting CVar [[r.VolumetricFog.GridSizeZ:128]]
[2020.04.14-03.34.46:151][  0]LogConfig: Setting CVar [[r.VolumetricFog.HistoryMissSupersampleCount:4]]
[2020.04.14-03.34.46:151][  0]LogConfig: Setting CVar [[r.LightMaxDrawDistanceScale:1]]
[2020.04.14-03.34.46:151][  0]LogConfig: Setting CVar [[r.CapsuleShadows:1]]
[2020.04.14-03.34.46:151][  0]LogConfig: Applying CVar settings from Section [PostProcessQuality@3] File [C:/Users/sfg55/Documents/Unreal Projects/FPSProject/Saved/Config/Windows/Scalability.ini]
[2020.04.14-03.34.46:152][  0]LogConfig: Setting CVar [[r.MotionBlurQuality:4]]
[2020.04.14-03.34.46:152][  0]LogConfig: Setting CVar [[r.AmbientOcclusionMipLevelFactor:0.4]]
[2020.04.14-03.34.46:152][  0]LogConfig: Setting CVar [[r.AmbientOcclusionMaxQuality:100]]
[2020.04.14-03.34.46:152][  0]LogConfig: Setting CVar [[r.AmbientOcclusionLevels:-1]]
[2020.04.14-03.34.46:152][  0]LogConfig: Setting CVar [[r.AmbientOcclusionRadiusScale:1.0]]
[2020.04.14-03.34.46:152][  0]LogConfig: Setting CVar [[r.DepthOfFieldQuality:2]]
[2020.04.14-03.34.46:152][  0]LogConfig: Setting CVar [[r.RenderTargetPoolMin:400]]
[2020.04.14-03.34.46:152][  0]LogConfig: Setting CVar [[r.LensFlareQuality:2]]
[2020.04.14-03.34.46:152][  0]LogConfig: Setting CVar [[r.SceneColorFringeQuality:1]]
[2020.04.14-03.34.46:152][  0]LogConfig: Setting CVar [[r.EyeAdaptationQuality:2]]
[2020.04.14-03.34.46:152][  0]LogConfig: Setting CVar [[r.BloomQuality:5]]
[2020.04.14-03.34.46:152][  0]LogConfig: Setting CVar [[r.FastBlurThreshold:100]]
[2020.04.14-03.34.46:152][  0]LogConfig: Setting CVar [[r.Upscale.Quality:3]]
[2020.04.14-03.34.46:152][  0]LogConfig: Setting CVar [[r.Tonemapper.GrainQuantization:1]]
[2020.04.14-03.34.46:152][  0]LogConfig: Setting CVar [[r.LightShaftQuality:1]]
[2020.04.14-03.34.46:152][  0]LogConfig: Setting CVar [[r.Filter.SizeScale:1]]
[2020.04.14-03.34.46:152][  0]LogConfig: Setting CVar [[r.Tonemapper.Quality:5]]
[2020.04.14-03.34.46:152][  0]LogConfig: Setting CVar [[r.DOF.Gather.AccumulatorQuality:1        ; higher gathering accumulator quality]]
[2020.04.14-03.34.46:152][  0]LogConfig: Setting CVar [[r.DOF.Gather.PostfilterMethod:1          ; Median3x3 postfilering method]]
[2020.04.14-03.34.46:152][  0]LogConfig: Setting CVar [[r.DOF.Gather.EnableBokehSettings:0       ; no bokeh simulation when gathering]]
[2020.04.14-03.34.46:153][  0]LogConfig: Setting CVar [[r.DOF.Gather.RingCount:4                 ; medium number of samples when gathering]]
[2020.04.14-03.34.46:153][  0]LogConfig: Setting CVar [[r.DOF.Scatter.ForegroundCompositing:1    ; additive foreground scattering]]
[2020.04.14-03.34.46:153][  0]LogConfig: Setting CVar [[r.DOF.Scatter.BackgroundCompositing:2    ; additive background scattering]]
[2020.04.14-03.34.46:153][  0]LogConfig: Setting CVar [[r.DOF.Scatter.EnableBokehSettings:1      ; bokeh simulation when scattering]]
[2020.04.14-03.34.46:153][  0]LogConfig: Setting CVar [[r.DOF.Scatter.MaxSpriteRatio:0.1         ; only a maximum of 10% of scattered bokeh]]
[2020.04.14-03.34.46:153][  0]LogConfig: Setting CVar [[r.DOF.Recombine.Quality:1                ; cheap slight out of focus]]
[2020.04.14-03.34.46:153][  0]LogConfig: Setting CVar [[r.DOF.Recombine.EnableBokehSettings:0    ; no bokeh simulation on slight out of focus]]
[2020.04.14-03.34.46:153][  0]LogConfig: Setting CVar [[r.DOF.TemporalAAQuality:1                ; more stable temporal accumulation]]
[2020.04.14-03.34.46:153][  0]LogConfig: Setting CVar [[r.DOF.Kernel.MaxForegroundRadius:0.025]]
[2020.04.14-03.34.46:153][  0]LogConfig: Setting CVar [[r.DOF.Kernel.MaxBackgroundRadius:0.025]]
[2020.04.14-03.34.46:153][  0]LogConfig: Applying CVar settings from Section [TextureQuality@3] File [C:/Users/sfg55/Documents/Unreal Projects/FPSProject/Saved/Config/Windows/Scalability.ini]
[2020.04.14-03.34.46:153][  0]LogConfig: Setting CVar [[r.Streaming.MipBias:0]]
[2020.04.14-03.34.46:153][  0]LogConfig: Setting CVar [[r.Streaming.AmortizeCPUToGPUCopy:0]]
[2020.04.14-03.34.46:153][  0]LogConfig: Setting CVar [[r.Streaming.MaxNumTexturesToStreamPerFrame:0]]
[2020.04.14-03.34.46:153][  0]LogConfig: Setting CVar [[r.Streaming.Boost:1]]
[2020.04.14-03.34.46:153][  0]LogConfig: Setting CVar [[r.MaxAnisotropy:8]]
[2020.04.14-03.34.46:153][  0]LogConfig: Setting CVar [[r.VT.MaxAnisotropy:8]]
[2020.04.14-03.34.46:153][  0]LogConfig: Setting CVar [[r.Streaming.LimitPoolSizeToVRAM:0]]
[2020.04.14-03.34.46:154][  0]LogConfig: Setting CVar [[r.Streaming.PoolSize:1000]]
[2020.04.14-03.34.46:154][  0]LogConfig: Setting CVar [[r.Streaming.MaxEffectiveScreenSize:0]]
[2020.04.14-03.34.46:154][  0]LogConfig: Applying CVar settings from Section [EffectsQuality@3] File [C:/Users/sfg55/Documents/Unreal Projects/FPSProject/Saved/Config/Windows/Scalability.ini]
[2020.04.14-03.34.46:154][  0]LogConfig: Setting CVar [[r.TranslucencyLightingVolumeDim:64]]
[2020.04.14-03.34.46:154][  0]LogConfig: Setting CVar [[r.RefractionQuality:2]]
[2020.04.14-03.34.46:154][  0]LogConfig: Setting CVar [[r.SSR.Quality:3]]
[2020.04.14-03.34.46:154][  0]LogConfig: Setting CVar [[r.SSR.HalfResSceneColor:0]]
[2020.04.14-03.34.46:154][  0]LogConfig: Setting CVar [[r.SceneColorFormat:4]]
[2020.04.14-03.34.46:154][  0]LogConfig: Setting CVar [[r.DetailMode:2]]
[2020.04.14-03.34.46:154][  0]LogConfig: Setting CVar [[r.TranslucencyVolumeBlur:1]]
[2020.04.14-03.34.46:154][  0]LogConfig: Setting CVar [[r.MaterialQualityLevel:1 ; High quality]]
[2020.04.14-03.34.46:154][  0]LogConfig: Setting CVar [[r.SSS.Scale:1]]
[2020.04.14-03.34.46:154][  0]LogConfig: Setting CVar [[r.SSS.SampleSet:2]]
[2020.04.14-03.34.46:154][  0]LogConfig: Setting CVar [[r.SSS.Quality:1]]
[2020.04.14-03.34.46:154][  0]LogConfig: Setting CVar [[r.SSS.HalfRes:1]]
[2020.04.14-03.34.46:154][  0]LogConfig: Setting CVar [[r.SSGI.Quality:3]]
[2020.04.14-03.34.46:154][  0]LogConfig: Setting CVar [[r.EmitterSpawnRateScale:1.0]]
[2020.04.14-03.34.46:155][  0]LogConfig: Setting CVar [[r.ParticleLightQuality:2]]
[2020.04.14-03.34.46:155][  0]LogConfig: Setting CVar [[r.SkyAtmosphere.AerialPerspectiveLUT.FastApplyOnOpaque:1 ; Always have FastSkyLUT 1 in this case to avoid wrong sky]]
[2020.04.14-03.34.46:155][  0]LogConfig: Setting CVar [[r.SkyAtmosphere.AerialPerspectiveLUT.SampleCountPerSlice:1]]
[2020.04.14-03.34.46:155][  0]LogConfig: Setting CVar [[r.SkyAtmosphere.AerialPerspectiveLUT.DepthResolution:16.0]]
[2020.04.14-03.34.46:155][  0]LogConfig: Setting CVar [[r.SkyAtmosphere.FastSkyLUT:1]]
[2020.04.14-03.34.46:155][  0]LogConfig: Setting CVar [[r.SkyAtmosphere.FastSkyLUT.SampleCountMin:4.0]]
[2020.04.14-03.34.46:155][  0]LogConfig: Setting CVar [[r.SkyAtmosphere.FastSkyLUT.SampleCountMax:32.0]]
[2020.04.14-03.34.46:155][  0]LogConfig: Setting CVar [[r.SkyAtmosphere.SampleCountMin:4.0]]
[2020.04.14-03.34.46:155][  0]LogConfig: Setting CVar [[r.SkyAtmosphere.SampleCountMax:32.0]]
[2020.04.14-03.34.46:155][  0]LogConfig: Setting CVar [[r.SkyAtmosphere.TransmittanceLUT.UseSmallFormat:0]]
[2020.04.14-03.34.46:155][  0]LogConfig: Setting CVar [[r.SkyAtmosphere.TransmittanceLUT.SampleCount:10.0]]
[2020.04.14-03.34.46:155][  0]LogConfig: Setting CVar [[r.SkyAtmosphere.MultiScatteringLUT.SampleCount:15.0]]
[2020.04.14-03.34.46:155][  0]LogConfig: Applying CVar settings from Section [FoliageQuality@3] File [C:/Users/sfg55/Documents/Unreal Projects/FPSProject/Saved/Config/Windows/Scalability.ini]
[2020.04.14-03.34.46:155][  0]LogConfig: Setting CVar [[foliage.DensityScale:1.0]]
[2020.04.14-03.34.46:155][  0]LogConfig: Setting CVar [[grass.DensityScale:1.0]]
[2020.04.14-03.34.46:155][  0]LogConfig: Applying CVar settings from Section [ShadingQuality@3] File [C:/Users/sfg55/Documents/Unreal Projects/FPSProject/Saved/Config/Windows/Scalability.ini]
[2020.04.14-03.34.46:155][  0]LogConfig: Setting CVar [[r.HairStrands.SkyLighting.SampleCount:16]]
[2020.04.14-03.34.46:155][  0]LogConfig: Setting CVar [[r.HairStrands.SkyLighting.JitterIntegration:0]]
[2020.04.14-03.34.46:155][  0]LogConfig: Setting CVar [[r.HairStrands.SkyAO.SampleCount:16]]
[2020.04.14-03.34.46:156][  0]LogInit: Selected Device Profile: [Windows]
[2020.04.14-03.34.46:156][  0]LogInit: Applying CVar settings loaded from the selected device profile: [Windows]
[2020.04.14-03.34.46:159][  0]LogHAL: Display: Platform has ~ 16 GB [17123889152 / 17179869184 / 16], which maps to Larger [LargestMinGB=32, LargerMinGB=12, DefaultMinGB=8, SmallerMinGB=6, SmallestMinGB=0)
[2020.04.14-03.34.46:159][  0]LogInit: Going up to parent DeviceProfile []
[2020.04.14-03.34.46:159][  0]LogConfig: Applying CVar settings from Section [ViewDistanceQuality@3] File [C:/Users/sfg55/Documents/Unreal Projects/FPSProject/Saved/Config/Windows/Scalability.ini]
[2020.04.14-03.34.46:159][  0]LogConfig: Setting CVar [[r.SkeletalMeshLODBias:0]]
[2020.04.14-03.34.46:159][  0]LogConfig: Setting CVar [[r.ViewDistanceScale:1.0]]
[2020.04.14-03.34.46:160][  0]LogConfig: Applying CVar settings from Section [AntiAliasingQuality@3] File [C:/Users/sfg55/Documents/Unreal Projects/FPSProject/Saved/Config/Windows/Scalability.ini]
[2020.04.14-03.34.46:160][  0]LogConfig: Setting CVar [[r.PostProcessAAQuality:4]]
[2020.04.14-03.34.46:160][  0]LogConfig: Applying CVar settings from Section [ShadowQuality@3] File [C:/Users/sfg55/Documents/Unreal Projects/FPSProject/Saved/Config/Windows/Scalability.ini]
[2020.04.14-03.34.46:160][  0]LogConfig: Setting CVar [[r.LightFunctionQuality:1]]
[2020.04.14-03.34.46:160][  0]LogConfig: Setting CVar [[r.ShadowQuality:5]]
[2020.04.14-03.34.46:160][  0]LogConfig: Setting CVar [[r.Shadow.CSM.MaxCascades:10]]
[2020.04.14-03.34.46:160][  0]LogConfig: Setting CVar [[r.Shadow.MaxResolution:2048]]
[2020.04.14-03.34.46:160][  0]LogConfig: Setting CVar [[r.Shadow.MaxCSMResolution:2048]]
[2020.04.14-03.34.46:160][  0]LogConfig: Setting CVar [[r.Shadow.RadiusThreshold:0.01]]
[2020.04.14-03.34.46:160][  0]LogConfig: Setting CVar [[r.Shadow.DistanceScale:1.0]]
[2020.04.14-03.34.46:160][  0]LogConfig: Setting CVar [[r.Shadow.CSM.TransitionScale:1.0]]
[2020.04.14-03.34.46:160][  0]LogConfig: Setting CVar [[r.Shadow.PreShadowResolutionFactor:1.0]]
[2020.04.14-03.34.46:160][  0]LogConfig: Setting CVar [[r.DistanceFieldShadowing:1]]
[2020.04.14-03.34.46:160][  0]LogConfig: Setting CVar [[r.DistanceFieldAO:1]]
[2020.04.14-03.34.46:160][  0]LogConfig: Setting CVar [[r.AOQuality:2]]
[2020.04.14-03.34.46:160][  0]LogConfig: Setting CVar [[r.VolumetricFog:1]]
[2020.04.14-03.34.46:160][  0]LogConfig: Setting CVar [[r.VolumetricFog.GridPixelSize:8]]
[2020.04.14-03.34.46:161][  0]LogConfig: Setting CVar [[r.VolumetricFog.GridSizeZ:128]]
[2020.04.14-03.34.46:161][  0]LogConfig: Setting CVar [[r.VolumetricFog.HistoryMissSupersampleCount:4]]
[2020.04.14-03.34.46:161][  0]LogConfig: Setting CVar [[r.LightMaxDrawDistanceScale:1]]
[2020.04.14-03.34.46:161][  0]LogConfig: Setting CVar [[r.CapsuleShadows:1]]
[2020.04.14-03.34.46:161][  0]LogConfig: Applying CVar settings from Section [PostProcessQuality@3] File [C:/Users/sfg55/Documents/Unreal Projects/FPSProject/Saved/Config/Windows/Scalability.ini]
[2020.04.14-03.34.46:161][  0]LogConfig: Setting CVar [[r.MotionBlurQuality:4]]
[2020.04.14-03.34.46:161][  0]LogConfig: Setting CVar [[r.AmbientOcclusionMipLevelFactor:0.4]]
[2020.04.14-03.34.46:161][  0]LogConfig: Setting CVar [[r.AmbientOcclusionMaxQuality:100]]
[2020.04.14-03.34.46:161][  0]LogConfig: Setting CVar [[r.AmbientOcclusionLevels:-1]]
[2020.04.14-03.34.46:161][  0]LogConfig: Setting CVar [[r.AmbientOcclusionRadiusScale:1.0]]
[2020.04.14-03.34.46:161][  0]LogConfig: Setting CVar [[r.DepthOfFieldQuality:2]]
[2020.04.14-03.34.46:161][  0]LogConfig: Setting CVar [[r.RenderTargetPoolMin:400]]
[2020.04.14-03.34.46:161][  0]LogConfig: Setting CVar [[r.LensFlareQuality:2]]
[2020.04.14-03.34.46:161][  0]LogConfig: Setting CVar [[r.SceneColorFringeQuality:1]]
[2020.04.14-03.34.46:161][  0]LogConfig: Setting CVar [[r.EyeAdaptationQuality:2]]
[2020.04.14-03.34.46:161][  0]LogConfig: Setting CVar [[r.BloomQuality:5]]
[2020.04.14-03.34.46:161][  0]LogConfig: Setting CVar [[r.FastBlurThreshold:100]]
[2020.04.14-03.34.46:162][  0]LogConfig: Setting CVar [[r.Upscale.Quality:3]]
[2020.04.14-03.34.46:162][  0]LogConfig: Setting CVar [[r.Tonemapper.GrainQuantization:1]]
[2020.04.14-03.34.46:162][  0]LogConfig: Setting CVar [[r.LightShaftQuality:1]]
[2020.04.14-03.34.46:162][  0]LogConfig: Setting CVar [[r.Filter.SizeScale:1]]
[2020.04.14-03.34.46:162][  0]LogConfig: Setting CVar [[r.Tonemapper.Quality:5]]
[2020.04.14-03.34.46:162][  0]LogConfig: Setting CVar [[r.DOF.Gather.AccumulatorQuality:1        ; higher gathering accumulator quality]]
[2020.04.14-03.34.46:162][  0]LogConfig: Setting CVar [[r.DOF.Gather.PostfilterMethod:1          ; Median3x3 postfilering method]]
[2020.04.14-03.34.46:162][  0]LogConfig: Setting CVar [[r.DOF.Gather.EnableBokehSettings:0       ; no bokeh simulation when gathering]]
[2020.04.14-03.34.46:162][  0]LogConfig: Setting CVar [[r.DOF.Gather.RingCount:4                 ; medium number of samples when gathering]]
[2020.04.14-03.34.46:162][  0]LogConfig: Setting CVar [[r.DOF.Scatter.ForegroundCompositing:1    ; additive foreground scattering]]
[2020.04.14-03.34.46:162][  0]LogConfig: Setting CVar [[r.DOF.Scatter.BackgroundCompositing:2    ; additive background scattering]]
[2020.04.14-03.34.46:162][  0]LogConfig: Setting CVar [[r.DOF.Scatter.EnableBokehSettings:1      ; bokeh simulation when scattering]]
[2020.04.14-03.34.46:162][  0]LogConfig: Setting CVar [[r.DOF.Scatter.MaxSpriteRatio:0.1         ; only a maximum of 10% of scattered bokeh]]
[2020.04.14-03.34.46:162][  0]LogConfig: Setting CVar [[r.DOF.Recombine.Quality:1                ; cheap slight out of focus]]
[2020.04.14-03.34.46:162][  0]LogConfig: Setting CVar [[r.DOF.Recombine.EnableBokehSettings:0    ; no bokeh simulation on slight out of focus]]
[2020.04.14-03.34.46:162][  0]LogConfig: Setting CVar [[r.DOF.TemporalAAQuality:1                ; more stable temporal accumulation]]
[2020.04.14-03.34.46:162][  0]LogConfig: Setting CVar [[r.DOF.Kernel.MaxForegroundRadius:0.025]]
[2020.04.14-03.34.46:163][  0]LogConfig: Setting CVar [[r.DOF.Kernel.MaxBackgroundRadius:0.025]]
[2020.04.14-03.34.46:163][  0]LogConfig: Applying CVar settings from Section [TextureQuality@3] File [C:/Users/sfg55/Documents/Unreal Projects/FPSProject/Saved/Config/Windows/Scalability.ini]
[2020.04.14-03.34.46:163][  0]LogConfig: Setting CVar [[r.Streaming.MipBias:0]]
[2020.04.14-03.34.46:163][  0]LogConfig: Setting CVar [[r.Streaming.AmortizeCPUToGPUCopy:0]]
[2020.04.14-03.34.46:163][  0]LogConfig: Setting CVar [[r.Streaming.MaxNumTexturesToStreamPerFrame:0]]
[2020.04.14-03.34.46:163][  0]LogConfig: Setting CVar [[r.Streaming.Boost:1]]
[2020.04.14-03.34.46:163][  0]LogConfig: Setting CVar [[r.MaxAnisotropy:8]]
[2020.04.14-03.34.46:163][  0]LogConfig: Setting CVar [[r.VT.MaxAnisotropy:8]]
[2020.04.14-03.34.46:163][  0]LogConfig: Setting CVar [[r.Streaming.LimitPoolSizeToVRAM:0]]
[2020.04.14-03.34.46:163][  0]LogConfig: Setting CVar [[r.Streaming.PoolSize:1000]]
[2020.04.14-03.34.46:163][  0]LogConfig: Setting CVar [[r.Streaming.MaxEffectiveScreenSize:0]]
[2020.04.14-03.34.46:163][  0]LogConfig: Applying CVar settings from Section [EffectsQuality@3] File [C:/Users/sfg55/Documents/Unreal Projects/FPSProject/Saved/Config/Windows/Scalability.ini]
[2020.04.14-03.34.46:163][  0]LogConfig: Setting CVar [[r.TranslucencyLightingVolumeDim:64]]
[2020.04.14-03.34.46:163][  0]LogConfig: Setting CVar [[r.RefractionQuality:2]]
[2020.04.14-03.34.46:163][  0]LogConfig: Setting CVar [[r.SSR.Quality:3]]
[2020.04.14-03.34.46:163][  0]LogConfig: Setting CVar [[r.SSR.HalfResSceneColor:0]]
[2020.04.14-03.34.46:164][  0]LogConfig: Setting CVar [[r.SceneColorFormat:4]]
[2020.04.14-03.34.46:164][  0]LogConfig: Setting CVar [[r.DetailMode:2]]
[2020.04.14-03.34.46:164][  0]LogConfig: Setting CVar [[r.TranslucencyVolumeBlur:1]]
[2020.04.14-03.34.46:164][  0]LogConfig: Setting CVar [[r.MaterialQualityLevel:1 ; High quality]]
[2020.04.14-03.34.46:164][  0]LogConfig: Setting CVar [[r.SSS.Scale:1]]
[2020.04.14-03.34.46:164][  0]LogConfig: Setting CVar [[r.SSS.SampleSet:2]]
[2020.04.14-03.34.46:164][  0]LogConfig: Setting CVar [[r.SSS.Quality:1]]
[2020.04.14-03.34.46:164][  0]LogConfig: Setting CVar [[r.SSS.HalfRes:1]]
[2020.04.14-03.34.46:164][  0]LogConfig: Setting CVar [[r.SSGI.Quality:3]]
[2020.04.14-03.34.46:164][  0]LogConfig: Setting CVar [[r.EmitterSpawnRateScale:1.0]]
[2020.04.14-03.34.46:164][  0]LogConfig: Setting CVar [[r.ParticleLightQuality:2]]
[2020.04.14-03.34.46:164][  0]LogConfig: Setting CVar [[r.SkyAtmosphere.AerialPerspectiveLUT.FastApplyOnOpaque:1 ; Always have FastSkyLUT 1 in this case to avoid wrong sky]]
[2020.04.14-03.34.46:164][  0]LogConfig: Setting CVar [[r.SkyAtmosphere.AerialPerspectiveLUT.SampleCountPerSlice:1]]
[2020.04.14-03.34.46:164][  0]LogConfig: Setting CVar [[r.SkyAtmosphere.AerialPerspectiveLUT.DepthResolution:16.0]]
[2020.04.14-03.34.46:164][  0]LogConfig: Setting CVar [[r.SkyAtmosphere.FastSkyLUT:1]]
[2020.04.14-03.34.46:164][  0]LogConfig: Setting CVar [[r.SkyAtmosphere.FastSkyLUT.SampleCountMin:4.0]]
[2020.04.14-03.34.46:165][  0]LogConfig: Setting CVar [[r.SkyAtmosphere.FastSkyLUT.SampleCountMax:32.0]]
[2020.04.14-03.34.46:165][  0]LogConfig: Setting CVar [[r.SkyAtmosphere.SampleCountMin:4.0]]
[2020.04.14-03.34.46:165][  0]LogConfig: Setting CVar [[r.SkyAtmosphere.SampleCountMax:32.0]]
[2020.04.14-03.34.46:165][  0]LogConfig: Setting CVar [[r.SkyAtmosphere.TransmittanceLUT.UseSmallFormat:0]]
[2020.04.14-03.34.46:165][  0]LogConfig: Setting CVar [[r.SkyAtmosphere.TransmittanceLUT.SampleCount:10.0]]
[2020.04.14-03.34.46:165][  0]LogConfig: Setting CVar [[r.SkyAtmosphere.MultiScatteringLUT.SampleCount:15.0]]
[2020.04.14-03.34.46:165][  0]LogConfig: Applying CVar settings from Section [FoliageQuality@3] File [C:/Users/sfg55/Documents/Unreal Projects/FPSProject/Saved/Config/Windows/Scalability.ini]
[2020.04.14-03.34.46:165][  0]LogConfig: Setting CVar [[foliage.DensityScale:1.0]]
[2020.04.14-03.34.46:165][  0]LogConfig: Setting CVar [[grass.DensityScale:1.0]]
[2020.04.14-03.34.46:165][  0]LogConfig: Applying CVar settings from Section [ShadingQuality@3] File [C:/Users/sfg55/Documents/Unreal Projects/FPSProject/Saved/Config/Windows/Scalability.ini]
[2020.04.14-03.34.46:165][  0]LogConfig: Setting CVar [[r.HairStrands.SkyLighting.SampleCount:16]]
[2020.04.14-03.34.46:165][  0]LogConfig: Setting CVar [[r.HairStrands.SkyLighting.JitterIntegration:0]]
[2020.04.14-03.34.46:165][  0]LogConfig: Setting CVar [[r.HairStrands.SkyAO.SampleCount:16]]
[2020.04.14-03.34.46:165][  0]LogConfig: Applying CVar settings from Section [Startup] File [../../../Engine/Config/ConsoleVariables.ini]
[2020.04.14-03.34.46:166][  0]LogConfig: Setting CVar [[net.UseAdaptiveNetUpdateFrequency:0]]
[2020.04.14-03.34.46:166][  0]LogConfig: Setting CVar [[p.chaos.AllowCreatePhysxBodies:1]]
[2020.04.14-03.34.46:166][  0]LogConfig: Applying CVar settings from Section [ConsoleVariables] File [C:/Users/sfg55/Documents/Unreal Projects/FPSProject/Saved/Config/Windows/Engine.ini]
[2020.04.14-03.34.46:166][  0]LogInit: Computer: KOTTONKANDY
[2020.04.14-03.34.46:166][  0]LogInit: User: sfg55
[2020.04.14-03.34.46:166][  0]LogInit: CPU Page size=4096, Cores=8
[2020.04.14-03.34.46:166][  0]LogInit: High frequency timer resolution =10.000000 MHz
[2020.04.14-03.34.46:167][  0]LogMemory: Memory total: Physical=15.9GB (16GB approx)
[2020.04.14-03.34.46:167][  0]LogMemory: Platform Memory Stats for Windows
[2020.04.14-03.34.46:167][  0]LogMemory: Process Physical Memory: 106.72 MB used, 106.72 MB peak
[2020.04.14-03.34.46:167][  0]LogMemory: Process Virtual Memory: 102.66 MB used, 102.66 MB peak
[2020.04.14-03.34.46:167][  0]LogMemory: Physical Memory: 8588.73 MB used,  7741.88 MB free, 16330.61 MB total
[2020.04.14-03.34.46:167][  0]LogMemory: Virtual Memory: 5179.92 MB used,  134212544.00 MB free, 134217728.00 MB total
[2020.04.14-03.34.46:179][  0]LogWindows: WindowsPlatformFeatures enabled
[2020.04.14-03.34.46:283][  0]LogInit: Using OS detected language (en-US).
[2020.04.14-03.34.46:283][  0]LogInit: Using OS detected locale (en-US).
[2020.04.14-03.34.46:284][  0]LogTextLocalizationManager: No specific localization for 'en-US' exists, so the 'en' localization will be used.
[2020.04.14-03.34.46:458][  0]LogInit: Setting process to per monitor DPI aware
[2020.04.14-03.34.46:517][  0]LogSlate: New Slate User Created.  User Index 0, Is Virtual User: 0
[2020.04.14-03.34.46:518][  0]LogSlate: Slate User Registered.  User Index 0, Is Virtual User: 0
[2020.04.14-03.34.46:680][  0]LogHMD: Failed to initialize OpenVR with code 110
[2020.04.14-03.34.46:680][  0]LogD3D11RHI: D3D11 min allowed feature level: 11_0
[2020.04.14-03.34.46:680][  0]LogD3D11RHI: D3D11 max allowed feature level: 11_0
[2020.04.14-03.34.46:680][  0]LogD3D11RHI: D3D11 adapters:
[2020.04.14-03.34.46:776][  0]LogD3D11RHI:    0. 'NVIDIA GeForce RTX 2070' (Feature Level 11_0)
[2020.04.14-03.34.46:776][  0]LogD3D11RHI:       8031/0/8165 MB DedicatedVideo/DedicatedSystem/SharedSystem, Outputs:2, VendorId:0x10de
[2020.04.14-03.34.46:782][  0]LogD3D11RHI:    1. 'Microsoft Basic Render Driver' (Feature Level 11_0)
[2020.04.14-03.34.46:782][  0]LogD3D11RHI:       0/0/8165 MB DedicatedVideo/DedicatedSystem/SharedSystem, Outputs:0, VendorId:0x1414
[2020.04.14-03.34.46:782][  0]LogD3D11RHI: Chosen D3D11 Adapter: 0
[2020.04.14-03.34.46:793][  0]LogD3D11RHI: Creating new Direct3DDevice
[2020.04.14-03.34.46:794][  0]LogD3D11RHI:     GPU DeviceId: 0x1f07 (for the marketing name, search the web for "GPU Device Id")
[2020.04.14-03.34.46:794][  0]LogWindows: EnumDisplayDevices:
[2020.04.14-03.34.46:794][  0]LogWindows:    0. 'NVIDIA GeForce RTX 2070' (P:1 D:1)
[2020.04.14-03.34.46:794][  0]LogWindows:    1. 'NVIDIA GeForce RTX 2070' (P:0 D:1)
[2020.04.14-03.34.46:794][  0]LogWindows:    2. 'NVIDIA GeForce RTX 2070' (P:0 D:0)
[2020.04.14-03.34.46:795][  0]LogWindows:    3. 'NVIDIA GeForce RTX 2070' (P:0 D:0)
[2020.04.14-03.34.46:795][  0]LogWindows: DebugString: FoundDriverCount:4 
[2020.04.14-03.34.46:795][  0]LogD3D11RHI:     Adapter Name: NVIDIA GeForce RTX 2070
[2020.04.14-03.34.46:795][  0]LogD3D11RHI:   Driver Version: 441.87 (internal:26.21.14.4187, unified:441.87)
[2020.04.14-03.34.46:795][  0]LogD3D11RHI:      Driver Date: 12-24-2019
[2020.04.14-03.34.46:795][  0]LogRHI: Texture pool is 5621 MB (70% of 8031 MB)
[2020.04.14-03.34.46:865][  0]LogD3D11RHI: RHI has support for 64 bit atomics
[2020.04.14-03.34.46:865][  0]LogD3D11RHI: Async texture creation enabled
[2020.04.14-03.34.46:891][  0]LogD3D11RHI: GPU Timing Frequency: 1000.000000 (Debug: 2 2)
[2020.04.14-03.34.47:173][  0]LogTargetPlatformManager: Display: Loaded TargetPlatform 'AllDesktop'
[2020.04.14-03.34.47:211][  0]LogTargetPlatformManager: Display: Loaded TargetPlatform 'Android'
[2020.04.14-03.34.47:211][  0]LogTargetPlatformManager: Display: Loaded TargetPlatform 'Android_ASTC'
[2020.04.14-03.34.47:211][  0]LogTargetPlatformManager: Display: Loaded TargetPlatform 'Android_ATC'
[2020.04.14-03.34.47:211][  0]LogTargetPlatformManager: Display: Loaded TargetPlatform 'Android_DXT'
[2020.04.14-03.34.47:211][  0]LogTargetPlatformManager: Display: Loaded TargetPlatform 'Android_ETC1'
[2020.04.14-03.34.47:211][  0]LogTargetPlatformManager: Display: Loaded TargetPlatform 'Android_ETC1a'
[2020.04.14-03.34.47:211][  0]LogTargetPlatformManager: Display: Loaded TargetPlatform 'Android_ETC2'
[2020.04.14-03.34.47:211][  0]LogTargetPlatformManager: Display: Loaded TargetPlatform 'Android_PVRTC'
[2020.04.14-03.34.47:211][  0]LogTargetPlatformManager: Display: Loaded TargetPlatform 'AndroidClient'
[2020.04.14-03.34.47:211][  0]LogTargetPlatformManager: Display: Loaded TargetPlatform 'Android_ASTCClient'
[2020.04.14-03.34.47:211][  0]LogTargetPlatformManager: Display: Loaded TargetPlatform 'Android_ATCClient'
[2020.04.14-03.34.47:211][  0]LogTargetPlatformManager: Display: Loaded TargetPlatform 'Android_DXTClient'
[2020.04.14-03.34.47:211][  0]LogTargetPlatformManager: Display: Loaded TargetPlatform 'Android_ETC1Client'
[2020.04.14-03.34.47:211][  0]LogTargetPlatformManager: Display: Loaded TargetPlatform 'Android_ETC1aClient'
[2020.04.14-03.34.47:211][  0]LogTargetPlatformManager: Display: Loaded TargetPlatform 'Android_ETC2Client'
[2020.04.14-03.34.47:211][  0]LogTargetPlatformManager: Display: Loaded TargetPlatform 'Android_PVRTCClient'
[2020.04.14-03.34.47:211][  0]LogTargetPlatformManager: Display: Loaded TargetPlatform 'Android_Multi'
[2020.04.14-03.34.47:211][  0]LogTargetPlatformManager: Display: Loaded TargetPlatform 'Android_MultiClient'
[2020.04.14-03.34.47:237][  0]LogTargetPlatformManager: Display: Loaded TargetPlatform 'IOSClient'
[2020.04.14-03.34.47:238][  0]LogTargetPlatformManager: Display: Loaded TargetPlatform 'IOS'
[2020.04.14-03.34.47:247][  0]LogTargetPlatformManager: Display: Loaded TargetPlatform 'LinuxNoEditor'
[2020.04.14-03.34.47:256][  0]LogTargetPlatformManager: Display: Loaded TargetPlatform 'LinuxClient'
[2020.04.14-03.34.47:266][  0]LogTargetPlatformManager: Display: Loaded TargetPlatform 'LinuxServer'
[2020.04.14-03.34.47:275][  0]LogTargetPlatformManager: Display: Loaded TargetPlatform 'LinuxAArch64NoEditor'
[2020.04.14-03.34.47:285][  0]LogTargetPlatformManager: Display: Loaded TargetPlatform 'LinuxAArch64Client'
[2020.04.14-03.34.47:294][  0]LogTargetPlatformManager: Display: Loaded TargetPlatform 'LinuxAArch64Server'
[2020.04.14-03.34.47:323][  0]LogTargetPlatformManager: Display: Loaded TargetPlatform 'Lumin'
[2020.04.14-03.34.47:323][  0]LogTargetPlatformManager: Display: Loaded TargetPlatform 'LuminClient'
[2020.04.14-03.34.47:340][  0]LogTargetPlatformManager: Display: Loaded TargetPlatform 'TVOSClient'
[2020.04.14-03.34.47:340][  0]LogTargetPlatformManager: Display: Loaded TargetPlatform 'TVOS'
[2020.04.14-03.34.47:350][  0]LogTargetPlatformManager: Display: Loaded TargetPlatform 'WindowsNoEditor'
[2020.04.14-03.34.47:360][  0]LogTargetPlatformManager: Display: Loaded TargetPlatform 'Windows'
[2020.04.14-03.34.47:369][  0]LogTargetPlatformManager: Display: Loaded TargetPlatform 'WindowsClient'
[2020.04.14-03.34.47:379][  0]LogTargetPlatformManager: Display: Loaded TargetPlatform 'WindowsServer'
[2020.04.14-03.34.47:379][  0]LogTargetPlatformManager: Display: Building Assets For Windows
[2020.04.14-03.34.47:389][  0]LogAudioDebug: Display: Lib vorbis DLL was dynamically loaded.
[2020.04.14-03.34.47:448][  0]LogShaderCompilers: Guid format shader working directory is -21 characters bigger than the processId version (../../../../../../Users/sfg55/Documents/Unreal Projects/FPSProject/Intermediate/Shaders/WorkingDirectory/25860/).
[2020.04.14-03.34.47:448][  0]LogShaderCompilers: Cleaned the shader compiler working directory 'C:/Users/sfg55/AppData/Local/Temp/UnrealShaderWorkingDir/29F971DB4652AEDED9B9E8A9170B4AE3/'.
[2020.04.14-03.34.47:449][  0]LogXGEController: Cannot use XGE Controller as Incredibuild is not installed on this machine.
[2020.04.14-03.34.47:449][  0]LogShaderCompilers: Cannot use XGE Shader Compiler as Incredibuild is not installed on this machine.
[2020.04.14-03.34.47:449][  0]LogShaderCompilers: Display: Using Local Shader Compiler.
[2020.04.14-03.34.48:164][  0]LogDerivedDataCache: Display: Max Cache Size: 512 MB
[2020.04.14-03.34.48:226][  0]LogDerivedDataCache: Loaded boot cache 0.06s 78MB C:/Users/sfg55/AppData/Local/UnrealEngine/4.24/DerivedDataCache/Boot.ddc.
[2020.04.14-03.34.48:227][  0]LogDerivedDataCache: Display: Loaded Boot cache: C:/Users/sfg55/AppData/Local/UnrealEngine/4.24/DerivedDataCache/Boot.ddc
[2020.04.14-03.34.48:227][  0]LogDerivedDataCache: FDerivedDataBackendGraph:  Pak pak cache file ../../../../../../Users/sfg55/Documents/Unreal Projects/FPSProject/DerivedDataCache/DDC.ddp not found, will not use a pak cache.
[2020.04.14-03.34.48:227][  0]LogDerivedDataCache: Unable to find inner node Pak for hierarchical cache Hierarchy.
[2020.04.14-03.34.48:227][  0]LogDerivedDataCache: FDerivedDataBackendGraph:  CompressedPak pak cache file ../../../../../../Users/sfg55/Documents/Unreal Projects/FPSProject/DerivedDataCache/Compressed.ddp not found, will not use a pak cache.
[2020.04.14-03.34.48:227][  0]LogDerivedDataCache: Unable to find inner node CompressedPak for hierarchical cache Hierarchy.
[2020.04.14-03.34.48:237][  0]LogDerivedDataCache: Display: Pak cache opened for reading ../../../Engine/DerivedDataCache/Compressed.ddp.
[2020.04.14-03.34.48:238][  0]LogDerivedDataCache: FDerivedDataBackendGraph:  EnterprisePak pak cache file ../../../Enterprise/DerivedDataCache/Compressed.ddp not found, will not use a pak cache.
[2020.04.14-03.34.48:238][  0]LogDerivedDataCache: Unable to find inner node EnterprisePak for hierarchical cache Hierarchy.
[2020.04.14-03.34.48:240][  0]LogDerivedDataCache: Using Local data cache path C:/Users/sfg55/AppData/Local/UnrealEngine/Common/DerivedDataCache: Writable
[2020.04.14-03.34.48:240][  0]LogDerivedDataCache: Shared data cache path not found in *engine.ini, will not use an Shared cache.
[2020.04.14-03.34.48:240][  0]LogDerivedDataCache: Unable to find inner node Shared for hierarchical cache Hierarchy.
[2020.04.14-03.34.48:265][  0]LogMaterial: Verifying Global Shaders for PCD3D_SM5
[2020.04.14-03.34.48:268][  0]LogSlate: Using FreeType 2.10.0
[2020.04.14-03.34.48:269][  0]LogSlate: SlateFontServices - WITH_FREETYPE: 1, WITH_HARFBUZZ: 1
[2020.04.14-03.34.48:326][  0]LogAssetRegistry: FAssetRegistry took 0.0037 seconds to start up
[2020.04.14-03.34.48:649][  0]LogInit: Selected Device Profile: [Windows]
[2020.04.14-03.34.48:817][  0]LogMeshReduction: Using QuadricMeshReduction for automatic static mesh reduction
[2020.04.14-03.34.48:817][  0]LogMeshReduction: Using SimplygonMeshReduction for automatic skeletal mesh reduction
[2020.04.14-03.34.48:817][  0]LogMeshReduction: Using ProxyLODMeshReduction for automatic mesh merging
[2020.04.14-03.34.48:817][  0]LogMeshReduction: No distributed automatic mesh merging module available
[2020.04.14-03.34.48:817][  0]LogMeshMerging: No distributed automatic mesh merging module available
[2020.04.14-03.34.48:833][  0]LogNetVersion: FPSProject 1.0.0, NetCL: 10570792, EngineNetVer: 13, GameNetVer: 0 (Checksum: 1921956453)
[2020.04.14-03.34.49:911][  0]LogPackageLocalizationCache: Processed 10 localized package path(s) for 1 prioritized culture(s) in 0.053450 seconds
[2020.04.14-03.34.49:919][  0]LogUObjectArray: 46750 objects as part of root set at end of initial load.
[2020.04.14-03.34.49:920][  0]LogUObjectAllocator: 8137160 out of 0 bytes used by permanent object pool.
[2020.04.14-03.34.49:920][  0]LogUObjectArray: CloseDisregardForGC: 0/0 objects in disregard for GC pool
[2020.04.14-03.34.50:484][  0]LogTcpMessaging: Initializing TcpMessaging bridge
[2020.04.14-03.34.50:490][  0]LogUdpMessaging: Initializing bridge on interface 0.0.0.0:0 to multicast group 230.0.0.1:6666.
[2020.04.14-03.34.50:600][  0]SourceControl: Source control is disabled
[2020.04.14-03.34.50:600][  0]SourceControl: Source control is disabled
[2020.04.14-03.34.50:602][  0]SourceControl: Source control is disabled
[2020.04.14-03.34.50:605][  0]SourceControl: Source control is disabled
[2020.04.14-03.34.50:608][  0]SourceControl: Source control is disabled
[2020.04.14-03.34.50:771][  0]LogAndroidPermission: UAndroidPermissionCallbackProxy::GetInstance
[2020.04.14-03.34.50:797][  0]LogAudioCaptureCore: Display: No Audio Capture implementations found. Audio input will be silent.
[2020.04.14-03.34.50:798][  0]LogAudioCaptureCore: Display: No Audio Capture implementations found. Audio input will be silent.
[2020.04.14-03.34.50:911][  0]LogOcInput: OculusInput pre-init called
[2020.04.14-03.34.50:924][  0]LogWindows: Failed to load 'OVRPlugin.dll' (GetLastError=126)
[2020.04.14-03.34.50:924][  0]LogWindows: File 'OVRPlugin.dll' does not exist
[2020.04.14-03.34.51:016][  0]LogEngine: Initializing Engine...
[2020.04.14-03.34.51:018][  0]LogHMD: Failed to initialize OpenVR with code 110
[2020.04.14-03.34.51:019][  0]LogStats: UGameplayTagsManager::InitializeManager -  0.000 s
[2020.04.14-03.34.51:374][  0]LogInit: Initializing FReadOnlyCVARCache
[2020.04.14-03.34.51:386][  0]LogAIModule: Creating AISystem for world Untitled
[2020.04.14-03.34.51:405][  0]LogAudioMixer: Display: Audio Mixer Platform Settings:
[2020.04.14-03.34.51:405][  0]LogAudioMixer: Display: 	Sample Rate:						  48000
[2020.04.14-03.34.51:405][  0]LogAudioMixer: Display: 	Callback Buffer Frame Size Requested: 1024
[2020.04.14-03.34.51:405][  0]LogAudioMixer: Display: 	Callback Buffer Frame Size To Use:	  1024
[2020.04.14-03.34.51:405][  0]LogAudioMixer: Display: 	Number of buffers to queue:			  2
[2020.04.14-03.34.51:405][  0]LogAudioMixer: Display: 	Max Channels (voices):				  32
[2020.04.14-03.34.51:405][  0]LogAudioMixer: Display: 	Number of Async Source Workers:		  0
[2020.04.14-03.34.51:405][  0]LogAudio: Display: AudioDevice MaxSources: 32
[2020.04.14-03.34.51:406][  0]LogAudio: Display: Using built-in audio occlusion.
[2020.04.14-03.34.51:406][  0]LogAudioMixer: Display: Initializing audio mixer.
[2020.04.14-03.34.51:440][  0]LogAudioMixer: Display: Audio Device Output Speaker Info:
[2020.04.14-03.34.51:440][  0]LogAudioMixer: Display: Name: C32JG5x (2- NVIDIA High Definition Audio)
[2020.04.14-03.34.51:441][  0]LogAudioMixer: Display: Is Default: Yes
[2020.04.14-03.34.51:441][  0]LogAudioMixer: Display: Sample Rate: 48000
[2020.04.14-03.34.51:441][  0]LogAudioMixer: Display: Channel Count Used: 2
[2020.04.14-03.34.51:441][  0]LogAudioMixer: Display: Device Channel Count: 2
[2020.04.14-03.34.51:441][  0]LogAudioMixer: Display: Channel Order:
[2020.04.14-03.34.51:441][  0]LogAudioMixer: Display: 0: FrontLeft
[2020.04.14-03.34.51:441][  0]LogAudioMixer: Display: 1: FrontRight
[2020.04.14-03.34.51:467][  0]LogAudioMixer: Display: Using Audio Device C32JG5x (2- NVIDIA High Definition Audio)
[2020.04.14-03.34.51:479][  0]LogInit: FAudioDevice initialized.
[2020.04.14-03.34.51:479][  0]LogNetVersion: Set ProjectVersion to 1.0.0.0. Version Checksum will be recalculated on next use.
[2020.04.14-03.34.51:547][  0]LogDerivedDataCache: Saved boot cache 0.07s 78MB C:/Users/sfg55/AppData/Local/UnrealEngine/4.24/DerivedDataCache/Boot.ddc.
[2020.04.14-03.34.51:548][  0]LogInit: Texture streaming: Enabled
[2020.04.14-03.34.51:573][  0]LogEngineSessionManager: EngineSessionManager initialized
[2020.04.14-03.34.51:573][  0]LogEditorSessionSummary: Verbose: Initializing EditorSessionSummaryWriter for editor session tracking
[2020.04.14-03.34.51:581][  0]LogEditorSessionSummary: EditorSessionSummaryWriter initialized
[2020.04.14-03.34.51:650][  0]LogInit: Transaction tracking system initialized
[2020.04.14-03.34.51:673][  0]BlueprintLog: New page: Editor Load
[2020.04.14-03.34.51:736][  0]LocalizationService: Localization service is disabled
[2020.04.14-03.34.52:079][  0]LogFileCache: Scanning file cache for directory 'C:/Users/sfg55/Documents/Unreal Projects/FPSProject/Content/' took 0.00s
[2020.04.14-03.34.52:079][  0]LogCook: Display: Max memory allowance for cook 16384mb min free memory 0mb
[2020.04.14-03.34.52:079][  0]LogCook: Display: Mobile HDR setting 1
[2020.04.14-03.34.52:843][  0]SourceControl: Source control is disabled
[2020.04.14-03.34.52:843][  0]Cmd: MAP LOAD FILE="../../../../../../Users/sfg55/Documents/Unreal Projects/FPSProject/Content/Maps/FPSMap.umap" TEMPLATE=0 SHOWPROGRESS=1 FEATURELEVEL=3
[2020.04.14-03.34.52:844][  0]LightingResults: New page: Lighting Build
[2020.04.14-03.34.52:845][  0]LogWorld: UWorld::CleanupWorld for Untitled, bSessionEnded=true, bCleanupResources=true
[2020.04.14-03.34.52:845][  0]LogSlate: InvalidateAllWidgets triggered.  All widgets were invalidated
[2020.04.14-03.34.52:845][  0]MapCheck: New page: Map Check
[2020.04.14-03.34.52:845][  0]LightingResults: New page: Lighting Build
[2020.04.14-03.34.52:885][  0]LogUObjectHash: Compacting FUObjectHashTables data took   2.10ms
[2020.04.14-03.34.52:974][  0]LogAIModule: Creating AISystem for world FPSMap
[2020.04.14-03.34.52:978][  0]LogEditorServer: Finished looking for orphan Actors (0.000 secs)
[2020.04.14-03.34.53:023][  0]LogUObjectHash: Compacting FUObjectHashTables data took   2.33ms
[2020.04.14-03.34.53:023][  0]Cmd: MAP CHECKDEP NOCLEARLOG
[2020.04.14-03.34.53:023][  0]MapCheck: Map check complete: 0 Error(s), 0 Warning(s), took 0.271ms to complete.
[2020.04.14-03.34.53:023][  0]LogFileHelpers: Loading map 'FPSMap' took 0.180
[2020.04.14-03.34.53:150][  0]LogSlate: Updating window title bar state: overlay mode, drag disabled, window buttons hidden, title bar hidden
[2020.04.14-03.34.53:156][  0]LogSlate: Updating window title bar state: overlay mode, drag disabled, window buttons hidden, title bar hidden
[2020.04.14-03.34.53:162][  0]LogSlate: Updating window title bar state: overlay mode, drag disabled, window buttons hidden, title bar hidden
[2020.04.14-03.34.53:168][  0]LogSlate: Updating window title bar state: overlay mode, drag disabled, window buttons hidden, title bar hidden
[2020.04.14-03.34.53:176][  0]LogCollectionManager: Loaded 0 collections in 0.002298 seconds
[2020.04.14-03.34.53:193][  0]LogFileCache: Scanning file cache for directory 'C:/Users/sfg55/Documents/Unreal Projects/FPSProject/Saved/Collections/' took 0.00s
[2020.04.14-03.34.53:193][  0]LogFileCache: Scanning file cache for directory 'C:/Users/sfg55/Documents/Unreal Projects/FPSProject/Content/Developers/sfg55/Collections/' took 0.00s
[2020.04.14-03.34.53:193][  0]LogFileCache: Scanning file cache for directory 'C:/Users/sfg55/Documents/Unreal Projects/FPSProject/Content/Collections/' took 0.00s
[2020.04.14-03.34.53:193][  0]LogContentBrowser: Native class hierarchy populated in 0.0100 seconds. Added 3017 classes and 719 folders.
[2020.04.14-03.34.53:196][  0]LogContentBrowser: Native class hierarchy updated for 'WidgetCarousel' in 0.0004 seconds. Added 0 classes and 0 folders.
[2020.04.14-03.34.53:260][  0]LogContentBrowser: Native class hierarchy updated for 'AddContentDialog' in 0.0004 seconds. Added 0 classes and 0 folders.
[2020.04.14-03.34.53:266][  0]LogContentBrowser: Native class hierarchy updated for 'SceneOutliner' in 0.0005 seconds. Added 2 classes and 3 folders.
[2020.04.14-03.34.53:295][  0]LogSlate: Took 0.000259 seconds to synchronously load lazily loaded font '../../../Engine/Content/Slate/Fonts/Roboto-Regular.ttf' (155K)
[2020.04.14-03.34.53:297][  0]LogSlate: Took 0.000176 seconds to synchronously load lazily loaded font '../../../Engine/Content/Slate/Fonts/Roboto-Bold.ttf' (160K)
[2020.04.14-03.34.53:302][  0]LogSlate: Took 0.000230 seconds to synchronously load lazily loaded font '../../../Engine/Content/Editor/Slate/Fonts/FontAwesome.ttf' (139K)
[2020.04.14-03.34.53:372][  0]LogRenderer: Reallocating scene render targets to support 1424x808 Format 10 NumSamples 1 (Frame:1).
[2020.04.14-03.34.53:461][  0]LogContentBrowser: Native class hierarchy updated for 'HierarchicalLODOutliner' in 0.0004 seconds. Added 0 classes and 0 folders.
[2020.04.14-03.34.53:461][  0]LogLoad: (Engine Initialization) Total time: 9.39 seconds
[2020.04.14-03.34.53:461][  0]LogLoad: (Engine Initialization) Total Blueprint compile time: 0.00 seconds
[2020.04.14-03.34.53:504][  0]LogAssetRegistry: Asset discovery search completed in 5.1794 seconds
[2020.04.14-03.34.53:507][  0]LogCollectionManager: Fixed up redirectors for 0 collections in 0.000010 seconds (updated 0 objects)
[2020.04.14-03.34.53:508][  0]LogContentStreaming: Texture pool size now 1000 MB
[2020.04.14-03.34.54:482][111]LogSlate: Took 0.000254 seconds to synchronously load lazily loaded font '../../../Engine/Content/Slate/Fonts/Roboto-Light.ttf' (167K)
[2020.04.14-03.35.06:716][791]Cmd: OBJ SAVEPACKAGE PACKAGE="/Game/Maps/FPSMap" FILE="../../../../../../Users/sfg55/Documents/Unreal Projects/FPSProject/Content/Maps/FPSMap.umap" SILENT=true AUTOSAVING=false KEEPDIRTY=false
[2020.04.14-03.35.06:758][791]LogUObjectHash: Compacting FUObjectHashTables data took   0.73ms
[2020.04.14-03.35.06:782][791]LogSavePackage: Moving '../../../../../../Users/sfg55/Documents/Unreal Projects/FPSProject/Saved/FPSMap266807B34E268C5F9ED9969099F44883.tmp' to '../../../../../../Users/sfg55/Documents/Unreal Projects/FPSProject/Content/Maps/FPSMap.umap'
[2020.04.14-03.35.06:800][791]Cmd: OBJ SAVEPACKAGE PACKAGE="/Game/Maps/FPSMap_BuiltData" FILE="../../../../../../Users/sfg55/Documents/Unreal Projects/FPSProject/Content/Maps/FPSMap_BuiltData.uasset" SILENT=true
[2020.04.14-03.35.06:822][791]LogSavePackage: Moving '../../../../../../Users/sfg55/Documents/Unreal Projects/FPSProject/Saved/FPSMap_BuiltDataE934CA2749D5E88E65E09F96A8C36C74.tmp' to '../../../../../../Users/sfg55/Documents/Unreal Projects/FPSProject/Content/Maps/FPSMap_BuiltData.uasset'
[2020.04.14-03.35.06:844][791]AssetCheck: New page: Asset Save: multiple assets
[2020.04.14-03.35.06:845][791]LogContentValidation: Display: Validating World /Game/Maps/FPSMap.FPSMap
[2020.04.14-03.35.06:845][791]LogContentValidation: Display: Validating MapBuildDataRegistry /Game/Maps/FPSMap_BuiltData.FPSMap_BuiltData
[2020.04.14-03.35.07:967][916]Candidate modules for hot reload:
[2020.04.14-03.35.07:967][916]  FPSProject
[2020.04.14-03.35.07:967][916]Launching UnrealBuildTool... [C:/Program Files/Epic Games/UE_4.24/Engine/Binaries/DotNET/UnrealBuildTool.exe  -ModuleWithSuffix=FPSProject,2340 Win64 Development -TargetType=Editor -Project="C:/Users/sfg55/Documents/Unreal Projects/FPSProject/FPSProject.uproject" "C:/Users/sfg55/Documents/Unreal Projects/FPSProject/FPSProject.uproject"  -IgnoreJunk]
[2020.04.14-03.35.07:974][916]Warning: Starting HotReload took  0.0s.
[2020.04.14-03.35.10:258][155]CompilerResultsLog: New page: Compilation - Apr 13, 2020, 1:35:10 PM
[2020.04.14-03.35.10:258][155]CompilerResultsLog: Building FPSProjectEditor...
[2020.04.14-03.35.10:258][155]CompilerResultsLog: Using Visual Studio 2017 14.16.27038 toolchain (C:\Program Files (x86)\Microsoft Visual Studio\2017\Community\VC\Tools\MSVC\14.16.27023) and Windows 10.0.16299.0 SDK (C:\Program Files (x86)\Windows Kits\10).
[2020.04.14-03.35.10:258][155]CompilerResultsLog: Building 3 actions with 16 processes...
[2020.04.14-03.35.10:259][155]CompilerResultsLog:   [1/3] UE4Editor-FPSProject-2340.lib
[2020.04.14-03.35.10:259][155]CompilerResultsLog:      Creating library C:\Users\sfg55\Documents\Unreal Projects\FPSProject\Intermediate\Build\Win64\UE4Editor\Development\FPSProject\UE4Editor-FPSProject-2340.lib and object C:\Users\sfg55\Documents\Unreal Projects\FPSProject\Intermediate\Build\Win64\UE4Editor\Development\FPSProject\UE4Editor-FPSProject-2340.exp
[2020.04.14-03.35.10:259][155]CompilerResultsLog:   [2/3] UE4Editor-FPSProject-2340.dll
[2020.04.14-03.35.10:259][155]CompilerResultsLog:      Creating library C:\Users\sfg55\Documents\Unreal Projects\FPSProject\Intermediate\Build\Win64\UE4Editor\Development\FPSProject\UE4Editor-FPSProject-2340.suppressed.lib and object C:\Users\sfg55\Documents\Unreal Projects\FPSProject\Intermediate\Build\Win64\UE4Editor\Development\FPSProject\UE4Editor-FPSProject-2340.suppressed.exp
[2020.04.14-03.35.10:259][155]CompilerResultsLog:   [3/3] FPSProjectEditor.target
[2020.04.14-03.35.10:259][155]CompilerResultsLog: Total time in Parallel executor: 1.24 seconds
[2020.04.14-03.35.10:259][155]CompilerResultsLog: Total execution time: 2.18 seconds
[2020.04.14-03.35.10:259][155]LogMainFrame: MainFrame: Module compiling took 2.297 seconds
[2020.04.14-03.35.10:298][155]LogUObjectHash: Compacting FUObjectHashTables data took   0.74ms
[2020.04.14-03.35.10:567][155]LogContentBrowser: Native class hierarchy updated for 'FPSProject' in 0.0005 seconds. Added 2 classes and 2 folders.
[2020.04.14-03.35.10:570][155]Display: HotReload successful (4 functions remapped  0 scriptstructs remapped)
[2020.04.14-03.35.10:654][155]LogUObjectHash: Compacting FUObjectHashTables data took   1.37ms
[2020.04.14-03.35.10:668][155]LogContentBrowser: Native class hierarchy populated in 0.0092 seconds. Added 3019 classes and 722 folders.
[2020.04.14-03.35.10:668][155]Display: HotReload took  2.7s.
[2020.04.14-03.35.23:005][698]Candidate modules for hot reload:
[2020.04.14-03.35.23:005][698]  FPSProject
[2020.04.14-03.35.23:006][698]Launching UnrealBuildTool... [C:/Program Files/Epic Games/UE_4.24/Engine/Binaries/DotNET/UnrealBuildTool.exe  -ModuleWithSuffix=FPSProject,69 Win64 Development -TargetType=Editor -Project="C:/Users/sfg55/Documents/Unreal Projects/FPSProject/FPSProject.uproject" "C:/Users/sfg55/Documents/Unreal Projects/FPSProject/FPSProject.uproject"  -IgnoreJunk]
[2020.04.14-03.35.23:012][698]Warning: Starting HotReload took  0.0s.
[2020.04.14-03.35.25:263][932]CompilerResultsLog: New page: Compilation - Apr 13, 2020, 1:35:25 PM
[2020.04.14-03.35.25:263][932]CompilerResultsLog: Building FPSProjectEditor...
[2020.04.14-03.35.25:263][932]CompilerResultsLog: Using Visual Studio 2017 14.16.27038 toolchain (C:\Program Files (x86)\Microsoft Visual Studio\2017\Community\VC\Tools\MSVC\14.16.27023) and Windows 10.0.16299.0 SDK (C:\Program Files (x86)\Windows Kits\10).
[2020.04.14-03.35.25:263][932]CompilerResultsLog: Building 3 actions with 16 processes...
[2020.04.14-03.35.25:263][932]CompilerResultsLog:   [1/3] UE4Editor-FPSProject-0069.lib
[2020.04.14-03.35.25:263][932]CompilerResultsLog:      Creating library C:\Users\sfg55\Documents\Unreal Projects\FPSProject\Intermediate\Build\Win64\UE4Editor\Development\FPSProject\UE4Editor-FPSProject-0069.lib and object C:\Users\sfg55\Documents\Unreal Projects\FPSProject\Intermediate\Build\Win64\UE4Editor\Development\FPSProject\UE4Editor-FPSProject-0069.exp
[2020.04.14-03.35.25:263][932]CompilerResultsLog:   [2/3] UE4Editor-FPSProject-0069.dll
[2020.04.14-03.35.25:264][932]CompilerResultsLog:      Creating library C:\Users\sfg55\Documents\Unreal Projects\FPSProject\Intermediate\Build\Win64\UE4Editor\Development\FPSProject\UE4Editor-FPSProject-0069.suppressed.lib and object C:\Users\sfg55\Documents\Unreal Projects\FPSProject\Intermediate\Build\Win64\UE4Editor\Development\FPSProject\UE4Editor-FPSProject-0069.suppressed.exp
[2020.04.14-03.35.25:264][932]CompilerResultsLog:   [3/3] FPSProjectEditor.target
[2020.04.14-03.35.25:264][932]CompilerResultsLog: Total time in Parallel executor: 1.26 seconds
[2020.04.14-03.35.25:264][932]CompilerResultsLog: Total execution time: 2.16 seconds
[2020.04.14-03.35.25:264][932]LogMainFrame: MainFrame: Module compiling took 2.262 seconds
[2020.04.14-03.35.25:303][932]LogUObjectHash: Compacting FUObjectHashTables data took   0.72ms
[2020.04.14-03.35.25:317][932]LogContentBrowser: Native class hierarchy populated in 0.0094 seconds. Added 3019 classes and 722 folders.
[2020.04.14-03.35.25:317][932]Display: HotReload took  2.3s.
[2020.04.14-03.35.26:059][ 21]MapCheck: New page: Map Check
[2020.04.14-03.35.26:078][ 21]Cmd: MAP REBUILD ALLVISIBLE
[2020.04.14-03.35.26:078][ 21]LogEditorServer: Rebuildmap Clear paths rebuilt
[2020.04.14-03.35.26:083][ 21]LogWorld: UWorld::CleanupWorld for FPSMap, bSessionEnded=true, bCleanupResources=false
[2020.04.14-03.35.26:166][ 21]LogUObjectHash: Compacting FUObjectHashTables data took   1.34ms
[2020.04.14-03.35.26:178][ 21]LogMaterial: Display: Missing cached shader map for material DebugViewMode MaterialTexCoordScale, compiling. 
[2020.04.14-03.35.26:196][ 21]LogShaderCompilers: Display: Worker (1/13): shaders left to compile 2
[2020.04.14-03.35.26:196][ 21]LogShaderCompilers: Display: Worker (2/13): shaders left to compile 1
[2020.04.14-03.35.26:196][ 21]LogMaterial: Display: Missing cached shader map for material DebugViewMode MaterialTexCoordScale, compiling. 
[2020.04.14-03.35.26:543][ 21]LogShaderCompilers: Display: Worker (3/13): shaders left to compile 2
[2020.04.14-03.35.26:544][ 21]LogShaderCompilers: Display: Worker (4/13): shaders left to compile 1
[2020.04.14-03.35.26:544][ 21]TextureStreamingBuild: Display: Compiling optional shaders took 0.377 seconds.
[2020.04.14-03.35.26:547][ 21]LogLevel: Display: Export Material TexCoord Scales took 0.003 seconds.
[2020.04.14-03.35.26:550][ 21]TextureStreamingBuild: Display: Build Texture Streaming took 0.003 seconds.
[2020.04.14-03.35.26:588][ 21]LogUObjectHash: Compacting FUObjectHashTables data took   0.70ms
[2020.04.14-03.35.26:593][ 21]LightingResults: New page: Lighting Build - Apr 13, 2020, 1:35:26 PM
[2020.04.14-03.35.26:657][ 21]LogSwarmInterface: [OpenConnection] Registering TCP channel ...
[2020.04.14-03.35.26:667][ 21]LogSwarmInterface: [OpenConnection] Connecting to agent ...
[2020.04.14-03.35.26:681][ 21]LogSwarmInterface: [TryOpenConnection] Testing the Agent
[2020.04.14-03.35.26:686][ 21]LogSwarmInterface: [TryOpenConnection] Opening Connection to Agent
[2020.04.14-03.35.26:686][ 21]LogSwarmInterface: [TryOpenConnection] Local Process ID is 25860
[2020.04.14-03.35.26:690][ 21]LogStaticLightingSystem: Warning: Failed to connect to Swarm.
[2020.04.14-03.35.28:680][ 21]LogSlate: Window 'Message' being destroyed
[2020.04.14-03.35.28:690][ 21]LogStaticLightingSystem: Warning: Failed to build lighting!!! Lighting build failed.
[2020.04.14-03.35.28:691][ 21]Cmd: MAP CHECK DONTDISPLAYDIALOG
[2020.04.14-03.35.28:691][ 21]MapCheck: New page: FPSMap - Apr 13, 2020, 1:35:28 PM
[2020.04.14-03.35.28:707][ 21]MapCheck: Map check complete: 0 Error(s), 0 Warning(s), took 16.099ms to complete.
[2020.04.14-03.35.28:709][ 21]LogEditorBuildUtils: Build time 0:02
[2020.04.14-03.35.30:954][229]MapCheck: New page: Map Check
[2020.04.14-03.35.30:969][229]Cmd: MAP REBUILD ALLVISIBLE
[2020.04.14-03.35.30:969][229]LogEditorServer: Rebuildmap Clear paths rebuilt
[2020.04.14-03.35.30:972][229]LogWorld: UWorld::CleanupWorld for FPSMap, bSessionEnded=true, bCleanupResources=false
[2020.04.14-03.35.31:024][229]LogUObjectHash: Compacting FUObjectHashTables data took   1.37ms
[2020.04.14-03.35.31:033][229]LogMaterial: Display: Missing cached shader map for material DebugViewMode MaterialTexCoordScale, compiling. 
[2020.04.14-03.35.31:048][229]LogMaterial: Display: Missing cached shader map for material DebugViewMode MaterialTexCoordScale, compiling. 
[2020.04.14-03.35.31:289][229]LogShaderCompilers: Display: Worker (1/13): shaders left to compile 2
[2020.04.14-03.35.31:289][229]LogShaderCompilers: Display: Worker (2/13): shaders left to compile 1
[2020.04.14-03.35.31:289][229]LogShaderCompilers: Display: Worker (3/13): shaders left to compile 2
[2020.04.14-03.35.31:289][229]LogShaderCompilers: Display: Worker (4/13): shaders left to compile 1
[2020.04.14-03.35.31:289][229]TextureStreamingBuild: Display: Compiling optional shaders took 0.263 seconds.
[2020.04.14-03.35.31:291][229]LogLevel: Display: Export Material TexCoord Scales took 0.002 seconds.
[2020.04.14-03.35.31:295][229]TextureStreamingBuild: Display: Build Texture Streaming took 0.003 seconds.
[2020.04.14-03.35.31:333][229]LogUObjectHash: Compacting FUObjectHashTables data took   0.81ms
[2020.04.14-03.35.31:338][229]LightingResults: New page: Lighting Build - Apr 13, 2020, 1:35:31 PM
[2020.04.14-03.35.31:349][229]LogSwarmInterface: [OpenConnection] Registering TCP channel ...
[2020.04.14-03.35.31:423][229]LogSwarmInterface: [OpenConnection] Connecting to agent ...
[2020.04.14-03.35.31:423][229]LogSwarmInterface: [TryOpenConnection] Testing the Agent
[2020.04.14-03.35.31:935][229]LogSwarmInterface: [TryOpenConnection] Opening Connection to Agent
[2020.04.14-03.35.31:935][229]LogSwarmInterface: [TryOpenConnection] Local Process ID is 25860
[2020.04.14-03.35.34:379][229]LogStaticLightingSystem: Warning: No importance volume found, so the scene bounding box was used.  You can optimize your scene's quality and lighting build times by adding importance volumes.
[2020.04.14-03.35.34:379][229]LogStaticLightingSystem: Running Lightmass w/ ImmediateImport mode ENABLED
[2020.04.14-03.35.34:379][229]LogStaticLightingSystem: Running Lightmass w/ ImmediateProcess mode ENABLED
[2020.04.14-03.35.34:379][229]LogStaticLightingSystem: Running Lightmass w/ Sorting mode ENABLED
[2020.04.14-03.35.34:379][229]LogStaticLightingSystem: Running Lightmass w/ Mapping paddings ENABLED
[2020.04.14-03.35.34:379][229]LogStaticLightingSystem: Running Lightmass w/ Mapping debug paddings DISABLED
[2020.04.14-03.35.34:536][229]Cmd: MAP CHECK DONTDISPLAYDIALOG
[2020.04.14-03.35.34:536][229]MapCheck: New page: FPSMap - Apr 13, 2020, 1:35:34 PM
[2020.04.14-03.35.34:536][229]MapCheck: Map check complete: 0 Error(s), 0 Warning(s), took 0.415ms to complete.
[2020.04.14-03.35.34:539][229]LogEditorBuildUtils: Build time 0:03
[2020.04.14-03.35.34:805][232]LogUObjectHash: Compacting FUObjectHashTables data took   0.68ms
[2020.04.14-03.35.35:890][299]Job is a success!
[2020.04.14-03.35.36:000][300]LogVolumetricLightmapImport: Imported Volumetric Lightmap in 0.017s
[2020.04.14-03.35.36:000][300]LogVolumetricLightmapImport:      Indirection Texture 16x16x16 = 0.0Mb
[2020.04.14-03.35.36:001][300]LogVolumetricLightmapImport:      BrickData (all levels) 0.0Mb
[2020.04.14-03.35.36:001][300]LogVolumetricLightmapImport:      Bricks at depth
[2020.04.14-03.35.36:001][300]LogVolumetricLightmapImport:          0: 16.7% covering 100.0% of volume
[2020.04.14-03.35.36:001][300]LogVolumetricLightmapImport:          1: 16.7% covering 1.6% of volume
[2020.04.14-03.35.36:001][300]LogVolumetricLightmapImport:          2: 66.7% covering 0.1% of volume
[2020.04.14-03.35.36:001][300]LogVolumetricLightmapImport:      Bricks in each level
[2020.04.14-03.35.36:001][300]LogVolumetricLightmapImport:          FPSMap 			 6 bricks 	 100.0% (Persistent Level)
[2020.04.14-03.35.36:038][300]LogTexture: Display: Building textures: HQ_Lightmap0_1 (AutoDXT, 256X256)
[2020.04.14-03.35.36:038][300]LogTexture: Display: Building textures: LQ_Lightmap_0_2 (DXT1, 64X64)
[2020.04.14-03.35.36:039][300]LogTexture: Display: Building textures: HQ_Lightmap0_2 (AutoDXT, 64X64)
[2020.04.14-03.35.36:039][300]LogTexture: Display: Building textures: LQ_Lightmap_0_1 (DXT1, 256X256)
[2020.04.14-03.35.36:039][300]LogTexture: Display: Building textures: ShadowMapTexture2D_3 (G8, 32X32)
[2020.04.14-03.35.36:039][300]LogTexture: Display: Building textures: ShadowMapTexture2D_2 (G8, 128X128)
[2020.04.14-03.35.36:039][300]Lightmass on KOTTONKANDY: 650 ms total, 114 ms importing, 23 ms setup, 76 ms photons, 399 ms processing, 0 ms extra exporting [2/2 mappings]. Threads: 5.96 sec total, 151 ms processing.
[2020.04.14-03.35.36:039][300]LogStaticLightingSystem: FPSMap_BuiltData storing lightmap data for 2 meshes in 2 LightmapResourceClusters (1.0 Meshes per cluster).
[2020.04.14-03.35.36:077][300]LogUObjectHash: Compacting FUObjectHashTables data took   1.61ms
[2020.04.14-03.35.36:124][300]LogStaticLightingSystem: Illumination: 4.72 sec (14 ms encoding lightmaps, 3 ms encoding shadowmaps)
[2020.04.14-03.35.36:124][300]LogStaticLightingSystem: Lightmap texture memory:  0.1 MB (0.1 MB streaming, 0.0 MB non-streaming), 4 textures
[2020.04.14-03.35.36:124][300]LogStaticLightingSystem: Shadowmap texture memory: 0.0 MB (0.0 MB streaming, 0.0 MB non-streaming), 2 textures
[2020.04.14-03.35.36:398][300]DumpUnbuiltLightIteractions
[2020.04.14-03.35.36:398][300]Lights with unbuilt interactions: 0
[2020.04.14-03.35.36:399][300]
[2020.04.14-03.35.36:399][300]Primitives with unbuilt interactions: 0
[2020.04.14-03.35.36:478][301]Cmd: MAP CHECK NOTIFYRESULTS
[2020.04.14-03.35.36:478][301]MapCheck: New page: FPSMap - Apr 13, 2020, 1:35:36 PM
[2020.04.14-03.35.36:478][301]MapCheck: Map check complete: 0 Error(s), 0 Warning(s), took 0.481ms to complete.
[2020.04.14-03.35.41:459][891]LogTemp: Repeating last play command: Selected Viewport
[2020.04.14-03.35.41:469][891]LogPlayLevel: PlayLevel: No blueprints needed recompiling
[2020.04.14-03.35.41:469][891]PIE: New page: PIE session: FPSMap (Apr 13, 2020, 1:35:41 PM)
[2020.04.14-03.35.41:471][891]LogOnline: OSS: Creating online subsystem instance for: NULL
[2020.04.14-03.35.41:472][891]LogOnline: OSS: TryLoadSubsystemAndSetDefault: Loaded subsystem for module [NULL]
[2020.04.14-03.35.41:472][891]LogPlayLevel: Creating play world package: /Game/Maps/UEDPIE_0_FPSMap
[2020.04.14-03.35.41:475][891]LogPlayLevel: PIE: StaticDuplicateObject took: (0.002067s)
[2020.04.14-03.35.41:476][891]LogAIModule: Creating AISystem for world FPSMap
[2020.04.14-03.35.41:476][891]LogPlayLevel: PIE: World Init took: (0.001419s)
[2020.04.14-03.35.41:476][891]LogPlayLevel: PIE: Created PIE world by copying editor world from /Game/Maps/FPSMap.FPSMap to /Game/Maps/UEDPIE_0_FPSMap.FPSMap (0.004008s)
[2020.04.14-03.35.41:515][891]LogUObjectHash: Compacting FUObjectHashTables data took   1.63ms
[2020.04.14-03.35.41:516][891]LogAudioMixer: Display: Audio Mixer Platform Settings:
[2020.04.14-03.35.41:516][891]LogAudioMixer: Display: 	Sample Rate:						  48000
[2020.04.14-03.35.41:516][891]LogAudioMixer: Display: 	Callback Buffer Frame Size Requested: 1024
[2020.04.14-03.35.41:516][891]LogAudioMixer: Display: 	Callback Buffer Frame Size To Use:	  1024
[2020.04.14-03.35.41:516][891]LogAudioMixer: Display: 	Number of buffers to queue:			  2
[2020.04.14-03.35.41:516][891]LogAudioMixer: Display: 	Max Channels (voices):				  32
[2020.04.14-03.35.41:516][891]LogAudioMixer: Display: 	Number of Async Source Workers:		  0
[2020.04.14-03.35.41:516][891]LogAudio: Display: AudioDevice MaxSources: 32
[2020.04.14-03.35.41:517][891]LogAudio: Display: Using built-in audio occlusion.
[2020.04.14-03.35.41:517][891]LogAudioMixer: Display: Initializing audio mixer.
[2020.04.14-03.35.41:538][891]LogAudioMixer: Display: Audio Device Output Speaker Info:
[2020.04.14-03.35.41:538][891]LogAudioMixer: Display: Name: C32JG5x (2- NVIDIA High Definition Audio)
[2020.04.14-03.35.41:539][891]LogAudioMixer: Display: Is Default: Yes
[2020.04.14-03.35.41:539][891]LogAudioMixer: Display: Sample Rate: 48000
[2020.04.14-03.35.41:539][891]LogAudioMixer: Display: Channel Count Used: 2
[2020.04.14-03.35.41:539][891]LogAudioMixer: Display: Device Channel Count: 2
[2020.04.14-03.35.41:539][891]LogAudioMixer: Display: Channel Order:
[2020.04.14-03.35.41:539][891]LogAudioMixer: Display: 0: FrontLeft
[2020.04.14-03.35.41:539][891]LogAudioMixer: Display: 1: FrontRight
[2020.04.14-03.35.41:552][891]LogAudioMixer: Display: Using Audio Device C32JG5x (2- NVIDIA High Definition Audio)
[2020.04.14-03.35.41:554][891]LogInit: FAudioDevice initialized.
[2020.04.14-03.35.41:666][891]LogLoad: Game class is 'BP_MyFPSProjectGameModeBase_C'
[2020.04.14-03.35.41:668][891]LogWorld: Bringing World /Game/Maps/UEDPIE_0_FPSMap.FPSMap up for play (max tick rate 0) at 2020.04.13-20.35.41
[2020.04.14-03.35.41:668][891]LogWorld: Bringing up level for play took: 0.000624
[2020.04.14-03.35.41:668][891]LogOnline: OSS: Creating online subsystem instance for: :Context_1
[2020.04.14-03.35.41:672][891]LogContentBrowser: Native class hierarchy updated for 'MovieSceneCapture' in 0.0004 seconds. Added 20 classes and 0 folders.
[2020.04.14-03.35.41:674][891]PIE: Play in editor start time for /Game/Maps/UEDPIE_0_FPSMap -0.184
[2020.04.14-03.35.44:749][252]LogAudioMixer: Display: No commands were queued while flushing the source manager.
[2020.04.14-03.35.44:776][252]LogAudioMixer: Display: Flush succeeded in the source manager command queue (1).
[2020.04.14-03.35.44:796][252]LogAudioMixer: Display: Flush succeeded the source manager command queue (2).
[2020.04.14-03.35.44:796][252]LogSlate: Updating window title bar state: overlay mode, drag disabled, window buttons hidden, title bar hidden
[2020.04.14-03.35.44:796][252]LogWorld: BeginTearingDown for /Game/Maps/UEDPIE_0_FPSMap
[2020.04.14-03.35.44:797][252]LogAudioMixer: Display: No commands were queued while flushing the source manager.
[2020.04.14-03.35.44:797][252]LogWorld: UWorld::CleanupWorld for FPSMap, bSessionEnded=true, bCleanupResources=true
[2020.04.14-03.35.44:797][252]LogSlate: InvalidateAllWidgets triggered.  All widgets were invalidated
[2020.04.14-03.35.44:806][252]LogPlayLevel: Display: Shutting down PIE online subsystems
[2020.04.14-03.35.44:810][252]LogSlate: InvalidateAllWidgets triggered.  All widgets were invalidated
[2020.04.14-03.35.44:848][252]LogAudioMixer: Display: No commands were queued while flushing the source manager.
[2020.04.14-03.35.44:851][252]LogSlate: Updating window title bar state: overlay mode, drag disabled, window buttons hidden, title bar hidden
[2020.04.14-03.35.44:855][252]LogUObjectHash: Compacting FUObjectHashTables data took   2.04ms
[2020.04.14-03.35.44:873][253]LogPlayLevel: Display: Destroying online subsystem :Context_1
[2020.04.14-03.35.52:812][172]LogAssetEditorSubsystem: Opening Asset editor for Blueprint /Game/Blueprints/BP_FPSCharacter.BP_FPSCharacter
[2020.04.14-03.35.52:966][172]LogContentBrowser: Native class hierarchy updated for 'BlueprintGraph' in 0.0007 seconds. Added 121 classes and 0 folders.
[2020.04.14-03.35.56:997][458]LogSlate: Window 'BP_FPSCharacter' being destroyed
[2020.04.14-03.35.57:005][458]LogWorld: UWorld::CleanupWorld for World_4, bSessionEnded=true, bCleanupResources=true
[2020.04.14-03.35.57:005][458]LogSlate: InvalidateAllWidgets triggered.  All widgets were invalidated
[2020.04.14-03.35.57:057][458]LogAssetEditorSubsystem: Opening Asset editor for Blueprint /Game/Blueprints/BP_FPSCharacter.BP_FPSCharacter
[2020.04.14-03.35.57:390][458]LogSlate: Took 0.000275 seconds to synchronously load lazily loaded font '../../../Engine/Content/Slate/Fonts/Roboto-BoldCondensed.ttf' (158K)
[2020.04.14-03.36.01:326][889]LogSlate: Took 0.000268 seconds to synchronously load lazily loaded font '../../../Engine/Content/Slate/Fonts/Roboto-Italic.ttf' (157K)
[2020.04.14-03.36.39:337][655]BlueprintLog: New page: Compile BP_FPSCharacter
[2020.04.14-03.36.39:622][655]LogUObjectHash: Compacting FUObjectHashTables data took   4.28ms
[2020.04.14-03.36.41:464][855]LogTemp: Repeating last play command: Selected Viewport
[2020.04.14-03.36.41:476][855]LogPlayLevel: PlayLevel: No blueprints needed recompiling
[2020.04.14-03.36.41:476][855]PIE: New page: PIE session: FPSMap (Apr 13, 2020, 1:36:41 PM)
[2020.04.14-03.36.41:476][855]LogPlayLevel: Creating play world package: /Game/Maps/UEDPIE_0_FPSMap
[2020.04.14-03.36.41:478][855]LogPlayLevel: PIE: StaticDuplicateObject took: (0.002167s)
[2020.04.14-03.36.41:479][855]LogAIModule: Creating AISystem for world FPSMap
[2020.04.14-03.36.41:480][855]LogPlayLevel: PIE: World Init took: (0.001260s)
[2020.04.14-03.36.41:480][855]LogPlayLevel: PIE: Created PIE world by copying editor world from /Game/Maps/FPSMap.FPSMap to /Game/Maps/UEDPIE_0_FPSMap.FPSMap (0.003744s)
[2020.04.14-03.36.41:521][855]LogUObjectHash: Compacting FUObjectHashTables data took   2.64ms
[2020.04.14-03.36.41:522][855]LogAudioMixer: Display: Audio Mixer Platform Settings:
[2020.04.14-03.36.41:522][855]LogAudioMixer: Display: 	Sample Rate:						  48000
[2020.04.14-03.36.41:522][855]LogAudioMixer: Display: 	Callback Buffer Frame Size Requested: 1024
[2020.04.14-03.36.41:522][855]LogAudioMixer: Display: 	Callback Buffer Frame Size To Use:	  1024
[2020.04.14-03.36.41:522][855]LogAudioMixer: Display: 	Number of buffers to queue:			  2
[2020.04.14-03.36.41:522][855]LogAudioMixer: Display: 	Max Channels (voices):				  32
[2020.04.14-03.36.41:522][855]LogAudioMixer: Display: 	Number of Async Source Workers:		  0
[2020.04.14-03.36.41:522][855]LogAudio: Display: AudioDevice MaxSources: 32
[2020.04.14-03.36.41:523][855]LogAudio: Display: Using built-in audio occlusion.
[2020.04.14-03.36.41:523][855]LogAudioMixer: Display: Initializing audio mixer.
[2020.04.14-03.36.41:544][855]LogAudioMixer: Display: Audio Device Output Speaker Info:
[2020.04.14-03.36.41:544][855]LogAudioMixer: Display: Name: C32JG5x (2- NVIDIA High Definition Audio)
[2020.04.14-03.36.41:544][855]LogAudioMixer: Display: Is Default: Yes
[2020.04.14-03.36.41:544][855]LogAudioMixer: Display: Sample Rate: 48000
[2020.04.14-03.36.41:544][855]LogAudioMixer: Display: Channel Count Used: 2
[2020.04.14-03.36.41:544][855]LogAudioMixer: Display: Device Channel Count: 2
[2020.04.14-03.36.41:544][855]LogAudioMixer: Display: Channel Order:
[2020.04.14-03.36.41:545][855]LogAudioMixer: Display: 0: FrontLeft
[2020.04.14-03.36.41:545][855]LogAudioMixer: Display: 1: FrontRight
[2020.04.14-03.36.41:557][855]LogAudioMixer: Display: Using Audio Device C32JG5x (2- NVIDIA High Definition Audio)
[2020.04.14-03.36.41:559][855]LogInit: FAudioDevice initialized.
[2020.04.14-03.36.41:574][855]LogLoad: Game class is 'BP_MyFPSProjectGameModeBase_C'
[2020.04.14-03.36.41:575][855]LogWorld: Bringing World /Game/Maps/UEDPIE_0_FPSMap.FPSMap up for play (max tick rate 0) at 2020.04.13-20.36.41
[2020.04.14-03.36.41:575][855]LogWorld: Bringing up level for play took: 0.000606
[2020.04.14-03.36.41:575][855]LogOnline: OSS: Creating online subsystem instance for: :Context_8
[2020.04.14-03.36.41:579][855]PIE: Play in editor start time for /Game/Maps/UEDPIE_0_FPSMap -0.279
[2020.04.14-03.36.46:007][381]LogAudioMixer: Display: No commands were queued while flushing the source manager.
[2020.04.14-03.36.46:008][381]LogAudioMixer: Display: No commands were queued while flushing the source manager.
[2020.04.14-03.36.46:008][381]LogSlate: Updating window title bar state: overlay mode, drag disabled, window buttons hidden, title bar hidden
[2020.04.14-03.36.46:008][381]LogWorld: BeginTearingDown for /Game/Maps/UEDPIE_0_FPSMap
[2020.04.14-03.36.46:008][381]LogAudioMixer: Display: No commands were queued while flushing the source manager.
[2020.04.14-03.36.46:008][381]LogWorld: UWorld::CleanupWorld for FPSMap, bSessionEnded=true, bCleanupResources=true
[2020.04.14-03.36.46:008][381]LogSlate: InvalidateAllWidgets triggered.  All widgets were invalidated
[2020.04.14-03.36.46:021][381]LogPlayLevel: Display: Shutting down PIE online subsystems
[2020.04.14-03.36.46:026][381]LogSlate: InvalidateAllWidgets triggered.  All widgets were invalidated
[2020.04.14-03.36.46:065][381]LogAudioMixer: Display: No commands were queued while flushing the source manager.
[2020.04.14-03.36.46:068][381]LogSlate: Updating window title bar state: overlay mode, drag disabled, window buttons hidden, title bar hidden
[2020.04.14-03.36.46:071][381]LogUObjectHash: Compacting FUObjectHashTables data took   2.29ms
[2020.04.14-03.36.46:114][383]LogPlayLevel: Display: Destroying online subsystem :Context_8
[2020.04.14-03.37.05:177][381]Cmd: OBJ SAVEPACKAGE PACKAGE="/Game/Maps/FPSMap" FILE="../../../../../../Users/sfg55/Documents/Unreal Projects/FPSProject/Content/Maps/FPSMap.umap" SILENT=true AUTOSAVING=false KEEPDIRTY=false
[2020.04.14-03.37.05:218][381]LogUObjectHash: Compacting FUObjectHashTables data took   0.88ms
[2020.04.14-03.37.05:237][381]LogSavePackage: Moving '../../../../../../Users/sfg55/Documents/Unreal Projects/FPSProject/Saved/FPSMap6537F8DB475CE6FC5D92EF94CEB48450.tmp' to '../../../../../../Users/sfg55/Documents/Unreal Projects/FPSProject/Content/Maps/FPSMap.umap'
[2020.04.14-03.37.05:258][381]Cmd: OBJ SAVEPACKAGE PACKAGE="/Game/Maps/FPSMap_BuiltData" FILE="../../../../../../Users/sfg55/Documents/Unreal Projects/FPSProject/Content/Maps/FPSMap_BuiltData.uasset" SILENT=true
[2020.04.14-03.37.05:275][381]LogSavePackage: Moving '../../../../../../Users/sfg55/Documents/Unreal Projects/FPSProject/Saved/FPSMap_BuiltData60364B7345230020B60CA9B115080988.tmp' to '../../../../../../Users/sfg55/Documents/Unreal Projects/FPSProject/Content/Maps/FPSMap_BuiltData.uasset'
[2020.04.14-03.37.05:294][381]AssetCheck: New page: Asset Save: multiple assets
[2020.04.14-03.37.05:294][381]LogContentValidation: Display: Validating World /Game/Maps/FPSMap.FPSMap
[2020.04.14-03.37.05:294][381]LogContentValidation: Display: Validating MapBuildDataRegistry /Game/Maps/FPSMap_BuiltData.FPSMap_BuiltData
[2020.04.14-03.37.49:448][961]LogFactory: FactoryCreateFile: StaticMesh with FbxFactory (0 0 ../../../../../../Users/sfg55/Downloads/HeroFPP/HeroFPP.FBX)
[2020.04.14-03.37.49:480][961]LogFbx: Loading FBX Scene from ../../../../../../Users/sfg55/Downloads/HeroFPP/HeroFPP.FBX
[2020.04.14-03.37.49:501][961]LogFbx: FBX Scene Loaded Succesfully
[2020.04.14-03.37.52:089][961]LogSlate: Window 'FBX Import Options' being destroyed
[2020.04.14-03.37.52:116][961]LogFbx: Valid bind pose for Pose (HeroFPP) - HeroFPP
[2020.04.14-03.37.52:247][961]LogMaterial: Display: Material /Game/WorldGridMaterial.WorldGridMaterial needed to have new flag set bUsedWithSkeletalMesh !
[2020.04.14-03.37.52:252][961]LogMaterial: Display: Missing cached shader map for material WorldGridMaterial, compiling. 
[2020.04.14-03.37.52:315][961]LogMaterial: Display: Missing cached shader map for material WorldGridMaterial, compiling. 
[2020.04.14-03.37.52:345][961]LogShaderCompilers: Display: Worker (1/13): shaders left to compile 39
[2020.04.14-03.37.52:346][961]LogShaderCompilers: Display: Worker (2/13): shaders left to compile 35
[2020.04.14-03.37.52:346][961]LogShaderCompilers: Display: Worker (3/13): shaders left to compile 31
[2020.04.14-03.37.52:346][961]LogShaderCompilers: Display: Worker (4/13): shaders left to compile 27
[2020.04.14-03.37.52:346][961]LogShaderCompilers: Display: Worker (5/13): shaders left to compile 23
[2020.04.14-03.37.52:346][961]LogShaderCompilers: Display: Worker (6/13): shaders left to compile 19
[2020.04.14-03.37.52:346][961]LogShaderCompilers: Display: Worker (7/13): shaders left to compile 15
[2020.04.14-03.37.52:346][961]LogShaderCompilers: Display: Worker (8/13): shaders left to compile 11
[2020.04.14-03.37.52:346][961]LogShaderCompilers: Display: Worker (9/13): shaders left to compile 7
[2020.04.14-03.37.52:346][961]LogShaderCompilers: Display: Worker (10/13): shaders left to compile 3
[2020.04.14-03.37.52:346][961]LogFbx: Warning: Bones digested - 43  Depth of hierarchy - 9
[2020.04.14-03.37.52:417][961]LogSkeletalMesh: Section 0: 1780 vertices, 40 active bones
[2020.04.14-03.37.52:418][961]LogSkeletalMesh: Section 0: Material=0, 2600 triangles
[2020.04.14-03.37.52:420][961]LogSkeletalMesh: Building Skeletal Mesh HeroFPP...
[2020.04.14-03.37.52:491][961]LogSkeletalMesh: Section 0: 1780 vertices, 40 active bones
[2020.04.14-03.37.52:492][961]LogSkeletalMesh: Section 0: Material=0, 2600 triangles
[2020.04.14-03.37.52:500][961]LogSkeletalMesh: Built Skeletal Mesh [0.08s] /Game/HeroFPP.HeroFPP
[2020.04.14-03.37.54:871][961]LogSlate: Window 'Message' being destroyed
[2020.04.14-03.37.57:187][961]LogSlate: Window 'Message' being destroyed
[2020.04.14-03.37.58:532][961]LogSlate: Window 'Message' being destroyed
[2020.04.14-03.37.58:561][961]LogLinker: Failed to load '/Game/HeroFPP_PhysicsAsset': Can't find file.
[2020.04.14-03.37.58:561][961]LogLinker: Failed to load '/Game/HeroFPP_PhysicsAsset': Can't find file.
[2020.04.14-03.37.58:577][961]LogWorld: UWorld::CleanupWorld for World_6, bSessionEnded=true, bCleanupResources=true
[2020.04.14-03.37.58:578][961]LogSlate: InvalidateAllWidgets triggered.  All widgets were invalidated
[2020.04.14-03.37.58:589][961]FBXImport: Warning: No smoothing group information was found in this FBX scene.  Please make sure to enable the 'Export Smoothing Groups' option in the FBX Exporter plug-in before exporting the file.  Even for tools that don't support smoothing groups, the FBX Exporter will generate appropriate smoothing data at export-time so that correct vertex normals can be inferred while importing. 
[2020.04.14-03.38.05:725][741]LogSlate: Window 'Message Log' being destroyed
[2020.04.14-03.38.05:730][741]LogSlate: Window 'Message Log' being destroyed
[2020.04.14-03.38.14:038][734]Cmd: OBJ SAVEPACKAGE PACKAGE="/Game/Maps/FPSMap" FILE="../../../../../../Users/sfg55/Documents/Unreal Projects/FPSProject/Content/Maps/FPSMap.umap" SILENT=true AUTOSAVING=false KEEPDIRTY=false
[2020.04.14-03.38.14:107][734]LogUObjectHash: Compacting FUObjectHashTables data took   4.19ms
[2020.04.14-03.38.14:127][734]LogSavePackage: Moving '../../../../../../Users/sfg55/Documents/Unreal Projects/FPSProject/Saved/FPSMap72849C03490AB1BE2E021E810555D32E.tmp' to '../../../../../../Users/sfg55/Documents/Unreal Projects/FPSProject/Content/Maps/FPSMap.umap'
[2020.04.14-03.38.14:145][734]Cmd: OBJ SAVEPACKAGE PACKAGE="/Game/Maps/FPSMap_BuiltData" FILE="../../../../../../Users/sfg55/Documents/Unreal Projects/FPSProject/Content/Maps/FPSMap_BuiltData.uasset" SILENT=true
[2020.04.14-03.38.14:162][734]LogSavePackage: Moving '../../../../../../Users/sfg55/Documents/Unreal Projects/FPSProject/Saved/FPSMap_BuiltDataA6B1493D4DCD846AC7DC8C8A4AEC1CCA.tmp' to '../../../../../../Users/sfg55/Documents/Unreal Projects/FPSProject/Content/Maps/FPSMap_BuiltData.uasset'
[2020.04.14-03.38.14:180][734]AssetCheck: New page: Asset Save: multiple assets
[2020.04.14-03.38.14:180][734]LogContentValidation: Display: Validating World /Game/Maps/FPSMap.FPSMap
[2020.04.14-03.38.14:180][734]LogContentValidation: Display: Validating MapBuildDataRegistry /Game/Maps/FPSMap_BuiltData.FPSMap_BuiltData
[2020.04.14-03.40.34:555][553]Cmd: OBJ SAVEPACKAGE PACKAGE="/Game/Blueprints/BP_FPSCharacter" FILE="../../../../../../Users/sfg55/Documents/Unreal Projects/FPSProject/Content/Blueprints/BP_FPSCharacter.uasset" SILENT=true
[2020.04.14-03.40.34:581][553]LogSavePackage: Moving '../../../../../../Users/sfg55/Documents/Unreal Projects/FPSProject/Saved/BP_FPSCharacterF4ABBFE14AE97C6DE34AFFAB73AE27F5.tmp' to '../../../../../../Users/sfg55/Documents/Unreal Projects/FPSProject/Content/Blueprints/BP_FPSCharacter.uasset'
[2020.04.14-03.40.34:605][553]AssetCheck: New page: Asset Save: BP_FPSCharacter
[2020.04.14-03.40.34:605][553]LogContentValidation: Display: Validating Blueprint /Game/Blueprints/BP_FPSCharacter.BP_FPSCharacter
[2020.04.14-03.40.35:368][629]BlueprintLog: New page: Compile BP_FPSCharacter
[2020.04.14-03.40.35:700][629]LogUObjectHash: Compacting FUObjectHashTables data took   3.97ms
[2020.04.14-03.40.44:071][624]LogTemp: Repeating last play command: Selected Viewport
[2020.04.14-03.40.44:083][624]LogPlayLevel: PlayLevel: No blueprints needed recompiling
[2020.04.14-03.40.44:084][624]PIE: New page: PIE session: FPSMap (Apr 13, 2020, 1:40:44 PM)
[2020.04.14-03.40.44:084][624]LogPlayLevel: Creating play world package: /Game/Maps/UEDPIE_0_FPSMap
[2020.04.14-03.40.44:086][624]LogPlayLevel: PIE: StaticDuplicateObject took: (0.002223s)
[2020.04.14-03.40.44:087][624]LogAIModule: Creating AISystem for world FPSMap
[2020.04.14-03.40.44:087][624]LogPlayLevel: PIE: World Init took: (0.001048s)
[2020.04.14-03.40.44:087][624]LogPlayLevel: PIE: Created PIE world by copying editor world from /Game/Maps/FPSMap.FPSMap to /Game/Maps/UEDPIE_0_FPSMap.FPSMap (0.003605s)
[2020.04.14-03.40.44:132][624]LogUObjectHash: Compacting FUObjectHashTables data took   3.33ms
[2020.04.14-03.40.44:134][624]LogAudioMixer: Display: Audio Mixer Platform Settings:
[2020.04.14-03.40.44:134][624]LogAudioMixer: Display: 	Sample Rate:						  48000
[2020.04.14-03.40.44:134][624]LogAudioMixer: Display: 	Callback Buffer Frame Size Requested: 1024
[2020.04.14-03.40.44:135][624]LogAudioMixer: Display: 	Callback Buffer Frame Size To Use:	  1024
[2020.04.14-03.40.44:135][624]LogAudioMixer: Display: 	Number of buffers to queue:			  2
[2020.04.14-03.40.44:135][624]LogAudioMixer: Display: 	Max Channels (voices):				  32
[2020.04.14-03.40.44:135][624]LogAudioMixer: Display: 	Number of Async Source Workers:		  0
[2020.04.14-03.40.44:135][624]LogAudio: Display: AudioDevice MaxSources: 32
[2020.04.14-03.40.44:135][624]LogAudio: Display: Using built-in audio occlusion.
[2020.04.14-03.40.44:136][624]LogAudioMixer: Display: Initializing audio mixer.
[2020.04.14-03.40.44:157][624]LogAudioMixer: Display: Audio Device Output Speaker Info:
[2020.04.14-03.40.44:157][624]LogAudioMixer: Display: Name: C32JG5x (2- NVIDIA High Definition Audio)
[2020.04.14-03.40.44:158][624]LogAudioMixer: Display: Is Default: Yes
[2020.04.14-03.40.44:158][624]LogAudioMixer: Display: Sample Rate: 48000
[2020.04.14-03.40.44:158][624]LogAudioMixer: Display: Channel Count Used: 2
[2020.04.14-03.40.44:158][624]LogAudioMixer: Display: Device Channel Count: 2
[2020.04.14-03.40.44:158][624]LogAudioMixer: Display: Channel Order:
[2020.04.14-03.40.44:158][624]LogAudioMixer: Display: 0: FrontLeft
[2020.04.14-03.40.44:158][624]LogAudioMixer: Display: 1: FrontRight
[2020.04.14-03.40.44:171][624]LogAudioMixer: Display: Using Audio Device C32JG5x (2- NVIDIA High Definition Audio)
[2020.04.14-03.40.44:174][624]LogInit: FAudioDevice initialized.
[2020.04.14-03.40.44:182][624]LogLoad: Game class is 'BP_MyFPSProjectGameModeBase_C'
[2020.04.14-03.40.44:183][624]LogWorld: Bringing World /Game/Maps/UEDPIE_0_FPSMap.FPSMap up for play (max tick rate 0) at 2020.04.13-20.40.44
[2020.04.14-03.40.44:183][624]LogWorld: Bringing up level for play took: 0.000517
[2020.04.14-03.40.44:184][624]LogOnline: OSS: Creating online subsystem instance for: :Context_10
[2020.04.14-03.40.44:187][624]PIE: Play in editor start time for /Game/Maps/UEDPIE_0_FPSMap 0.33
[2020.04.14-03.40.49:521][251]LogAudioMixer: Display: No commands were queued while flushing the source manager.
[2020.04.14-03.40.49:521][251]LogAudioMixer: Display: No commands were queued while flushing the source manager.
[2020.04.14-03.40.49:521][251]LogSlate: Updating window title bar state: overlay mode, drag disabled, window buttons hidden, title bar hidden
[2020.04.14-03.40.49:521][251]LogWorld: BeginTearingDown for /Game/Maps/UEDPIE_0_FPSMap
[2020.04.14-03.40.49:521][251]LogAudioMixer: Display: No commands were queued while flushing the source manager.
[2020.04.14-03.40.49:521][251]LogWorld: UWorld::CleanupWorld for FPSMap, bSessionEnded=true, bCleanupResources=true
[2020.04.14-03.40.49:522][251]LogSlate: InvalidateAllWidgets triggered.  All widgets were invalidated
[2020.04.14-03.40.49:531][251]LogPlayLevel: Display: Shutting down PIE online subsystems
[2020.04.14-03.40.49:536][251]LogSlate: InvalidateAllWidgets triggered.  All widgets were invalidated
[2020.04.14-03.40.49:577][251]LogAudioMixer: Display: No commands were queued while flushing the source manager.
[2020.04.14-03.40.49:581][251]LogSlate: Updating window title bar state: overlay mode, drag disabled, window buttons hidden, title bar hidden
[2020.04.14-03.40.49:585][251]LogUObjectHash: Compacting FUObjectHashTables data took   3.02ms
[2020.04.14-03.40.49:626][255]LogPlayLevel: Display: Destroying online subsystem :Context_10
[2020.04.14-03.43.19:852][325]LogEditorViewport: Clicking on Actor (LMB): StaticMeshActor (Floor)
[2020.04.14-03.43.22:146][575]LogTemp: Repeating last play command: Selected Viewport
[2020.04.14-03.43.22:159][575]LogPlayLevel: PlayLevel: No blueprints needed recompiling
[2020.04.14-03.43.22:159][575]PIE: New page: PIE session: FPSMap (Apr 13, 2020, 1:43:22 PM)
[2020.04.14-03.43.22:159][575]LogPlayLevel: Creating play world package: /Game/Maps/UEDPIE_0_FPSMap
[2020.04.14-03.43.22:162][575]LogPlayLevel: PIE: StaticDuplicateObject took: (0.002167s)
[2020.04.14-03.43.22:163][575]LogAIModule: Creating AISystem for world FPSMap
[2020.04.14-03.43.22:163][575]LogPlayLevel: PIE: World Init took: (0.001554s)
[2020.04.14-03.43.22:163][575]LogPlayLevel: PIE: Created PIE world by copying editor world from /Game/Maps/FPSMap.FPSMap to /Game/Maps/UEDPIE_0_FPSMap.FPSMap (0.004156s)
[2020.04.14-03.43.22:207][575]LogUObjectHash: Compacting FUObjectHashTables data took   3.05ms
[2020.04.14-03.43.22:211][575]LogAudioMixer: Display: Audio Mixer Platform Settings:
[2020.04.14-03.43.22:211][575]LogAudioMixer: Display: 	Sample Rate:						  48000
[2020.04.14-03.43.22:211][575]LogAudioMixer: Display: 	Callback Buffer Frame Size Requested: 1024
[2020.04.14-03.43.22:211][575]LogAudioMixer: Display: 	Callback Buffer Frame Size To Use:	  1024
[2020.04.14-03.43.22:211][575]LogAudioMixer: Display: 	Number of buffers to queue:			  2
[2020.04.14-03.43.22:211][575]LogAudioMixer: Display: 	Max Channels (voices):				  32
[2020.04.14-03.43.22:211][575]LogAudioMixer: Display: 	Number of Async Source Workers:		  0
[2020.04.14-03.43.22:211][575]LogAudio: Display: AudioDevice MaxSources: 32
[2020.04.14-03.43.22:212][575]LogAudio: Display: Using built-in audio occlusion.
[2020.04.14-03.43.22:212][575]LogAudioMixer: Display: Initializing audio mixer.
[2020.04.14-03.43.22:233][575]LogAudioMixer: Display: Audio Device Output Speaker Info:
[2020.04.14-03.43.22:234][575]LogAudioMixer: Display: Name: C32JG5x (2- NVIDIA High Definition Audio)
[2020.04.14-03.43.22:234][575]LogAudioMixer: Display: Is Default: Yes
[2020.04.14-03.43.22:234][575]LogAudioMixer: Display: Sample Rate: 48000
[2020.04.14-03.43.22:234][575]LogAudioMixer: Display: Channel Count Used: 2
[2020.04.14-03.43.22:234][575]LogAudioMixer: Display: Device Channel Count: 2
[2020.04.14-03.43.22:234][575]LogAudioMixer: Display: Channel Order:
[2020.04.14-03.43.22:234][575]LogAudioMixer: Display: 0: FrontLeft
[2020.04.14-03.43.22:234][575]LogAudioMixer: Display: 1: FrontRight
[2020.04.14-03.43.22:246][575]LogAudioMixer: Display: Using Audio Device C32JG5x (2- NVIDIA High Definition Audio)
[2020.04.14-03.43.22:249][575]LogInit: FAudioDevice initialized.
[2020.04.14-03.43.22:258][575]LogLoad: Game class is 'BP_MyFPSProjectGameModeBase_C'
[2020.04.14-03.43.22:259][575]LogWorld: Bringing World /Game/Maps/UEDPIE_0_FPSMap.FPSMap up for play (max tick rate 0) at 2020.04.13-20.43.22
[2020.04.14-03.43.22:260][575]LogWorld: Bringing up level for play took: 0.000572
[2020.04.14-03.43.22:260][575]LogOnline: OSS: Creating online subsystem instance for: :Context_12
[2020.04.14-03.43.22:263][575]PIE: Play in editor start time for /Game/Maps/UEDPIE_0_FPSMap 0.406
[2020.04.14-03.43.24:882][887]LogAudioMixer: Display: No commands were queued while flushing the source manager.
[2020.04.14-03.43.24:882][887]LogAudioMixer: Display: No commands were queued while flushing the source manager.
[2020.04.14-03.43.24:883][887]LogSlate: Updating window title bar state: overlay mode, drag disabled, window buttons hidden, title bar hidden
[2020.04.14-03.43.24:883][887]LogWorld: BeginTearingDown for /Game/Maps/UEDPIE_0_FPSMap
[2020.04.14-03.43.24:883][887]LogAudioMixer: Display: No commands were queued while flushing the source manager.
[2020.04.14-03.43.24:883][887]LogWorld: UWorld::CleanupWorld for FPSMap, bSessionEnded=true, bCleanupResources=true
[2020.04.14-03.43.24:883][887]LogSlate: InvalidateAllWidgets triggered.  All widgets were invalidated
[2020.04.14-03.43.24:898][887]LogPlayLevel: Display: Shutting down PIE online subsystems
[2020.04.14-03.43.24:904][887]LogSlate: InvalidateAllWidgets triggered.  All widgets were invalidated
[2020.04.14-03.43.24:937][887]LogAudioMixer: Display: No commands were queued while flushing the source manager.
[2020.04.14-03.43.24:941][887]LogSlate: Updating window title bar state: overlay mode, drag disabled, window buttons hidden, title bar hidden
[2020.04.14-03.43.24:945][887]LogUObjectHash: Compacting FUObjectHashTables data took   3.00ms
[2020.04.14-03.43.24:988][889]LogPlayLevel: Display: Destroying online subsystem :Context_12
