Log file open, 04/16/20 21:48:17
LogWindows: Failed to load 'aqProf.dll' (GetLastError=126)
LogWindows: File 'aqProf.dll' does not exist
LogWindows: Failed to load 'VtuneApi.dll' (GetLastError=126)
LogWindows: File 'VtuneApi.dll' does not exist
LogWindows: Failed to load 'VtuneApi32e.dll' (GetLastError=126)
LogWindows: File 'VtuneApi32e.dll' does not exist
LogConsoleResponse: Display: Failed to find resolution value strings in scalability ini. Falling back to default.
LogInit: Display: Running engine for game: FPSProject
LogPlatformFile: Not using cached read wrapper
LogTaskGraph: Started task graph with 5 named threads and 47 total threads with 3 sets of task threads.
LogStats: Stats thread started at 0.079400
LogD3D11RHI: Loaded GFSDK_Aftermath_Lib.x64.dll
LogICUInternationalization: ICU TimeZone Detection - Raw Offset: -8:00, Platform Override: ''
LogPluginManager: Mounting plugin Paper2D
LogPluginManager: Mounting plugin AISupport
LogPluginManager: Mounting plugin LightPropagationVolume
LogPluginManager: Mounting plugin ActorLayerUtilities
LogPluginManager: Mounting plugin AnimationSharing
LogPluginManager: Mounting plugin CLionSourceCodeAccess
LogPluginManager: Mounting plugin CodeLiteSourceCodeAccess
LogPluginManager: Mounting plugin GitSourceControl
LogPluginManager: Mounting plugin KDevelopSourceCodeAccess
LogPluginManager: Mounting plugin NullSourceCodeAccess
LogPluginManager: Mounting plugin PerforceSourceControl
LogPluginManager: Mounting plugin PlasticSourceControl
LogPluginManager: Mounting plugin SubversionSourceControl
LogPluginManager: Mounting plugin UObjectPlugin
LogPluginManager: Mounting plugin VisualStudioCodeSourceCodeAccess
LogPluginManager: Mounting plugin VisualStudioSourceCodeAccess
LogPluginManager: Mounting plugin XCodeSourceCodeAccess
LogPluginManager: Mounting plugin AssetManagerEditor
LogPluginManager: Mounting plugin CryptoKeys
LogPluginManager: Mounting plugin CurveEditorTools
LogPluginManager: Mounting plugin DataValidation
LogPluginManager: Mounting plugin FacialAnimation
LogPluginManager: Mounting plugin GameplayTagsEditor
LogPluginManager: Mounting plugin MacGraphicsSwitching
LogPluginManager: Mounting plugin MaterialAnalyzer
LogPluginManager: Mounting plugin MobileLauncherProfileWizard
LogPluginManager: Mounting plugin PluginBrowser
LogPluginManager: Mounting plugin SpeedTreeImporter
LogPluginManager: Mounting plugin DatasmithContent
LogPluginManager: Mounting plugin VariantManagerContent
LogPluginManager: Mounting plugin AlembicImporter
LogPluginManager: Mounting plugin AutomationUtils
LogPluginManager: Mounting plugin BackChannel
LogPluginManager: Mounting plugin CharacterAI
LogPluginManager: Mounting plugin GeometryCache
LogPluginManager: Mounting plugin PlatformCrypto
LogPluginManager: Mounting plugin ProxyLODPlugin
LogPluginManager: Mounting plugin SkeletalReduction
LogPluginManager: Mounting plugin MagicLeap
LogPluginManager: Mounting plugin MagicLeapMedia
LogPluginManager: Mounting plugin MLSDK
LogPluginManager: Mounting plugin AndroidMedia
LogPluginManager: Mounting plugin AvfMedia
LogPluginManager: Mounting plugin ImgMedia
LogPluginManager: Mounting plugin MediaCompositing
LogPluginManager: Mounting plugin MediaPlayerEditor
LogPluginManager: Mounting plugin WebMMedia
LogPluginManager: Mounting plugin WmfMedia
LogPluginManager: Mounting plugin TcpMessaging
LogPluginManager: Mounting plugin UdpMessaging
LogPluginManager: Mounting plugin ActorSequence
LogPluginManager: Mounting plugin LevelSequenceEditor
LogPluginManager: Mounting plugin MatineeToLevelSequence
LogPluginManager: Mounting plugin NetcodeUnitTest
LogPluginManager: Mounting plugin NUTUnrealEngine4
LogPluginManager: Mounting plugin OnlineSubsystemGooglePlay
LogPluginManager: Mounting plugin OnlineSubsystemIOS
LogPluginManager: Mounting plugin OnlineSubsystem
LogPluginManager: Mounting plugin OnlineSubsystemNull
LogPluginManager: Mounting plugin OnlineSubsystemUtils
LogPluginManager: Mounting plugin LauncherChunkInstaller
LogPluginManager: Mounting plugin AndroidDeviceProfileSelector
LogPluginManager: Mounting plugin AndroidMoviePlayer
LogPluginManager: Mounting plugin AndroidPermission
LogPluginManager: Mounting plugin AppleImageUtils
LogPluginManager: Mounting plugin AppleMoviePlayer
LogPluginManager: Mounting plugin ArchVisCharacter
LogPluginManager: Mounting plugin AssetTags
LogPluginManager: Mounting plugin AudioCapture
LogPluginManager: Mounting plugin CableComponent
LogPluginManager: Mounting plugin CustomMeshComponent
LogPluginManager: Mounting plugin EditableMesh
LogPluginManager: Mounting plugin ExampleDeviceProfileSelector
LogPluginManager: Mounting plugin GoogleCloudMessaging
LogPluginManager: Mounting plugin IOSDeviceProfileSelector
LogPluginManager: Mounting plugin LinuxDeviceProfileSelector
LogPluginManager: Mounting plugin LocationServicesBPLibrary
LogPluginManager: Mounting plugin MobilePatchingUtils
LogPluginManager: Mounting plugin OculusVR
LogPluginManager: Mounting plugin PhysXVehicles
LogPluginManager: Mounting plugin PostSplashScreen
LogPluginManager: Mounting plugin ProceduralMeshComponent
LogPluginManager: Mounting plugin RuntimePhysXCooking
LogPluginManager: Mounting plugin SignificanceManager
LogPluginManager: Mounting plugin SteamVR
LogPluginManager: Mounting plugin WebMMoviePlayer
LogPluginManager: Mounting plugin WindowsMoviePlayer
LogPluginManager: Mounting plugin ScreenshotTools
LogInit: Using libcurl 7.55.1-DEV
LogInit:  - built for x86_64-pc-win32
LogInit:  - supports SSL with OpenSSL/1.1.1
LogInit:  - supports HTTP deflate (compression) using libz 1.2.8
LogInit:  - other features:
LogInit:      CURL_VERSION_SSL
LogInit:      CURL_VERSION_LIBZ
LogInit:      CURL_VERSION_IPV6
LogInit:      CURL_VERSION_ASYNCHDNS
LogInit:      CURL_VERSION_LARGEFILE
LogInit:      CURL_VERSION_IDN
LogInit:  CurlRequestOptions (configurable via config and command line):
LogInit:  - bVerifyPeer = true  - Libcurl will verify peer certificate
LogInit:  - bUseHttpProxy = false  - Libcurl will NOT use HTTP proxy
LogInit:  - bDontReuseConnections = false  - Libcurl will reuse connections
LogInit:  - MaxHostConnections = 16  - Libcurl will limit the number of connections to a host
LogInit:  - LocalHostAddr = Default
LogInit:  - BufferSize = 65536
LogOnline: OSS: Creating online subsystem instance for: NULL
LogInit: WinSock: version 1.1 (2.2), MaxSocks=32767, MaxUdp=65467
LogOnline: OSS: TryLoadSubsystemAndSetDefault: Loaded subsystem for module [NULL]
LogInit: Build: ++UE4+Release-4.24-CL-11590370
LogInit: Engine Version: 4.24.3-11590370+++UE4+Release-4.24
LogInit: Compatible Engine Version: 4.24.0-10570792+++UE4+Release-4.24
LogInit: Net CL: 10570792
LogInit: OS: Windows 10 (Release 1903) (), CPU: AMD Ryzen 7 2700X Eight-Core Processor         , GPU: NVIDIA GeForce RTX 2070
LogInit: Compiled (64-bit): Feb 24 2020 15:39:18
LogInit: Compiled with Visual C++: 19.16.27032.01
LogInit: Build Configuration: Development
LogInit: Branch Name: ++UE4+Release-4.24
LogInit: Command Line: 
LogInit: Base Directory: C:/Program Files/Epic Games/UE_4.24/Engine/Binaries/Win64/
LogInit: Installed Engine Build: 1
LogDevObjectVersion: Number of dev versions registered: 25
LogDevObjectVersion:   Dev-Blueprints (B0D832E4-1F89-4F0D-ACCF-7EB736FD4AA2): 10
LogDevObjectVersion:   Dev-Build (E1C64328-A22C-4D53-A36C-8E866417BD8C): 0
LogDevObjectVersion:   Dev-Core (375EC13C-06E4-48FB-B500-84F0262A717E): 3
LogDevObjectVersion:   Dev-Editor (E4B068ED-F494-42E9-A231-DA0B2E46BB41): 37
LogDevObjectVersion:   Dev-Framework (CFFC743F-43B0-4480-9391-14DF171D2073): 36
LogDevObjectVersion:   Dev-Mobile (B02B49B5-BB20-44E9-A304-32B752E40360): 2
LogDevObjectVersion:   Dev-Networking (A4E4105C-59A1-49B5-A7C5-40C4547EDFEE): 0
LogDevObjectVersion:   Dev-Online (39C831C9-5AE6-47DC-9A44-9C173E1C8E7C): 0
LogDevObjectVersion:   Dev-Physics (78F01B33-EBEA-4F98-B9B4-84EACCB95AA2): 2
LogDevObjectVersion:   Dev-Platform (6631380F-2D4D-43E0-8009-CF276956A95A): 0
LogDevObjectVersion:   Dev-Rendering (12F88B9F-8875-4AFC-A67C-D90C383ABD29): 36
LogDevObjectVersion:   Dev-Sequencer (7B5AE74C-D270-4C10-A958-57980B212A5A): 11
LogDevObjectVersion:   Dev-VR (D7296918-1DD6-4BDD-9DE2-64A83CC13884): 2
LogDevObjectVersion:   Dev-LoadTimes (C2A15278-BFE7-4AFE-6C17-90FF531DF755): 1
LogDevObjectVersion:   Private-Geometry (6EACA3D4-40EC-4CC1-B786-8BED09428FC5): 3
LogDevObjectVersion:   Dev-AnimPhys (29E575DD-E0A3-4627-9D10-D276232CDCEA): 17
LogDevObjectVersion:   Dev-Anim (AF43A65D-7FD3-4947-9873-3E8ED9C1BB05): 2
LogDevObjectVersion:   Dev-ReflectionCapture (6B266CEC-1EC7-4B8F-A30B-E4D90942FC07): 1
LogDevObjectVersion:   Dev-Automation (0DF73D61-A23F-47EA-B727-89E90C41499A): 1
LogDevObjectVersion:   FortniteMain (601D1886-AC64-4F84-AA16-D3DE0DEAC7D6): 31
LogDevObjectVersion:   Dev-Enterprise (9DFFBCD6-494F-0158-E221-12823C92A888): 8
LogDevObjectVersion:   Dev-Niagara (F2AED0AC-9AFE-416F-8664-AA7FFA26D6FC): 1
LogDevObjectVersion:   Dev-Destruction (174F1F0B-B4C6-45A5-B13F-2EE8D0FB917D): 9
LogDevObjectVersion:   Dev-Physics-Ext (35F94A83-E258-406C-A318-09F59610247C): 8
LogDevObjectVersion:   Dev-CineCamera (B2E18506-4273-CFC2-A54E-F4BB758BBA07): 1
LogInit: Presizing for max 25165824 objects, including 0 objects not considered by GC, pre-allocating 0 bytes for permanent pool.
LogInit: Object subsystem initialized
LogConfig: Setting CVar [[con.DebugEarlyDefault:1]]
LogConfig: Setting CVar [[r.setres:1280x720]]
[2020.04.17-04.48.17:721][  0]LogConfig: Setting CVar [[r.VSync:0]]
[2020.04.17-04.48.17:721][  0]LogConfig: Setting CVar [[r.RHICmdBypass:0]]
[2020.04.17-04.48.17:721][  0]LogConfig: Applying CVar settings from Section [/Script/Engine.RendererSettings] File [C:/Users/sfg55/Documents/Unreal Projects/FPSProject/Saved/Config/Windows/Engine.ini]
[2020.04.17-04.48.17:721][  0]LogConfig: Setting CVar [[r.GPUCrashDebugging:0]]
[2020.04.17-04.48.17:721][  0]LogConfig: Applying CVar settings from Section [/Script/Engine.RendererOverrideSettings] File [C:/Users/sfg55/Documents/Unreal Projects/FPSProject/Saved/Config/Windows/Engine.ini]
[2020.04.17-04.48.17:721][  0]LogConfig: Applying CVar settings from Section [/Script/Engine.StreamingSettings] File [C:/Users/sfg55/Documents/Unreal Projects/FPSProject/Saved/Config/Windows/Engine.ini]
[2020.04.17-04.48.17:721][  0]LogConfig: Setting CVar [[s.MinBulkDataSizeForAsyncLoading:131072]]
[2020.04.17-04.48.17:721][  0]LogConfig: Setting CVar [[s.AsyncLoadingThreadEnabled:0]]
[2020.04.17-04.48.17:721][  0]LogConfig: Setting CVar [[s.EventDrivenLoaderEnabled:1]]
[2020.04.17-04.48.17:721][  0]LogConfig: Setting CVar [[s.WarnIfTimeLimitExceeded:0]]
[2020.04.17-04.48.17:721][  0]LogConfig: Setting CVar [[s.TimeLimitExceededMultiplier:1.5]]
[2020.04.17-04.48.17:721][  0]LogConfig: Setting CVar [[s.TimeLimitExceededMinTime:0.005]]
[2020.04.17-04.48.17:721][  0]LogConfig: Setting CVar [[s.UseBackgroundLevelStreaming:1]]
[2020.04.17-04.48.17:721][  0]LogConfig: Setting CVar [[s.PriorityAsyncLoadingExtraTime:15.0]]
[2020.04.17-04.48.17:721][  0]LogConfig: Setting CVar [[s.LevelStreamingActorsUpdateTimeLimit:5.0]]
[2020.04.17-04.48.17:721][  0]LogConfig: Setting CVar [[s.PriorityLevelStreamingActorsUpdateExtraTime:5.0]]
[2020.04.17-04.48.17:721][  0]LogConfig: Setting CVar [[s.LevelStreamingComponentsRegistrationGranularity:10]]
[2020.04.17-04.48.17:721][  0]LogConfig: Setting CVar [[s.UnregisterComponentsTimeLimit:1.0]]
[2020.04.17-04.48.17:721][  0]LogConfig: Setting CVar [[s.LevelStreamingComponentsUnregistrationGranularity:5]]
[2020.04.17-04.48.17:721][  0]LogConfig: Setting CVar [[s.FlushStreamingOnExit:1]]
[2020.04.17-04.48.17:721][  0]LogConfig: Applying CVar settings from Section [/Script/Engine.GarbageCollectionSettings] File [C:/Users/sfg55/Documents/Unreal Projects/FPSProject/Saved/Config/Windows/Engine.ini]
[2020.04.17-04.48.17:721][  0]LogConfig: Setting CVar [[gc.MaxObjectsNotConsideredByGC:1]]
[2020.04.17-04.48.17:722][  0]LogConfig: Setting CVar [[gc.SizeOfPermanentObjectPool:0]]
[2020.04.17-04.48.17:722][  0]LogConfig: Setting CVar [[gc.FlushStreamingOnGC:0]]
[2020.04.17-04.48.17:722][  0]LogConfig: Setting CVar [[gc.NumRetriesBeforeForcingGC:10]]
[2020.04.17-04.48.17:722][  0]LogConfig: Setting CVar [[gc.AllowParallelGC:1]]
[2020.04.17-04.48.17:722][  0]LogConfig: Setting CVar [[gc.TimeBetweenPurgingPendingKillObjects:61.1]]
[2020.04.17-04.48.17:722][  0]LogConfig: Setting CVar [[gc.MaxObjectsInEditor:25165824]]
[2020.04.17-04.48.17:722][  0]LogConfig: Setting CVar [[gc.IncrementalBeginDestroyEnabled:1]]
[2020.04.17-04.48.17:722][  0]LogConfig: Setting CVar [[gc.CreateGCClusters:1]]
[2020.04.17-04.48.17:722][  0]LogConfig: Setting CVar [[gc.MinGCClusterSize:5]]
[2020.04.17-04.48.17:722][  0]LogConfig: Setting CVar [[gc.ActorClusteringEnabled:0]]
[2020.04.17-04.48.17:722][  0]LogConfig: Setting CVar [[gc.BlueprintClusteringEnabled:0]]
[2020.04.17-04.48.17:722][  0]LogConfig: Setting CVar [[gc.UseDisregardForGCOnDedicatedServers:0]]
[2020.04.17-04.48.17:722][  0]LogConfig: Applying CVar settings from Section [/Script/Engine.NetworkSettings] File [C:/Users/sfg55/Documents/Unreal Projects/FPSProject/Saved/Config/Windows/Engine.ini]
[2020.04.17-04.48.17:722][  0]LogConfig: Applying CVar settings from Section [/Script/UnrealEd.CookerSettings] File [C:/Users/sfg55/Documents/Unreal Projects/FPSProject/Saved/Config/Windows/Engine.ini]
[2020.04.17-04.48.17:727][  0]LogConfig: Applying CVar settings from Section [ViewDistanceQuality@3] File [C:/Users/sfg55/Documents/Unreal Projects/FPSProject/Saved/Config/Windows/Scalability.ini]
[2020.04.17-04.48.17:727][  0]LogConfig: Setting CVar [[r.SkeletalMeshLODBias:0]]
[2020.04.17-04.48.17:727][  0]LogConfig: Setting CVar [[r.ViewDistanceScale:1.0]]
[2020.04.17-04.48.17:727][  0]LogConfig: Applying CVar settings from Section [AntiAliasingQuality@3] File [C:/Users/sfg55/Documents/Unreal Projects/FPSProject/Saved/Config/Windows/Scalability.ini]
[2020.04.17-04.48.17:727][  0]LogConfig: Setting CVar [[r.PostProcessAAQuality:4]]
[2020.04.17-04.48.17:727][  0]LogConfig: Applying CVar settings from Section [ShadowQuality@3] File [C:/Users/sfg55/Documents/Unreal Projects/FPSProject/Saved/Config/Windows/Scalability.ini]
[2020.04.17-04.48.17:727][  0]LogConfig: Setting CVar [[r.LightFunctionQuality:1]]
[2020.04.17-04.48.17:727][  0]LogConfig: Setting CVar [[r.ShadowQuality:5]]
[2020.04.17-04.48.17:727][  0]LogConfig: Setting CVar [[r.Shadow.CSM.MaxCascades:10]]
[2020.04.17-04.48.17:727][  0]LogConfig: Setting CVar [[r.Shadow.MaxResolution:2048]]
[2020.04.17-04.48.17:727][  0]LogConfig: Setting CVar [[r.Shadow.MaxCSMResolution:2048]]
[2020.04.17-04.48.17:727][  0]LogConfig: Setting CVar [[r.Shadow.RadiusThreshold:0.01]]
[2020.04.17-04.48.17:727][  0]LogConfig: Setting CVar [[r.Shadow.DistanceScale:1.0]]
[2020.04.17-04.48.17:727][  0]LogConfig: Setting CVar [[r.Shadow.CSM.TransitionScale:1.0]]
[2020.04.17-04.48.17:727][  0]LogConfig: Setting CVar [[r.Shadow.PreShadowResolutionFactor:1.0]]
[2020.04.17-04.48.17:727][  0]LogConfig: Setting CVar [[r.DistanceFieldShadowing:1]]
[2020.04.17-04.48.17:727][  0]LogConfig: Setting CVar [[r.DistanceFieldAO:1]]
[2020.04.17-04.48.17:727][  0]LogConfig: Setting CVar [[r.AOQuality:2]]
[2020.04.17-04.48.17:727][  0]LogConfig: Setting CVar [[r.VolumetricFog:1]]
[2020.04.17-04.48.17:727][  0]LogConfig: Setting CVar [[r.VolumetricFog.GridPixelSize:8]]
[2020.04.17-04.48.17:727][  0]LogConfig: Setting CVar [[r.VolumetricFog.GridSizeZ:128]]
[2020.04.17-04.48.17:727][  0]LogConfig: Setting CVar [[r.VolumetricFog.HistoryMissSupersampleCount:4]]
[2020.04.17-04.48.17:727][  0]LogConfig: Setting CVar [[r.LightMaxDrawDistanceScale:1]]
[2020.04.17-04.48.17:727][  0]LogConfig: Setting CVar [[r.CapsuleShadows:1]]
[2020.04.17-04.48.17:727][  0]LogConfig: Applying CVar settings from Section [PostProcessQuality@3] File [C:/Users/sfg55/Documents/Unreal Projects/FPSProject/Saved/Config/Windows/Scalability.ini]
[2020.04.17-04.48.17:727][  0]LogConfig: Setting CVar [[r.MotionBlurQuality:4]]
[2020.04.17-04.48.17:727][  0]LogConfig: Setting CVar [[r.AmbientOcclusionMipLevelFactor:0.4]]
[2020.04.17-04.48.17:727][  0]LogConfig: Setting CVar [[r.AmbientOcclusionMaxQuality:100]]
[2020.04.17-04.48.17:727][  0]LogConfig: Setting CVar [[r.AmbientOcclusionLevels:-1]]
[2020.04.17-04.48.17:727][  0]LogConfig: Setting CVar [[r.AmbientOcclusionRadiusScale:1.0]]
[2020.04.17-04.48.17:727][  0]LogConfig: Setting CVar [[r.DepthOfFieldQuality:2]]
[2020.04.17-04.48.17:727][  0]LogConfig: Setting CVar [[r.RenderTargetPoolMin:400]]
[2020.04.17-04.48.17:727][  0]LogConfig: Setting CVar [[r.LensFlareQuality:2]]
[2020.04.17-04.48.17:727][  0]LogConfig: Setting CVar [[r.SceneColorFringeQuality:1]]
[2020.04.17-04.48.17:727][  0]LogConfig: Setting CVar [[r.EyeAdaptationQuality:2]]
[2020.04.17-04.48.17:727][  0]LogConfig: Setting CVar [[r.BloomQuality:5]]
[2020.04.17-04.48.17:727][  0]LogConfig: Setting CVar [[r.FastBlurThreshold:100]]
[2020.04.17-04.48.17:727][  0]LogConfig: Setting CVar [[r.Upscale.Quality:3]]
[2020.04.17-04.48.17:727][  0]LogConfig: Setting CVar [[r.Tonemapper.GrainQuantization:1]]
[2020.04.17-04.48.17:727][  0]LogConfig: Setting CVar [[r.LightShaftQuality:1]]
[2020.04.17-04.48.17:727][  0]LogConfig: Setting CVar [[r.Filter.SizeScale:1]]
[2020.04.17-04.48.17:727][  0]LogConfig: Setting CVar [[r.Tonemapper.Quality:5]]
[2020.04.17-04.48.17:727][  0]LogConfig: Setting CVar [[r.DOF.Gather.AccumulatorQuality:1        ; higher gathering accumulator quality]]
[2020.04.17-04.48.17:727][  0]LogConfig: Setting CVar [[r.DOF.Gather.PostfilterMethod:1          ; Median3x3 postfilering method]]
[2020.04.17-04.48.17:727][  0]LogConfig: Setting CVar [[r.DOF.Gather.EnableBokehSettings:0       ; no bokeh simulation when gathering]]
[2020.04.17-04.48.17:727][  0]LogConfig: Setting CVar [[r.DOF.Gather.RingCount:4                 ; medium number of samples when gathering]]
[2020.04.17-04.48.17:727][  0]LogConfig: Setting CVar [[r.DOF.Scatter.ForegroundCompositing:1    ; additive foreground scattering]]
[2020.04.17-04.48.17:728][  0]LogConfig: Setting CVar [[r.DOF.Scatter.BackgroundCompositing:2    ; additive background scattering]]
[2020.04.17-04.48.17:728][  0]LogConfig: Setting CVar [[r.DOF.Scatter.EnableBokehSettings:1      ; bokeh simulation when scattering]]
[2020.04.17-04.48.17:728][  0]LogConfig: Setting CVar [[r.DOF.Scatter.MaxSpriteRatio:0.1         ; only a maximum of 10% of scattered bokeh]]
[2020.04.17-04.48.17:728][  0]LogConfig: Setting CVar [[r.DOF.Recombine.Quality:1                ; cheap slight out of focus]]
[2020.04.17-04.48.17:728][  0]LogConfig: Setting CVar [[r.DOF.Recombine.EnableBokehSettings:0    ; no bokeh simulation on slight out of focus]]
[2020.04.17-04.48.17:728][  0]LogConfig: Setting CVar [[r.DOF.TemporalAAQuality:1                ; more stable temporal accumulation]]
[2020.04.17-04.48.17:728][  0]LogConfig: Setting CVar [[r.DOF.Kernel.MaxForegroundRadius:0.025]]
[2020.04.17-04.48.17:728][  0]LogConfig: Setting CVar [[r.DOF.Kernel.MaxBackgroundRadius:0.025]]
[2020.04.17-04.48.17:728][  0]LogConfig: Applying CVar settings from Section [TextureQuality@3] File [C:/Users/sfg55/Documents/Unreal Projects/FPSProject/Saved/Config/Windows/Scalability.ini]
[2020.04.17-04.48.17:728][  0]LogConfig: Setting CVar [[r.Streaming.MipBias:0]]
[2020.04.17-04.48.17:728][  0]LogConfig: Setting CVar [[r.Streaming.AmortizeCPUToGPUCopy:0]]
[2020.04.17-04.48.17:728][  0]LogConfig: Setting CVar [[r.Streaming.MaxNumTexturesToStreamPerFrame:0]]
[2020.04.17-04.48.17:728][  0]LogConfig: Setting CVar [[r.Streaming.Boost:1]]
[2020.04.17-04.48.17:728][  0]LogConfig: Setting CVar [[r.MaxAnisotropy:8]]
[2020.04.17-04.48.17:728][  0]LogConfig: Setting CVar [[r.VT.MaxAnisotropy:8]]
[2020.04.17-04.48.17:728][  0]LogConfig: Setting CVar [[r.Streaming.LimitPoolSizeToVRAM:0]]
[2020.04.17-04.48.17:728][  0]LogConfig: Setting CVar [[r.Streaming.PoolSize:1000]]
[2020.04.17-04.48.17:728][  0]LogConfig: Setting CVar [[r.Streaming.MaxEffectiveScreenSize:0]]
[2020.04.17-04.48.17:728][  0]LogConfig: Applying CVar settings from Section [EffectsQuality@3] File [C:/Users/sfg55/Documents/Unreal Projects/FPSProject/Saved/Config/Windows/Scalability.ini]
[2020.04.17-04.48.17:728][  0]LogConfig: Setting CVar [[r.TranslucencyLightingVolumeDim:64]]
[2020.04.17-04.48.17:728][  0]LogConfig: Setting CVar [[r.RefractionQuality:2]]
[2020.04.17-04.48.17:728][  0]LogConfig: Setting CVar [[r.SSR.Quality:3]]
[2020.04.17-04.48.17:728][  0]LogConfig: Setting CVar [[r.SSR.HalfResSceneColor:0]]
[2020.04.17-04.48.17:728][  0]LogConfig: Setting CVar [[r.SceneColorFormat:4]]
[2020.04.17-04.48.17:728][  0]LogConfig: Setting CVar [[r.DetailMode:2]]
[2020.04.17-04.48.17:728][  0]LogConfig: Setting CVar [[r.TranslucencyVolumeBlur:1]]
[2020.04.17-04.48.17:728][  0]LogConfig: Setting CVar [[r.MaterialQualityLevel:1 ; High quality]]
[2020.04.17-04.48.17:728][  0]LogConfig: Setting CVar [[r.SSS.Scale:1]]
[2020.04.17-04.48.17:728][  0]LogConfig: Setting CVar [[r.SSS.SampleSet:2]]
[2020.04.17-04.48.17:728][  0]LogConfig: Setting CVar [[r.SSS.Quality:1]]
[2020.04.17-04.48.17:728][  0]LogConfig: Setting CVar [[r.SSS.HalfRes:1]]
[2020.04.17-04.48.17:728][  0]LogConfig: Setting CVar [[r.SSGI.Quality:3]]
[2020.04.17-04.48.17:728][  0]LogConfig: Setting CVar [[r.EmitterSpawnRateScale:1.0]]
[2020.04.17-04.48.17:728][  0]LogConfig: Setting CVar [[r.ParticleLightQuality:2]]
[2020.04.17-04.48.17:728][  0]LogConfig: Setting CVar [[r.SkyAtmosphere.AerialPerspectiveLUT.FastApplyOnOpaque:1 ; Always have FastSkyLUT 1 in this case to avoid wrong sky]]
[2020.04.17-04.48.17:728][  0]LogConfig: Setting CVar [[r.SkyAtmosphere.AerialPerspectiveLUT.SampleCountPerSlice:1]]
[2020.04.17-04.48.17:728][  0]LogConfig: Setting CVar [[r.SkyAtmosphere.AerialPerspectiveLUT.DepthResolution:16.0]]
[2020.04.17-04.48.17:728][  0]LogConfig: Setting CVar [[r.SkyAtmosphere.FastSkyLUT:1]]
[2020.04.17-04.48.17:728][  0]LogConfig: Setting CVar [[r.SkyAtmosphere.FastSkyLUT.SampleCountMin:4.0]]
[2020.04.17-04.48.17:728][  0]LogConfig: Setting CVar [[r.SkyAtmosphere.FastSkyLUT.SampleCountMax:32.0]]
[2020.04.17-04.48.17:728][  0]LogConfig: Setting CVar [[r.SkyAtmosphere.SampleCountMin:4.0]]
[2020.04.17-04.48.17:728][  0]LogConfig: Setting CVar [[r.SkyAtmosphere.SampleCountMax:32.0]]
[2020.04.17-04.48.17:728][  0]LogConfig: Setting CVar [[r.SkyAtmosphere.TransmittanceLUT.UseSmallFormat:0]]
[2020.04.17-04.48.17:728][  0]LogConfig: Setting CVar [[r.SkyAtmosphere.TransmittanceLUT.SampleCount:10.0]]
[2020.04.17-04.48.17:728][  0]LogConfig: Setting CVar [[r.SkyAtmosphere.MultiScatteringLUT.SampleCount:15.0]]
[2020.04.17-04.48.17:728][  0]LogConfig: Applying CVar settings from Section [FoliageQuality@3] File [C:/Users/sfg55/Documents/Unreal Projects/FPSProject/Saved/Config/Windows/Scalability.ini]
[2020.04.17-04.48.17:728][  0]LogConfig: Setting CVar [[foliage.DensityScale:1.0]]
[2020.04.17-04.48.17:728][  0]LogConfig: Setting CVar [[grass.DensityScale:1.0]]
[2020.04.17-04.48.17:728][  0]LogConfig: Applying CVar settings from Section [ShadingQuality@3] File [C:/Users/sfg55/Documents/Unreal Projects/FPSProject/Saved/Config/Windows/Scalability.ini]
[2020.04.17-04.48.17:728][  0]LogConfig: Setting CVar [[r.HairStrands.SkyLighting.SampleCount:16]]
[2020.04.17-04.48.17:728][  0]LogConfig: Setting CVar [[r.HairStrands.SkyLighting.JitterIntegration:0]]
[2020.04.17-04.48.17:728][  0]LogConfig: Setting CVar [[r.HairStrands.SkyAO.SampleCount:16]]
[2020.04.17-04.48.17:728][  0]LogInit: Selected Device Profile: [Windows]
[2020.04.17-04.48.17:728][  0]LogInit: Applying CVar settings loaded from the selected device profile: [Windows]
[2020.04.17-04.48.17:731][  0]LogHAL: Display: Platform has ~ 16 GB [17123889152 / 17179869184 / 16], which maps to Larger [LargestMinGB=32, LargerMinGB=12, DefaultMinGB=8, SmallerMinGB=6, SmallestMinGB=0)
[2020.04.17-04.48.17:731][  0]LogInit: Going up to parent DeviceProfile []
[2020.04.17-04.48.17:732][  0]LogConfig: Applying CVar settings from Section [ViewDistanceQuality@3] File [C:/Users/sfg55/Documents/Unreal Projects/FPSProject/Saved/Config/Windows/Scalability.ini]
[2020.04.17-04.48.17:732][  0]LogConfig: Setting CVar [[r.SkeletalMeshLODBias:0]]
[2020.04.17-04.48.17:732][  0]LogConfig: Setting CVar [[r.ViewDistanceScale:1.0]]
[2020.04.17-04.48.17:732][  0]LogConfig: Applying CVar settings from Section [AntiAliasingQuality@3] File [C:/Users/sfg55/Documents/Unreal Projects/FPSProject/Saved/Config/Windows/Scalability.ini]
[2020.04.17-04.48.17:732][  0]LogConfig: Setting CVar [[r.PostProcessAAQuality:4]]
[2020.04.17-04.48.17:732][  0]LogConfig: Applying CVar settings from Section [ShadowQuality@3] File [C:/Users/sfg55/Documents/Unreal Projects/FPSProject/Saved/Config/Windows/Scalability.ini]
[2020.04.17-04.48.17:732][  0]LogConfig: Setting CVar [[r.LightFunctionQuality:1]]
[2020.04.17-04.48.17:732][  0]LogConfig: Setting CVar [[r.ShadowQuality:5]]
[2020.04.17-04.48.17:732][  0]LogConfig: Setting CVar [[r.Shadow.CSM.MaxCascades:10]]
[2020.04.17-04.48.17:732][  0]LogConfig: Setting CVar [[r.Shadow.MaxResolution:2048]]
[2020.04.17-04.48.17:732][  0]LogConfig: Setting CVar [[r.Shadow.MaxCSMResolution:2048]]
[2020.04.17-04.48.17:732][  0]LogConfig: Setting CVar [[r.Shadow.RadiusThreshold:0.01]]
[2020.04.17-04.48.17:732][  0]LogConfig: Setting CVar [[r.Shadow.DistanceScale:1.0]]
[2020.04.17-04.48.17:732][  0]LogConfig: Setting CVar [[r.Shadow.CSM.TransitionScale:1.0]]
[2020.04.17-04.48.17:732][  0]LogConfig: Setting CVar [[r.Shadow.PreShadowResolutionFactor:1.0]]
[2020.04.17-04.48.17:732][  0]LogConfig: Setting CVar [[r.DistanceFieldShadowing:1]]
[2020.04.17-04.48.17:732][  0]LogConfig: Setting CVar [[r.DistanceFieldAO:1]]
[2020.04.17-04.48.17:732][  0]LogConfig: Setting CVar [[r.AOQuality:2]]
[2020.04.17-04.48.17:732][  0]LogConfig: Setting CVar [[r.VolumetricFog:1]]
[2020.04.17-04.48.17:732][  0]LogConfig: Setting CVar [[r.VolumetricFog.GridPixelSize:8]]
[2020.04.17-04.48.17:732][  0]LogConfig: Setting CVar [[r.VolumetricFog.GridSizeZ:128]]
[2020.04.17-04.48.17:732][  0]LogConfig: Setting CVar [[r.VolumetricFog.HistoryMissSupersampleCount:4]]
[2020.04.17-04.48.17:732][  0]LogConfig: Setting CVar [[r.LightMaxDrawDistanceScale:1]]
[2020.04.17-04.48.17:732][  0]LogConfig: Setting CVar [[r.CapsuleShadows:1]]
[2020.04.17-04.48.17:732][  0]LogConfig: Applying CVar settings from Section [PostProcessQuality@3] File [C:/Users/sfg55/Documents/Unreal Projects/FPSProject/Saved/Config/Windows/Scalability.ini]
[2020.04.17-04.48.17:732][  0]LogConfig: Setting CVar [[r.MotionBlurQuality:4]]
[2020.04.17-04.48.17:732][  0]LogConfig: Setting CVar [[r.AmbientOcclusionMipLevelFactor:0.4]]
[2020.04.17-04.48.17:732][  0]LogConfig: Setting CVar [[r.AmbientOcclusionMaxQuality:100]]
[2020.04.17-04.48.17:732][  0]LogConfig: Setting CVar [[r.AmbientOcclusionLevels:-1]]
[2020.04.17-04.48.17:732][  0]LogConfig: Setting CVar [[r.AmbientOcclusionRadiusScale:1.0]]
[2020.04.17-04.48.17:732][  0]LogConfig: Setting CVar [[r.DepthOfFieldQuality:2]]
[2020.04.17-04.48.17:732][  0]LogConfig: Setting CVar [[r.RenderTargetPoolMin:400]]
[2020.04.17-04.48.17:732][  0]LogConfig: Setting CVar [[r.LensFlareQuality:2]]
[2020.04.17-04.48.17:732][  0]LogConfig: Setting CVar [[r.SceneColorFringeQuality:1]]
[2020.04.17-04.48.17:732][  0]LogConfig: Setting CVar [[r.EyeAdaptationQuality:2]]
[2020.04.17-04.48.17:732][  0]LogConfig: Setting CVar [[r.BloomQuality:5]]
[2020.04.17-04.48.17:732][  0]LogConfig: Setting CVar [[r.FastBlurThreshold:100]]
[2020.04.17-04.48.17:732][  0]LogConfig: Setting CVar [[r.Upscale.Quality:3]]
[2020.04.17-04.48.17:732][  0]LogConfig: Setting CVar [[r.Tonemapper.GrainQuantization:1]]
[2020.04.17-04.48.17:732][  0]LogConfig: Setting CVar [[r.LightShaftQuality:1]]
[2020.04.17-04.48.17:732][  0]LogConfig: Setting CVar [[r.Filter.SizeScale:1]]
[2020.04.17-04.48.17:732][  0]LogConfig: Setting CVar [[r.Tonemapper.Quality:5]]
[2020.04.17-04.48.17:732][  0]LogConfig: Setting CVar [[r.DOF.Gather.AccumulatorQuality:1        ; higher gathering accumulator quality]]
[2020.04.17-04.48.17:732][  0]LogConfig: Setting CVar [[r.DOF.Gather.PostfilterMethod:1          ; Median3x3 postfilering method]]
[2020.04.17-04.48.17:732][  0]LogConfig: Setting CVar [[r.DOF.Gather.EnableBokehSettings:0       ; no bokeh simulation when gathering]]
[2020.04.17-04.48.17:732][  0]LogConfig: Setting CVar [[r.DOF.Gather.RingCount:4                 ; medium number of samples when gathering]]
[2020.04.17-04.48.17:732][  0]LogConfig: Setting CVar [[r.DOF.Scatter.ForegroundCompositing:1    ; additive foreground scattering]]
[2020.04.17-04.48.17:732][  0]LogConfig: Setting CVar [[r.DOF.Scatter.BackgroundCompositing:2    ; additive background scattering]]
[2020.04.17-04.48.17:732][  0]LogConfig: Setting CVar [[r.DOF.Scatter.EnableBokehSettings:1      ; bokeh simulation when scattering]]
[2020.04.17-04.48.17:732][  0]LogConfig: Setting CVar [[r.DOF.Scatter.MaxSpriteRatio:0.1         ; only a maximum of 10% of scattered bokeh]]
[2020.04.17-04.48.17:732][  0]LogConfig: Setting CVar [[r.DOF.Recombine.Quality:1                ; cheap slight out of focus]]
[2020.04.17-04.48.17:732][  0]LogConfig: Setting CVar [[r.DOF.Recombine.EnableBokehSettings:0    ; no bokeh simulation on slight out of focus]]
[2020.04.17-04.48.17:732][  0]LogConfig: Setting CVar [[r.DOF.TemporalAAQuality:1                ; more stable temporal accumulation]]
[2020.04.17-04.48.17:732][  0]LogConfig: Setting CVar [[r.DOF.Kernel.MaxForegroundRadius:0.025]]
[2020.04.17-04.48.17:732][  0]LogConfig: Setting CVar [[r.DOF.Kernel.MaxBackgroundRadius:0.025]]
[2020.04.17-04.48.17:732][  0]LogConfig: Applying CVar settings from Section [TextureQuality@3] File [C:/Users/sfg55/Documents/Unreal Projects/FPSProject/Saved/Config/Windows/Scalability.ini]
[2020.04.17-04.48.17:732][  0]LogConfig: Setting CVar [[r.Streaming.MipBias:0]]
[2020.04.17-04.48.17:732][  0]LogConfig: Setting CVar [[r.Streaming.AmortizeCPUToGPUCopy:0]]
[2020.04.17-04.48.17:732][  0]LogConfig: Setting CVar [[r.Streaming.MaxNumTexturesToStreamPerFrame:0]]
[2020.04.17-04.48.17:732][  0]LogConfig: Setting CVar [[r.Streaming.Boost:1]]
[2020.04.17-04.48.17:732][  0]LogConfig: Setting CVar [[r.MaxAnisotropy:8]]
[2020.04.17-04.48.17:732][  0]LogConfig: Setting CVar [[r.VT.MaxAnisotropy:8]]
[2020.04.17-04.48.17:732][  0]LogConfig: Setting CVar [[r.Streaming.LimitPoolSizeToVRAM:0]]
[2020.04.17-04.48.17:732][  0]LogConfig: Setting CVar [[r.Streaming.PoolSize:1000]]
[2020.04.17-04.48.17:732][  0]LogConfig: Setting CVar [[r.Streaming.MaxEffectiveScreenSize:0]]
[2020.04.17-04.48.17:732][  0]LogConfig: Applying CVar settings from Section [EffectsQuality@3] File [C:/Users/sfg55/Documents/Unreal Projects/FPSProject/Saved/Config/Windows/Scalability.ini]
[2020.04.17-04.48.17:732][  0]LogConfig: Setting CVar [[r.TranslucencyLightingVolumeDim:64]]
[2020.04.17-04.48.17:733][  0]LogConfig: Setting CVar [[r.RefractionQuality:2]]
[2020.04.17-04.48.17:733][  0]LogConfig: Setting CVar [[r.SSR.Quality:3]]
[2020.04.17-04.48.17:733][  0]LogConfig: Setting CVar [[r.SSR.HalfResSceneColor:0]]
[2020.04.17-04.48.17:733][  0]LogConfig: Setting CVar [[r.SceneColorFormat:4]]
[2020.04.17-04.48.17:733][  0]LogConfig: Setting CVar [[r.DetailMode:2]]
[2020.04.17-04.48.17:733][  0]LogConfig: Setting CVar [[r.TranslucencyVolumeBlur:1]]
[2020.04.17-04.48.17:733][  0]LogConfig: Setting CVar [[r.MaterialQualityLevel:1 ; High quality]]
[2020.04.17-04.48.17:733][  0]LogConfig: Setting CVar [[r.SSS.Scale:1]]
[2020.04.17-04.48.17:733][  0]LogConfig: Setting CVar [[r.SSS.SampleSet:2]]
[2020.04.17-04.48.17:733][  0]LogConfig: Setting CVar [[r.SSS.Quality:1]]
[2020.04.17-04.48.17:733][  0]LogConfig: Setting CVar [[r.SSS.HalfRes:1]]
[2020.04.17-04.48.17:733][  0]LogConfig: Setting CVar [[r.SSGI.Quality:3]]
[2020.04.17-04.48.17:733][  0]LogConfig: Setting CVar [[r.EmitterSpawnRateScale:1.0]]
[2020.04.17-04.48.17:733][  0]LogConfig: Setting CVar [[r.ParticleLightQuality:2]]
[2020.04.17-04.48.17:733][  0]LogConfig: Setting CVar [[r.SkyAtmosphere.AerialPerspectiveLUT.FastApplyOnOpaque:1 ; Always have FastSkyLUT 1 in this case to avoid wrong sky]]
[2020.04.17-04.48.17:733][  0]LogConfig: Setting CVar [[r.SkyAtmosphere.AerialPerspectiveLUT.SampleCountPerSlice:1]]
[2020.04.17-04.48.17:733][  0]LogConfig: Setting CVar [[r.SkyAtmosphere.AerialPerspectiveLUT.DepthResolution:16.0]]
[2020.04.17-04.48.17:733][  0]LogConfig: Setting CVar [[r.SkyAtmosphere.FastSkyLUT:1]]
[2020.04.17-04.48.17:733][  0]LogConfig: Setting CVar [[r.SkyAtmosphere.FastSkyLUT.SampleCountMin:4.0]]
[2020.04.17-04.48.17:733][  0]LogConfig: Setting CVar [[r.SkyAtmosphere.FastSkyLUT.SampleCountMax:32.0]]
[2020.04.17-04.48.17:733][  0]LogConfig: Setting CVar [[r.SkyAtmosphere.SampleCountMin:4.0]]
[2020.04.17-04.48.17:733][  0]LogConfig: Setting CVar [[r.SkyAtmosphere.SampleCountMax:32.0]]
[2020.04.17-04.48.17:733][  0]LogConfig: Setting CVar [[r.SkyAtmosphere.TransmittanceLUT.UseSmallFormat:0]]
[2020.04.17-04.48.17:733][  0]LogConfig: Setting CVar [[r.SkyAtmosphere.TransmittanceLUT.SampleCount:10.0]]
[2020.04.17-04.48.17:733][  0]LogConfig: Setting CVar [[r.SkyAtmosphere.MultiScatteringLUT.SampleCount:15.0]]
[2020.04.17-04.48.17:733][  0]LogConfig: Applying CVar settings from Section [FoliageQuality@3] File [C:/Users/sfg55/Documents/Unreal Projects/FPSProject/Saved/Config/Windows/Scalability.ini]
[2020.04.17-04.48.17:733][  0]LogConfig: Setting CVar [[foliage.DensityScale:1.0]]
[2020.04.17-04.48.17:733][  0]LogConfig: Setting CVar [[grass.DensityScale:1.0]]
[2020.04.17-04.48.17:733][  0]LogConfig: Applying CVar settings from Section [ShadingQuality@3] File [C:/Users/sfg55/Documents/Unreal Projects/FPSProject/Saved/Config/Windows/Scalability.ini]
[2020.04.17-04.48.17:733][  0]LogConfig: Setting CVar [[r.HairStrands.SkyLighting.SampleCount:16]]
[2020.04.17-04.48.17:733][  0]LogConfig: Setting CVar [[r.HairStrands.SkyLighting.JitterIntegration:0]]
[2020.04.17-04.48.17:733][  0]LogConfig: Setting CVar [[r.HairStrands.SkyAO.SampleCount:16]]
[2020.04.17-04.48.17:733][  0]LogConfig: Applying CVar settings from Section [Startup] File [../../../Engine/Config/ConsoleVariables.ini]
[2020.04.17-04.48.17:733][  0]LogConfig: Setting CVar [[net.UseAdaptiveNetUpdateFrequency:0]]
[2020.04.17-04.48.17:733][  0]LogConfig: Setting CVar [[p.chaos.AllowCreatePhysxBodies:1]]
[2020.04.17-04.48.17:733][  0]LogConfig: Applying CVar settings from Section [ConsoleVariables] File [C:/Users/sfg55/Documents/Unreal Projects/FPSProject/Saved/Config/Windows/Engine.ini]
[2020.04.17-04.48.17:733][  0]LogInit: Computer: KOTTONKANDY
[2020.04.17-04.48.17:733][  0]LogInit: User: sfg55
[2020.04.17-04.48.17:733][  0]LogInit: CPU Page size=4096, Cores=8
[2020.04.17-04.48.17:733][  0]LogInit: High frequency timer resolution =10.000000 MHz
[2020.04.17-04.48.17:734][  0]LogMemory: Memory total: Physical=15.9GB (16GB approx)
[2020.04.17-04.48.17:734][  0]LogMemory: Platform Memory Stats for Windows
[2020.04.17-04.48.17:734][  0]LogMemory: Process Physical Memory: 107.23 MB used, 107.23 MB peak
[2020.04.17-04.48.17:734][  0]LogMemory: Process Virtual Memory: 102.56 MB used, 102.56 MB peak
[2020.04.17-04.48.17:734][  0]LogMemory: Physical Memory: 5674.41 MB used,  10656.21 MB free, 16330.61 MB total
[2020.04.17-04.48.17:734][  0]LogMemory: Virtual Memory: 5179.54 MB used,  134212552.00 MB free, 134217728.00 MB total
[2020.04.17-04.48.17:736][  0]LogWindows: WindowsPlatformFeatures enabled
[2020.04.17-04.48.17:760][  0]LogInit: Using OS detected language (en-US).
[2020.04.17-04.48.17:760][  0]LogInit: Using OS detected locale (en-US).
[2020.04.17-04.48.17:761][  0]LogTextLocalizationManager: No specific localization for 'en-US' exists, so the 'en' localization will be used.
[2020.04.17-04.48.17:910][  0]LogInit: Setting process to per monitor DPI aware
[2020.04.17-04.48.17:949][  0]LogSlate: New Slate User Created.  User Index 0, Is Virtual User: 0
[2020.04.17-04.48.17:949][  0]LogSlate: Slate User Registered.  User Index 0, Is Virtual User: 0
[2020.04.17-04.48.18:110][  0]LogHMD: Failed to initialize OpenVR with code 110
[2020.04.17-04.48.18:110][  0]LogD3D11RHI: D3D11 min allowed feature level: 11_0
[2020.04.17-04.48.18:110][  0]LogD3D11RHI: D3D11 max allowed feature level: 11_0
[2020.04.17-04.48.18:110][  0]LogD3D11RHI: D3D11 adapters:
[2020.04.17-04.48.18:204][  0]LogD3D11RHI:    0. 'NVIDIA GeForce RTX 2070' (Feature Level 11_0)
[2020.04.17-04.48.18:204][  0]LogD3D11RHI:       8031/0/8165 MB DedicatedVideo/DedicatedSystem/SharedSystem, Outputs:2, VendorId:0x10de
[2020.04.17-04.48.18:207][  0]LogD3D11RHI:    1. 'Microsoft Basic Render Driver' (Feature Level 11_0)
[2020.04.17-04.48.18:207][  0]LogD3D11RHI:       0/0/8165 MB DedicatedVideo/DedicatedSystem/SharedSystem, Outputs:0, VendorId:0x1414
[2020.04.17-04.48.18:207][  0]LogD3D11RHI: Chosen D3D11 Adapter: 0
[2020.04.17-04.48.18:216][  0]LogD3D11RHI: Creating new Direct3DDevice
[2020.04.17-04.48.18:216][  0]LogD3D11RHI:     GPU DeviceId: 0x1f07 (for the marketing name, search the web for "GPU Device Id")
[2020.04.17-04.48.18:216][  0]LogWindows: EnumDisplayDevices:
[2020.04.17-04.48.18:216][  0]LogWindows:    0. 'NVIDIA GeForce RTX 2070' (P:1 D:1)
[2020.04.17-04.48.18:216][  0]LogWindows:    1. 'NVIDIA GeForce RTX 2070' (P:0 D:1)
[2020.04.17-04.48.18:216][  0]LogWindows:    2. 'NVIDIA GeForce RTX 2070' (P:0 D:0)
[2020.04.17-04.48.18:217][  0]LogWindows:    3. 'NVIDIA GeForce RTX 2070' (P:0 D:0)
[2020.04.17-04.48.18:217][  0]LogWindows: DebugString: FoundDriverCount:4 
[2020.04.17-04.48.18:217][  0]LogD3D11RHI:     Adapter Name: NVIDIA GeForce RTX 2070
[2020.04.17-04.48.18:217][  0]LogD3D11RHI:   Driver Version: 445.87 (internal:26.21.14.4587, unified:445.87)
[2020.04.17-04.48.18:217][  0]LogD3D11RHI:      Driver Date: 4-3-2020
[2020.04.17-04.48.18:217][  0]LogRHI: Texture pool is 5621 MB (70% of 8031 MB)
[2020.04.17-04.48.18:275][  0]LogD3D11RHI: RHI has support for 64 bit atomics
[2020.04.17-04.48.18:275][  0]LogD3D11RHI: Async texture creation enabled
[2020.04.17-04.48.18:310][  0]LogD3D11RHI: GPU Timing Frequency: 1000.000000 (Debug: 2 2)
[2020.04.17-04.48.18:571][  0]LogTargetPlatformManager: Display: Loaded TargetPlatform 'AllDesktop'
[2020.04.17-04.48.18:605][  0]LogTargetPlatformManager: Display: Loaded TargetPlatform 'Android'
[2020.04.17-04.48.18:605][  0]LogTargetPlatformManager: Display: Loaded TargetPlatform 'Android_ASTC'
[2020.04.17-04.48.18:605][  0]LogTargetPlatformManager: Display: Loaded TargetPlatform 'Android_ATC'
[2020.04.17-04.48.18:605][  0]LogTargetPlatformManager: Display: Loaded TargetPlatform 'Android_DXT'
[2020.04.17-04.48.18:605][  0]LogTargetPlatformManager: Display: Loaded TargetPlatform 'Android_ETC1'
[2020.04.17-04.48.18:605][  0]LogTargetPlatformManager: Display: Loaded TargetPlatform 'Android_ETC1a'
[2020.04.17-04.48.18:605][  0]LogTargetPlatformManager: Display: Loaded TargetPlatform 'Android_ETC2'
[2020.04.17-04.48.18:605][  0]LogTargetPlatformManager: Display: Loaded TargetPlatform 'Android_PVRTC'
[2020.04.17-04.48.18:605][  0]LogTargetPlatformManager: Display: Loaded TargetPlatform 'AndroidClient'
[2020.04.17-04.48.18:605][  0]LogTargetPlatformManager: Display: Loaded TargetPlatform 'Android_ASTCClient'
[2020.04.17-04.48.18:605][  0]LogTargetPlatformManager: Display: Loaded TargetPlatform 'Android_ATCClient'
[2020.04.17-04.48.18:605][  0]LogTargetPlatformManager: Display: Loaded TargetPlatform 'Android_DXTClient'
[2020.04.17-04.48.18:605][  0]LogTargetPlatformManager: Display: Loaded TargetPlatform 'Android_ETC1Client'
[2020.04.17-04.48.18:605][  0]LogTargetPlatformManager: Display: Loaded TargetPlatform 'Android_ETC1aClient'
[2020.04.17-04.48.18:605][  0]LogTargetPlatformManager: Display: Loaded TargetPlatform 'Android_ETC2Client'
[2020.04.17-04.48.18:605][  0]LogTargetPlatformManager: Display: Loaded TargetPlatform 'Android_PVRTCClient'
[2020.04.17-04.48.18:605][  0]LogTargetPlatformManager: Display: Loaded TargetPlatform 'Android_Multi'
[2020.04.17-04.48.18:605][  0]LogTargetPlatformManager: Display: Loaded TargetPlatform 'Android_MultiClient'
[2020.04.17-04.48.18:626][  0]LogTargetPlatformManager: Display: Loaded TargetPlatform 'IOSClient'
[2020.04.17-04.48.18:626][  0]LogTargetPlatformManager: Display: Loaded TargetPlatform 'IOS'
[2020.04.17-04.48.18:634][  0]LogTargetPlatformManager: Display: Loaded TargetPlatform 'LinuxNoEditor'
[2020.04.17-04.48.18:642][  0]LogTargetPlatformManager: Display: Loaded TargetPlatform 'LinuxClient'
[2020.04.17-04.48.18:650][  0]LogTargetPlatformManager: Display: Loaded TargetPlatform 'LinuxServer'
[2020.04.17-04.48.18:658][  0]LogTargetPlatformManager: Display: Loaded TargetPlatform 'LinuxAArch64NoEditor'
[2020.04.17-04.48.18:666][  0]LogTargetPlatformManager: Display: Loaded TargetPlatform 'LinuxAArch64Client'
[2020.04.17-04.48.18:674][  0]LogTargetPlatformManager: Display: Loaded TargetPlatform 'LinuxAArch64Server'
[2020.04.17-04.48.18:701][  0]LogTargetPlatformManager: Display: Loaded TargetPlatform 'Lumin'
[2020.04.17-04.48.18:701][  0]LogTargetPlatformManager: Display: Loaded TargetPlatform 'LuminClient'
[2020.04.17-04.48.18:717][  0]LogTargetPlatformManager: Display: Loaded TargetPlatform 'TVOSClient'
[2020.04.17-04.48.18:717][  0]LogTargetPlatformManager: Display: Loaded TargetPlatform 'TVOS'
[2020.04.17-04.48.18:725][  0]LogTargetPlatformManager: Display: Loaded TargetPlatform 'WindowsNoEditor'
[2020.04.17-04.48.18:734][  0]LogTargetPlatformManager: Display: Loaded TargetPlatform 'Windows'
[2020.04.17-04.48.18:742][  0]LogTargetPlatformManager: Display: Loaded TargetPlatform 'WindowsClient'
[2020.04.17-04.48.18:750][  0]LogTargetPlatformManager: Display: Loaded TargetPlatform 'WindowsServer'
[2020.04.17-04.48.18:750][  0]LogTargetPlatformManager: Display: Building Assets For Windows
[2020.04.17-04.48.18:754][  0]LogAudioDebug: Display: Lib vorbis DLL was dynamically loaded.
[2020.04.17-04.48.18:781][  0]LogShaderCompilers: Guid format shader working directory is -21 characters bigger than the processId version (../../../../../../Users/sfg55/Documents/Unreal Projects/FPSProject/Intermediate/Shaders/WorkingDirectory/10296/).
[2020.04.17-04.48.18:781][  0]LogShaderCompilers: Cleaned the shader compiler working directory 'C:/Users/sfg55/AppData/Local/Temp/UnrealShaderWorkingDir/7657A32D4363EDDDCD0D5A9461ACE918/'.
[2020.04.17-04.48.18:781][  0]LogXGEController: Cleaning working directory: C:/Users/sfg55/AppData/Local/Temp/UnrealXGEWorkingDir/
[2020.04.17-04.48.18:782][  0]LogXGEController: Cannot use XGE Controller as Incredibuild is not installed on this machine.
[2020.04.17-04.48.18:782][  0]LogShaderCompilers: Cannot use XGE Shader Compiler as Incredibuild is not installed on this machine.
[2020.04.17-04.48.18:782][  0]LogShaderCompilers: Display: Using Local Shader Compiler.
[2020.04.17-04.48.19:463][  0]LogDerivedDataCache: Display: Max Cache Size: 512 MB
[2020.04.17-04.48.19:508][  0]LogDerivedDataCache: Loaded boot cache 0.04s 78MB C:/Users/sfg55/AppData/Local/UnrealEngine/4.24/DerivedDataCache/Boot.ddc.
[2020.04.17-04.48.19:508][  0]LogDerivedDataCache: Display: Loaded Boot cache: C:/Users/sfg55/AppData/Local/UnrealEngine/4.24/DerivedDataCache/Boot.ddc
[2020.04.17-04.48.19:508][  0]LogDerivedDataCache: FDerivedDataBackendGraph:  Pak pak cache file ../../../../../../Users/sfg55/Documents/Unreal Projects/FPSProject/DerivedDataCache/DDC.ddp not found, will not use a pak cache.
[2020.04.17-04.48.19:508][  0]LogDerivedDataCache: Unable to find inner node Pak for hierarchical cache Hierarchy.
[2020.04.17-04.48.19:508][  0]LogDerivedDataCache: FDerivedDataBackendGraph:  CompressedPak pak cache file ../../../../../../Users/sfg55/Documents/Unreal Projects/FPSProject/DerivedDataCache/Compressed.ddp not found, will not use a pak cache.
[2020.04.17-04.48.19:508][  0]LogDerivedDataCache: Unable to find inner node CompressedPak for hierarchical cache Hierarchy.
[2020.04.17-04.48.19:518][  0]LogDerivedDataCache: Display: Pak cache opened for reading ../../../Engine/DerivedDataCache/Compressed.ddp.
[2020.04.17-04.48.19:518][  0]LogDerivedDataCache: FDerivedDataBackendGraph:  EnterprisePak pak cache file ../../../Enterprise/DerivedDataCache/Compressed.ddp not found, will not use a pak cache.
[2020.04.17-04.48.19:518][  0]LogDerivedDataCache: Unable to find inner node EnterprisePak for hierarchical cache Hierarchy.
[2020.04.17-04.48.19:519][  0]LogDerivedDataCache: Using Local data cache path C:/Users/sfg55/AppData/Local/UnrealEngine/Common/DerivedDataCache: Writable
[2020.04.17-04.48.19:520][  0]LogDerivedDataCache: Shared data cache path not found in *engine.ini, will not use an Shared cache.
[2020.04.17-04.48.19:520][  0]LogDerivedDataCache: Unable to find inner node Shared for hierarchical cache Hierarchy.
[2020.04.17-04.48.19:544][  0]LogMaterial: Verifying Global Shaders for PCD3D_SM5
[2020.04.17-04.48.19:547][  0]LogSlate: Using FreeType 2.10.0
[2020.04.17-04.48.19:548][  0]LogSlate: SlateFontServices - WITH_FREETYPE: 1, WITH_HARFBUZZ: 1
[2020.04.17-04.48.19:601][  0]LogAssetRegistry: FAssetRegistry took 0.0025 seconds to start up
[2020.04.17-04.48.19:888][  0]LogInit: Selected Device Profile: [Windows]
[2020.04.17-04.48.20:038][  0]LogMeshReduction: Using QuadricMeshReduction for automatic static mesh reduction
[2020.04.17-04.48.20:038][  0]LogMeshReduction: Using SimplygonMeshReduction for automatic skeletal mesh reduction
[2020.04.17-04.48.20:038][  0]LogMeshReduction: Using ProxyLODMeshReduction for automatic mesh merging
[2020.04.17-04.48.20:038][  0]LogMeshReduction: No distributed automatic mesh merging module available
[2020.04.17-04.48.20:038][  0]LogMeshMerging: No distributed automatic mesh merging module available
[2020.04.17-04.48.20:052][  0]LogNetVersion: FPSProject 1.0.0, NetCL: 10570792, EngineNetVer: 13, GameNetVer: 0 (Checksum: 1921956453)
[2020.04.17-04.48.21:091][  0]LogPackageLocalizationCache: Processed 10 localized package path(s) for 1 prioritized culture(s) in 0.052622 seconds
[2020.04.17-04.48.21:099][  0]LogUObjectArray: 46750 objects as part of root set at end of initial load.
[2020.04.17-04.48.21:099][  0]LogUObjectAllocator: 8137160 out of 0 bytes used by permanent object pool.
[2020.04.17-04.48.21:099][  0]LogUObjectArray: CloseDisregardForGC: 0/0 objects in disregard for GC pool
[2020.04.17-04.48.21:518][  0]LogTcpMessaging: Initializing TcpMessaging bridge
[2020.04.17-04.48.21:521][  0]LogUdpMessaging: Initializing bridge on interface 0.0.0.0:0 to multicast group 230.0.0.1:6666.
[2020.04.17-04.48.21:745][  0]LogStats: FPlatformStackWalk::StackWalkAndDump -  0.191 s
[2020.04.17-04.48.21:745][  0]LogOutputDevice: Error: === Handled ensure: ===
[2020.04.17-04.48.21:745][  0]LogOutputDevice: Error: 
[2020.04.17-04.48.21:745][  0]LogOutputDevice: Error: Ensure condition failed: this->IsBound() [File:C:\Program Files\Epic Games\UE_4.24\Engine\Source\Runtime\Core\Public\Delegates/DelegateSignatureImpl.inl] [Line: 1132]
[2020.04.17-04.48.21:745][  0]LogOutputDevice: Error: Unable to bind delegate to 'OnHit' (function might not be marked as a UFUNCTION or object may be pending kill)
[2020.04.17-04.48.21:745][  0]LogOutputDevice: Error: Stack: 
[2020.04.17-04.48.21:745][  0]LogOutputDevice: Error: [Callstack] 0x00007fff1ad0a2b1 UE4Editor-FPSProject-6630.dll!DispatchCheckVerify<bool,<lambda_b5e02914a70b773e34a885ddb83c66b0> >() [c:\program files\epic games\ue_4.24\engine\source\runtime\core\public\misc\assertionmacros.h:167]
[2020.04.17-04.48.21:745][  0]LogOutputDevice: Error: [Callstack] 0x00007fff1ad05716 UE4Editor-FPSProject-6630.dll!AFPSProjectile::AFPSProjectile() [c:\users\sfg55\documents\unreal projects\fpsproject\source\fpsproject\fpsprojectile.cpp:15]
[2020.04.17-04.48.21:745][  0]LogOutputDevice: Error: [Callstack] 0x00007fff377c191a UE4Editor-CoreUObject.dll!UnknownFunction []
[2020.04.17-04.48.21:745][  0]LogOutputDevice: Error: [Callstack] 0x00007fff37a51ddf UE4Editor-CoreUObject.dll!UnknownFunction []
[2020.04.17-04.48.21:745][  0]LogOutputDevice: Error: [Callstack] 0x00007fff37a3119f UE4Editor-CoreUObject.dll!UnknownFunction []
[2020.04.17-04.48.21:745][  0]LogOutputDevice: Error: [Callstack] 0x00007fff379657b5 UE4Editor-CoreUObject.dll!UnknownFunction []
[2020.04.17-04.48.21:745][  0]LogOutputDevice: Error: [Callstack] 0x00007fff3801c487 UE4Editor-Core.dll!UnknownFunction []
[2020.04.17-04.48.21:745][  0]LogOutputDevice: Error: [Callstack] 0x00007fff3803aa1b UE4Editor-Core.dll!UnknownFunction []
[2020.04.17-04.48.21:745][  0]LogOutputDevice: Error: [Callstack] 0x00007fff7639af37 UE4Editor-Projects.dll!UnknownFunction []
[2020.04.17-04.48.21:745][  0]LogOutputDevice: Error: [Callstack] 0x00007fff7639b229 UE4Editor-Projects.dll!UnknownFunction []
[2020.04.17-04.48.21:745][  0]LogOutputDevice: Error: [Callstack] 0x00007ff7ad83f671 UE4Editor.exe!UnknownFunction []
[2020.04.17-04.48.21:745][  0]LogOutputDevice: Error: [Callstack] 0x00007ff7ad84204b UE4Editor.exe!UnknownFunction []
[2020.04.17-04.48.21:745][  0]LogOutputDevice: Error: [Callstack] 0x00007ff7ad83c17c UE4Editor.exe!UnknownFunction []
[2020.04.17-04.48.21:745][  0]LogOutputDevice: Error: [Callstack] 0x00007ff7ad83c4ca UE4Editor.exe!UnknownFunction []
[2020.04.17-04.48.21:745][  0]LogOutputDevice: Error: [Callstack] 0x00007ff7ad84ceae UE4Editor.exe!UnknownFunction []
[2020.04.17-04.48.21:745][  0]LogOutputDevice: Error: [Callstack] 0x00007ff7ad84fcbe UE4Editor.exe!UnknownFunction []
[2020.04.17-04.48.21:745][  0]LogOutputDevice: Error: [Callstack] 0x00007fff8fdc7bd4 KERNEL32.DLL!UnknownFunction []
[2020.04.17-04.48.21:745][  0]LogOutputDevice: Error: [Callstack] 0x00007fff907cce51 ntdll.dll!UnknownFunction []
[2020.04.17-04.48.21:745][  0]LogOutputDevice: Error: 
[2020.04.17-04.48.21:755][  0]LogStats:                SubmitErrorReport -  0.000 s
[2020.04.17-04.48.22:637][  0]LogStats:                    SendNewReport -  0.882 s
[2020.04.17-04.48.22:637][  0]LogStats:             FDebug::EnsureFailed -  1.083 s
[2020.04.17-04.48.22:666][  0]SourceControl: Source control is disabled
[2020.04.17-04.48.22:666][  0]SourceControl: Source control is disabled
[2020.04.17-04.48.22:667][  0]SourceControl: Source control is disabled
[2020.04.17-04.48.22:668][  0]SourceControl: Source control is disabled
[2020.04.17-04.48.22:669][  0]SourceControl: Source control is disabled
[2020.04.17-04.48.22:768][  0]LogAndroidPermission: UAndroidPermissionCallbackProxy::GetInstance
[2020.04.17-04.48.22:781][  0]LogAudioCaptureCore: Display: No Audio Capture implementations found. Audio input will be silent.
[2020.04.17-04.48.22:781][  0]LogAudioCaptureCore: Display: No Audio Capture implementations found. Audio input will be silent.
[2020.04.17-04.48.22:873][  0]LogOcInput: OculusInput pre-init called
[2020.04.17-04.48.22:882][  0]LogWindows: Failed to load 'OVRPlugin.dll' (GetLastError=126)
[2020.04.17-04.48.22:882][  0]LogWindows: File 'OVRPlugin.dll' does not exist
[2020.04.17-04.48.22:952][  0]LogEngine: Initializing Engine...
[2020.04.17-04.48.22:953][  0]LogHMD: Failed to initialize OpenVR with code 110
[2020.04.17-04.48.22:954][  0]LogStats: UGameplayTagsManager::InitializeManager -  0.000 s
[2020.04.17-04.48.23:284][  0]LogInit: Initializing FReadOnlyCVARCache
[2020.04.17-04.48.23:293][  0]LogAIModule: Creating AISystem for world Untitled
[2020.04.17-04.48.23:299][  0]LogAudioMixer: Display: Audio Mixer Platform Settings:
[2020.04.17-04.48.23:299][  0]LogAudioMixer: Display: 	Sample Rate:						  48000
[2020.04.17-04.48.23:299][  0]LogAudioMixer: Display: 	Callback Buffer Frame Size Requested: 1024
[2020.04.17-04.48.23:299][  0]LogAudioMixer: Display: 	Callback Buffer Frame Size To Use:	  1024
[2020.04.17-04.48.23:299][  0]LogAudioMixer: Display: 	Number of buffers to queue:			  2
[2020.04.17-04.48.23:299][  0]LogAudioMixer: Display: 	Max Channels (voices):				  32
[2020.04.17-04.48.23:299][  0]LogAudioMixer: Display: 	Number of Async Source Workers:		  0
[2020.04.17-04.48.23:299][  0]LogAudio: Display: AudioDevice MaxSources: 32
[2020.04.17-04.48.23:300][  0]LogAudio: Display: Using built-in audio occlusion.
[2020.04.17-04.48.23:300][  0]LogAudioMixer: Display: Initializing audio mixer.
[2020.04.17-04.48.23:326][  0]LogAudioMixer: Display: Audio Device Output Speaker Info:
[2020.04.17-04.48.23:326][  0]LogAudioMixer: Display: Name: C32JG5x (2- NVIDIA High Definition Audio)
[2020.04.17-04.48.23:326][  0]LogAudioMixer: Display: Is Default: Yes
[2020.04.17-04.48.23:326][  0]LogAudioMixer: Display: Sample Rate: 48000
[2020.04.17-04.48.23:326][  0]LogAudioMixer: Display: Channel Count Used: 2
[2020.04.17-04.48.23:326][  0]LogAudioMixer: Display: Device Channel Count: 2
[2020.04.17-04.48.23:326][  0]LogAudioMixer: Display: Channel Order:
[2020.04.17-04.48.23:326][  0]LogAudioMixer: Display: 0: FrontLeft
[2020.04.17-04.48.23:326][  0]LogAudioMixer: Display: 1: FrontRight
[2020.04.17-04.48.23:355][  0]LogAudioMixer: Display: Using Audio Device C32JG5x (2- NVIDIA High Definition Audio)
[2020.04.17-04.48.23:359][  0]LogInit: FAudioDevice initialized.
[2020.04.17-04.48.23:359][  0]LogNetVersion: Set ProjectVersion to 1.0.0.0. Version Checksum will be recalculated on next use.
[2020.04.17-04.48.23:418][  0]LogDerivedDataCache: Saved boot cache 0.06s 78MB C:/Users/sfg55/AppData/Local/UnrealEngine/4.24/DerivedDataCache/Boot.ddc.
[2020.04.17-04.48.23:419][  0]LogInit: Texture streaming: Enabled
[2020.04.17-04.48.23:432][  0]LogEngineSessionManager: EngineSessionManager initialized
[2020.04.17-04.48.23:432][  0]LogEngineSessionManager: EngineSessionManager sent abnormal shutdown report. Type=Crashed, SessionId={7B7474DF-407E-F6E6-26D7-8AA7A0E003D9}
[2020.04.17-04.48.23:432][  0]LogEditorSessionSummary: Verbose: Initializing EditorSessionSummaryWriter for editor session tracking
[2020.04.17-04.48.23:436][  0]LogEditorSessionSummary: EditorSessionSummaryWriter initialized
[2020.04.17-04.48.23:503][  0]LogInit: Transaction tracking system initialized
[2020.04.17-04.48.23:515][  0]BlueprintLog: New page: Editor Load
[2020.04.17-04.48.23:548][  0]LocalizationService: Localization service is disabled
[2020.04.17-04.48.23:845][  0]LogFileCache: Scanning file cache for directory 'C:/Users/sfg55/Documents/Unreal Projects/FPSProject/Content/' took 0.00s
[2020.04.17-04.48.23:845][  0]LogCook: Display: Max memory allowance for cook 16384mb min free memory 0mb
[2020.04.17-04.48.23:845][  0]LogCook: Display: Mobile HDR setting 1
[2020.04.17-04.48.24:518][  0]SourceControl: Source control is disabled
[2020.04.17-04.48.24:518][  0]Cmd: MAP LOAD FILE="../../../../../../Users/sfg55/Documents/Unreal Projects/FPSProject/Content/Maps/FPSMap.umap" TEMPLATE=0 SHOWPROGRESS=1 FEATURELEVEL=3
[2020.04.17-04.48.24:519][  0]LightingResults: New page: Lighting Build
[2020.04.17-04.48.24:520][  0]LogWorld: UWorld::CleanupWorld for Untitled, bSessionEnded=true, bCleanupResources=true
[2020.04.17-04.48.24:520][  0]LogSlate: InvalidateAllWidgets triggered.  All widgets were invalidated
[2020.04.17-04.48.24:520][  0]MapCheck: New page: Map Check
[2020.04.17-04.48.24:520][  0]LightingResults: New page: Lighting Build
[2020.04.17-04.48.24:560][  0]LogUObjectHash: Compacting FUObjectHashTables data took   1.97ms
[2020.04.17-04.48.24:642][  0]LogAIModule: Creating AISystem for world FPSMap
[2020.04.17-04.48.24:646][  0]LogEditorServer: Finished looking for orphan Actors (0.000 secs)
[2020.04.17-04.48.24:686][  0]LogUObjectHash: Compacting FUObjectHashTables data took   2.13ms
[2020.04.17-04.48.24:686][  0]Cmd: MAP CHECKDEP NOCLEARLOG
[2020.04.17-04.48.24:687][  0]MapCheck: Map check complete: 0 Error(s), 0 Warning(s), took 0.214ms to complete.
[2020.04.17-04.48.24:687][  0]LogFileHelpers: Loading map 'FPSMap' took 0.168
[2020.04.17-04.48.24:821][  0]LogSlate: Updating window title bar state: overlay mode, drag disabled, window buttons hidden, title bar hidden
[2020.04.17-04.48.24:828][  0]LogSlate: Updating window title bar state: overlay mode, drag disabled, window buttons hidden, title bar hidden
[2020.04.17-04.48.24:835][  0]LogSlate: Updating window title bar state: overlay mode, drag disabled, window buttons hidden, title bar hidden
[2020.04.17-04.48.24:843][  0]LogSlate: Updating window title bar state: overlay mode, drag disabled, window buttons hidden, title bar hidden
[2020.04.17-04.48.24:850][  0]LogCollectionManager: Loaded 0 collections in 0.002282 seconds
[2020.04.17-04.48.24:864][  0]LogFileCache: Scanning file cache for directory 'C:/Users/sfg55/Documents/Unreal Projects/FPSProject/Saved/Collections/' took 0.00s
[2020.04.17-04.48.24:864][  0]LogFileCache: Scanning file cache for directory 'C:/Users/sfg55/Documents/Unreal Projects/FPSProject/Content/Developers/sfg55/Collections/' took 0.00s
[2020.04.17-04.48.24:864][  0]LogFileCache: Scanning file cache for directory 'C:/Users/sfg55/Documents/Unreal Projects/FPSProject/Content/Collections/' took 0.00s
[2020.04.17-04.48.24:864][  0]LogContentBrowser: Native class hierarchy populated in 0.0099 seconds. Added 3019 classes and 719 folders.
[2020.04.17-04.48.24:867][  0]LogContentBrowser: Native class hierarchy updated for 'WidgetCarousel' in 0.0004 seconds. Added 0 classes and 0 folders.
[2020.04.17-04.48.24:936][  0]LogContentBrowser: Native class hierarchy updated for 'AddContentDialog' in 0.0004 seconds. Added 0 classes and 0 folders.
[2020.04.17-04.48.24:939][  0]LogContentBrowser: Native class hierarchy updated for 'SceneOutliner' in 0.0005 seconds. Added 2 classes and 3 folders.
[2020.04.17-04.48.24:970][  0]LogSlate: Took 0.000180 seconds to synchronously load lazily loaded font '../../../Engine/Content/Slate/Fonts/Roboto-Regular.ttf' (155K)
[2020.04.17-04.48.24:972][  0]LogSlate: Took 0.000188 seconds to synchronously load lazily loaded font '../../../Engine/Content/Slate/Fonts/Roboto-Bold.ttf' (160K)
[2020.04.17-04.48.24:977][  0]LogSlate: Took 0.000207 seconds to synchronously load lazily loaded font '../../../Engine/Content/Editor/Slate/Fonts/FontAwesome.ttf' (139K)
[2020.04.17-04.48.25:046][  0]LogRenderer: Reallocating scene render targets to support 1424x808 Format 10 NumSamples 1 (Frame:1).
[2020.04.17-04.48.25:122][  0]LogContentBrowser: Native class hierarchy updated for 'HierarchicalLODOutliner' in 0.0004 seconds. Added 0 classes and 0 folders.
[2020.04.17-04.48.25:122][  0]LogLoad: (Engine Initialization) Total time: 9.39 seconds
[2020.04.17-04.48.25:122][  0]LogLoad: (Engine Initialization) Total Blueprint compile time: 0.00 seconds
[2020.04.17-04.48.25:165][  0]LogAssetRegistry: Asset discovery search completed in 5.5645 seconds
[2020.04.17-04.48.25:168][  0]LogCollectionManager: Fixed up redirectors for 0 collections in 0.000008 seconds (updated 0 objects)
[2020.04.17-04.48.25:169][  0]LogContentStreaming: Texture pool size now 1000 MB
[2020.04.17-04.48.26:148][109]LogSlate: Took 0.000244 seconds to synchronously load lazily loaded font '../../../Engine/Content/Slate/Fonts/Roboto-Light.ttf' (167K)
[2020.04.17-04.48.29:372][464]LogAssetEditorSubsystem: Opening Asset editor for AnimBlueprint /Game/Animations/Arms_AnimBP.Arms_AnimBP
[2020.04.17-04.48.29:396][464]LogContentBrowser: Native class hierarchy updated for 'SkeletonEditor' in 0.0005 seconds. Added 1 classes and 2 folders.
[2020.04.17-04.48.29:544][464]LogActorComponent: RegisterComponentWithWorld: (/Engine/Transient.World_1:PersistentLevel.AnimationEditorPreviewActor_0.DebugSkelMeshComponent_0) Already registered. Aborting.
[2020.04.17-04.48.29:546][464]LogContentBrowser: Native class hierarchy updated for 'PinnedCommandList' in 0.0004 seconds. Added 1 classes and 0 folders.
[2020.04.17-04.48.29:703][464]LogContentBrowser: Native class hierarchy updated for 'BlueprintGraph' in 0.0007 seconds. Added 121 classes and 0 folders.
[2020.04.17-04.48.30:450][464]LogSkeletalMesh: USkeletalMeshComponent::InitArticulated : Bodies already created (/Engine/Transient.World_1:PersistentLevel.AnimationEditorPreviewActor_0.DebugSkelMeshComponent_0) - call TermArticulated first.
[2020.04.17-04.48.30:672][464]LogBlueprint: Error: [Compiler Stupid] Play FPP_Idle  references sequence that uses different skeleton  HeroFPP_Skeleton
[2020.04.17-04.48.30:672][464]LogBlueprint: Error: [Compiler Stupid] Play FPP_JumpStart  references sequence that uses different skeleton  HeroFPP_Skeleton
[2020.04.17-04.48.30:672][464]LogBlueprint: Error: [Compiler Stupid] Play FPP_JumpEnd  references sequence that uses different skeleton  HeroFPP_Skeleton
[2020.04.17-04.48.30:673][464]LogBlueprint: Error: [Compiler Stupid] Play FPP_JumpLoop  references sequence that uses different skeleton  HeroFPP_Skeleton
[2020.04.17-04.48.30:673][464]LogBlueprint: Error: [Compiler Stupid] Play FPP_Run  references sequence that uses different skeleton  HeroFPP_Skeleton
[2020.04.17-04.48.30:674][464]LogBlueprint: Error: [Compiler Stupid] Missing allocated node for AnimGraphNode_SequencePlayer_0 while searching for node links - likely due to the node having outstanding errors.
[2020.04.17-04.48.30:674][464]LogBlueprint: Error: [Compiler Stupid] Missing allocated node for AnimGraphNode_SequencePlayer_0 while searching for node links - likely due to the node having outstanding errors.
[2020.04.17-04.48.30:674][464]LogBlueprint: Error: [Compiler Stupid] Missing allocated node for AnimGraphNode_SequencePlayer_0 while searching for node links - likely due to the node having outstanding errors.
[2020.04.17-04.48.30:675][464]LogBlueprint: Error: [Compiler Stupid] Missing allocated node for AnimGraphNode_SequencePlayer_0 while searching for node links - likely due to the node having outstanding errors.
[2020.04.17-04.48.30:675][464]LogBlueprint: Error: [Compiler Stupid] Missing allocated node for AnimGraphNode_SequencePlayer_0 while searching for node links - likely due to the node having outstanding errors.
[2020.04.17-04.48.30:697][464]LogAssetEditorSubsystem: Opening Asset editor for AnimBlueprint /Game/Animations/Stupid.Stupid
[2020.04.17-04.48.30:795][464]LogActorComponent: RegisterComponentWithWorld: (/Engine/Transient.World_4:PersistentLevel.AnimationEditorPreviewActor_0.DebugSkelMeshComponent_0) Already registered. Aborting.
[2020.04.17-04.48.31:066][464]LogSkeletalMesh: USkeletalMeshComponent::InitArticulated : Bodies already created (/Engine/Transient.World_4:PersistentLevel.AnimationEditorPreviewActor_0.DebugSkelMeshComponent_0) - call TermArticulated first.
[2020.04.17-04.48.31:384][464]LogSlate: Took 0.000268 seconds to synchronously load lazily loaded font '../../../Engine/Content/Slate/Fonts/Roboto-BoldCondensed.ttf' (158K)
[2020.04.17-04.48.50:619][273]LogSlate: Took 0.000259 seconds to synchronously load lazily loaded font '../../../Engine/Content/Slate/Fonts/Roboto-Italic.ttf' (157K)
[2020.04.17-04.49.49:322][470]LogOutputDevice: Warning: 

Script Stack (0 frames):

[2020.04.17-04.49.49:323][470]LogWindows: Windows GetLastError: The operation completed successfully. (0)
[2020.04.17-04.49.50:666][470]LogWindows: Error: === Critical error: ===
[2020.04.17-04.49.50:666][470]LogWindows: Error: 
[2020.04.17-04.49.50:666][470]LogWindows: Error: Assertion failed: DuplicatedGraph [File:D:/Build/++UE4/Sync/Engine/Source/Editor/Kismet/Private/SMyBlueprint.cpp] [Line: 2808] 
[2020.04.17-04.49.50:666][470]LogWindows: Error: 
[2020.04.17-04.49.50:666][470]LogWindows: Error: 
[2020.04.17-04.49.50:666][470]LogWindows: Error: 
[2020.04.17-04.49.50:666][470]LogWindows: Error: [Callstack] 0x00007fff8da0a799 KERNELBASE.dll!UnknownFunction []
[2020.04.17-04.49.50:666][470]LogWindows: Error: [Callstack] 0x00007fff3822a7b6 UE4Editor-Core.dll!UnknownFunction []
[2020.04.17-04.49.50:666][470]LogWindows: Error: [Callstack] 0x00007fff3822dc58 UE4Editor-Core.dll!UnknownFunction []
[2020.04.17-04.49.50:666][470]LogWindows: Error: [Callstack] 0x00007fff37fe2c7d UE4Editor-Core.dll!UnknownFunction []
[2020.04.17-04.49.50:666][470]LogWindows: Error: [Callstack] 0x00007fff37f6fd43 UE4Editor-Core.dll!UnknownFunction []
[2020.04.17-04.49.50:666][470]LogWindows: Error: [Callstack] 0x00007fff37f720c0 UE4Editor-Core.dll!UnknownFunction []
[2020.04.17-04.49.50:666][470]LogWindows: Error: [Callstack] 0x00007fff2b26a76c UE4Editor-Kismet.dll!UnknownFunction []
[2020.04.17-04.49.50:666][470]LogWindows: Error: [Callstack] 0x00007fff2b22c798 UE4Editor-Kismet.dll!UnknownFunction []
[2020.04.17-04.49.50:666][470]LogWindows: Error: [Callstack] 0x00007fff342b6c6a UE4Editor-Slate.dll!UnknownFunction []
[2020.04.17-04.49.50:666][470]LogWindows: Error: [Callstack] 0x00007fff343925be UE4Editor-Slate.dll!UnknownFunction []
[2020.04.17-04.49.50:667][470]LogWindows: Error: [Callstack] 0x00007fff34398430 UE4Editor-Slate.dll!UnknownFunction []
[2020.04.17-04.49.50:667][470]LogWindows: Error: [Callstack] 0x00007fff34371b84 UE4Editor-Slate.dll!UnknownFunction []
[2020.04.17-04.49.50:667][470]LogWindows: Error: [Callstack] 0x00007fff34401498 UE4Editor-Slate.dll!UnknownFunction []
[2020.04.17-04.49.50:667][470]LogWindows: Error: [Callstack] 0x00007fff34419281 UE4Editor-Slate.dll!UnknownFunction []
[2020.04.17-04.49.50:667][470]LogWindows: Error: [Callstack] 0x00007fff34399b95 UE4Editor-Slate.dll!UnknownFunction []
[2020.04.17-04.49.50:667][470]LogWindows: Error: [Callstack] 0x00007fff3427323f UE4Editor-Slate.dll!UnknownFunction []
[2020.04.17-04.49.50:667][470]LogWindows: Error: [Callstack] 0x00007fff342f9175 UE4Editor-Slate.dll!UnknownFunction []
[2020.04.17-04.49.50:667][470]LogWindows: Error: [Callstack] 0x00007fff342e413e UE4Editor-Slate.dll!UnknownFunction []
[2020.04.17-04.49.50:667][470]LogWindows: Error: [Callstack] 0x00007fff342d8f67 UE4Editor-Slate.dll!UnknownFunction []
[2020.04.17-04.49.50:667][470]LogWindows: Error: [Callstack] 0x00007fff70f14ca1 UE4Editor-ApplicationCore.dll!UnknownFunction []
[2020.04.17-04.49.50:667][470]LogWindows: Error: [Callstack] 0x00007fff70f0242f UE4Editor-ApplicationCore.dll!UnknownFunction []
[2020.04.17-04.49.50:667][470]LogWindows: Error: [Callstack] 0x00007fff70f17195 UE4Editor-ApplicationCore.dll!UnknownFunction []
[2020.04.17-04.49.50:667][470]LogWindows: Error: [Callstack] 0x00007fff70efec40 UE4Editor-ApplicationCore.dll!UnknownFunction []
[2020.04.17-04.49.50:667][470]LogWindows: Error: [Callstack] 0x00007fff8ff65c0d USER32.dll!UnknownFunction []
[2020.04.17-04.49.50:667][470]LogWindows: Error: [Callstack] 0x00007fff8ff65602 USER32.dll!UnknownFunction []
[2020.04.17-04.49.50:667][470]LogWindows: Error: [Callstack] 0x00007fff70f18699 UE4Editor-ApplicationCore.dll!UnknownFunction []
[2020.04.17-04.49.50:667][470]LogWindows: Error: [Callstack] 0x00007ff7ad826db0 UE4Editor.exe!UnknownFunction []
[2020.04.17-04.49.50:667][470]LogWindows: Error: [Callstack] 0x00007ff7ad83c3ec UE4Editor.exe!UnknownFunction []
[2020.04.17-04.49.50:667][470]LogWindows: Error: [Callstack] 0x00007ff7ad83c4ca UE4Editor.exe!UnknownFunction []
[2020.04.17-04.49.50:667][470]LogWindows: Error: [Callstack] 0x00007ff7ad84ceae UE4Editor.exe!UnknownFunction []
[2020.04.17-04.49.50:667][470]LogWindows: Error: [Callstack] 0x00007ff7ad84fcbe UE4Editor.exe!UnknownFunction []
[2020.04.17-04.49.50:667][470]LogWindows: Error: [Callstack] 0x00007fff8fdc7bd4 KERNEL32.DLL!UnknownFunction []
[2020.04.17-04.49.50:667][470]LogWindows: Error: [Callstack] 0x00007fff907cce51 ntdll.dll!UnknownFunction []
[2020.04.17-04.49.50:667][470]LogWindows: Error: 
[2020.04.17-04.49.50:680][470]LogExit: Executing StaticShutdownAfterError
[2020.04.17-04.49.50:683][470]LogWindows: FPlatformMisc::RequestExit(1)
[2020.04.17-04.49.50:683][470]LogCore: Engine exit requested (reason: Win RequestExit)
[2020.04.17-04.49.50:691][470]Log file closed, 04/16/20 21:49:50
